<?xml version="1.0" encoding="UTF-8"?>
<coverage generated="1782904801767" clover="3.2.0">
  <project timestamp="1782904801767" name="All files">
    <metrics statements="37" coveredstatements="37" conditionals="10" coveredconditionals="9" methods="8" coveredmethods="8" elements="55" coveredelements="54" complexity="0" loc="37" ncloc="37" packages="1" files="2" classes="2"/>
    <file name="Results.jsx" path="/Users/christophercross/Desktop/MAKERS ACADEMY/Modules/JavaScript/Project3-week-12/LooBreak/frontend/src/components/Results.jsx">
      <metrics statements="6" coveredstatements="6" conditionals="0" coveredconditionals="0" methods="2" coveredmethods="2"/>
      <line num="3" count="1" type="stmt"/>
      <line num="18" count="4" type="stmt"/>
      <line num="19" count="4" type="stmt"/>
      <line num="21" count="4" type="stmt"/>
      <line num="22" count="2" type="stmt"/>
      <line num="25" count="4" type="stmt"/>
    </file>
    <file name="ResultsForm.jsx" path="/Users/christophercross/Desktop/MAKERS ACADEMY/Modules/JavaScript/Project3-week-12/LooBreak/frontend/src/components/ResultsForm.jsx">
      <metrics statements="31" coveredstatements="31" conditionals="10" coveredconditionals="9" methods="6" coveredmethods="6"/>
      <line num="6" count="54" type="stmt"/>
      <line num="7" count="54" type="stmt"/>
      <line num="8" count="54" type="stmt"/>
      <line num="12" count="54" type="stmt"/>
      <line num="13" count="54" type="stmt"/>
      <line num="14" count="1" type="stmt"/>
      <line num="36" count="1" type="stmt"/>
      <line num="50" count="1" type="stmt"/>
      <line num="51" count="1" type="stmt"/>
      <line num="52" count="1" type="stmt"/>
      <line num="53" count="1" type="stmt"/>
      <line num="56" count="54" type="stmt"/>
      <line num="57" count="40" type="stmt"/>
      <line num="58" count="40" type="stmt"/>
      <line num="62" count="5" type="stmt"/>
      <line num="63" count="5" type="stmt"/>
      <line num="64" count="5" type="stmt"/>
      <line num="65" count="5" type="cond" truecount="2" falsecount="0"/>
      <line num="66" count="1" type="stmt"/>
      <line num="67" count="5" type="cond" truecount="2" falsecount="0"/>
      <line num="68" count="1" type="stmt"/>
      <line num="70" count="5" type="cond" truecount="1" falsecount="1"/>
      <line num="71" count="5" type="cond" truecount="2" falsecount="0"/>
      <line num="72" count="2" type="stmt"/>
      <line num="73" count="2" type="stmt"/>
      <line num="76" count="3" type="stmt"/>
      <line num="77" count="3" type="stmt"/>
      <line num="82" count="2" type="stmt"/>
      <line num="84" count="1" type="stmt"/>
      <line num="85" count="1" type="stmt"/>
      <line num="89" count="54" type="stmt"/>
    </file>
  </project>
</coverage>
