<?xml version="1.0" encoding="UTF-8"?>
<coverage generated="1783071287049" clover="3.2.0">
  <project timestamp="1783071287049" name="All files">
    <metrics statements="369" coveredstatements="314" conditionals="195" coveredconditionals="148" methods="127" coveredmethods="100" elements="691" coveredelements="562" complexity="0" loc="369" ncloc="369" packages="9" files="51" classes="51"/>
    <package name="assets">
      <metrics statements="0" coveredstatements="0" conditionals="0" coveredconditionals="0" methods="0" coveredmethods="0"/>
      <file name="loobreak-correct.svg" path="/Users/chardi/Documents/Projects/javascript/LooBreak/frontend/src/assets/loobreak-correct.svg">
        <metrics statements="0" coveredstatements="0" conditionals="0" coveredconditionals="0" methods="0" coveredmethods="0"/>
      </file>
      <file name="loobreak-flush-long.svg" path="/Users/chardi/Documents/Projects/javascript/LooBreak/frontend/src/assets/loobreak-flush-long.svg">
        <metrics statements="0" coveredstatements="0" conditionals="0" coveredconditionals="0" methods="0" coveredmethods="0"/>
      </file>
      <file name="loobreak-flush-tall.svg" path="/Users/chardi/Documents/Projects/javascript/LooBreak/frontend/src/assets/loobreak-flush-tall.svg">
        <metrics statements="0" coveredstatements="0" conditionals="0" coveredconditionals="0" methods="0" coveredmethods="0"/>
      </file>
      <file name="loobreak-incorrect.svg" path="/Users/chardi/Documents/Projects/javascript/LooBreak/frontend/src/assets/loobreak-incorrect.svg">
        <metrics statements="0" coveredstatements="0" conditionals="0" coveredconditionals="0" methods="0" coveredmethods="0"/>
      </file>
      <file name="loobreak-logo.svg" path="/Users/chardi/Documents/Projects/javascript/LooBreak/frontend/src/assets/loobreak-logo.svg">
        <metrics statements="0" coveredstatements="0" conditionals="0" coveredconditionals="0" methods="0" coveredmethods="0"/>
      </file>
      <file name="loobreak-medal-1.svg" path="/Users/chardi/Documents/Projects/javascript/LooBreak/frontend/src/assets/loobreak-medal-1.svg">
        <metrics statements="0" coveredstatements="0" conditionals="0" coveredconditionals="0" methods="0" coveredmethods="0"/>
      </file>
      <file name="loobreak-medal-2.svg" path="/Users/chardi/Documents/Projects/javascript/LooBreak/frontend/src/assets/loobreak-medal-2.svg">
        <metrics statements="0" coveredstatements="0" conditionals="0" coveredconditionals="0" methods="0" coveredmethods="0"/>
      </file>
      <file name="loobreak-medal-3.svg" path="/Users/chardi/Documents/Projects/javascript/LooBreak/frontend/src/assets/loobreak-medal-3.svg">
        <metrics statements="0" coveredstatements="0" conditionals="0" coveredconditionals="0" methods="0" coveredmethods="0"/>
      </file>
      <file name="loobreak-number-1.svg" path="/Users/chardi/Documents/Projects/javascript/LooBreak/frontend/src/assets/loobreak-number-1.svg">
        <metrics statements="0" coveredstatements="0" conditionals="0" coveredconditionals="0" methods="0" coveredmethods="0"/>
      </file>
      <file name="loobreak-number-10.svg" path="/Users/chardi/Documents/Projects/javascript/LooBreak/frontend/src/assets/loobreak-number-10.svg">
        <metrics statements="0" coveredstatements="0" conditionals="0" coveredconditionals="0" methods="0" coveredmethods="0"/>
      </file>
      <file name="loobreak-number-2.svg" path="/Users/chardi/Documents/Projects/javascript/LooBreak/frontend/src/assets/loobreak-number-2.svg">
        <metrics statements="0" coveredstatements="0" conditionals="0" coveredconditionals="0" methods="0" coveredmethods="0"/>
      </file>
      <file name="loobreak-number-3.svg" path="/Users/chardi/Documents/Projects/javascript/LooBreak/frontend/src/assets/loobreak-number-3.svg">
        <metrics statements="0" coveredstatements="0" conditionals="0" coveredconditionals="0" methods="0" coveredmethods="0"/>
      </file>
      <file name="loobreak-number-4.svg" path="/Users/chardi/Documents/Projects/javascript/LooBreak/frontend/src/assets/loobreak-number-4.svg">
        <metrics statements="0" coveredstatements="0" conditionals="0" coveredconditionals="0" methods="0" coveredmethods="0"/>
      </file>
      <file name="loobreak-number-5.svg" path="/Users/chardi/Documents/Projects/javascript/LooBreak/frontend/src/assets/loobreak-number-5.svg">
        <metrics statements="0" coveredstatements="0" conditionals="0" coveredconditionals="0" methods="0" coveredmethods="0"/>
      </file>
      <file name="loobreak-number-6.svg" path="/Users/chardi/Documents/Projects/javascript/LooBreak/frontend/src/assets/loobreak-number-6.svg">
        <metrics statements="0" coveredstatements="0" conditionals="0" coveredconditionals="0" methods="0" coveredmethods="0"/>
      </file>
      <file name="loobreak-number-7.svg" path="/Users/chardi/Documents/Projects/javascript/LooBreak/frontend/src/assets/loobreak-number-7.svg">
        <metrics statements="0" coveredstatements="0" conditionals="0" coveredconditionals="0" methods="0" coveredmethods="0"/>
      </file>
      <file name="loobreak-number-8.svg" path="/Users/chardi/Documents/Projects/javascript/LooBreak/frontend/src/assets/loobreak-number-8.svg">
        <metrics statements="0" coveredstatements="0" conditionals="0" coveredconditionals="0" methods="0" coveredmethods="0"/>
      </file>
      <file name="loobreak-number-9.svg" path="/Users/chardi/Documents/Projects/javascript/LooBreak/frontend/src/assets/loobreak-number-9.svg">
        <metrics statements="0" coveredstatements="0" conditionals="0" coveredconditionals="0" methods="0" coveredmethods="0"/>
      </file>
    </package>
    <package name="components">
      <metrics statements="171" coveredstatements="153" conditionals="103" coveredconditionals="75" methods="53" coveredmethods="45"/>
      <file name="Footer.jsx" path="/Users/chardi/Documents/Projects/javascript/LooBreak/frontend/src/components/Footer.jsx">
        <metrics statements="24" coveredstatements="21" conditionals="18" coveredconditionals="14" methods="8" coveredmethods="6"/>
        <line num="10" count="5" type="stmt"/>
        <line num="13" count="24" type="stmt"/>
        <line num="14" count="24" type="stmt"/>
        <line num="15" count="24" type="stmt"/>
        <line num="17" count="24" type="stmt"/>
        <line num="18" count="18" type="stmt"/>
        <line num="19" count="5" type="stmt"/>
        <line num="20" count="4" type="stmt"/>
        <line num="23" count="24" type="stmt"/>
        <line num="24" count="1" type="cond" truecount="3" falsecount="1"/>
        <line num="25" count="1" type="stmt"/>
        <line num="26" count="1" type="stmt"/>
        <line num="30" count="1" type="stmt"/>
        <line num="32" count="0" type="stmt"/>
        <line num="33" count="0" type="stmt"/>
        <line num="35" count="1" type="stmt"/>
        <line num="38" count="1" type="cond" truecount="1" falsecount="1"/>
        <line num="39" count="1" type="stmt"/>
        <line num="40" count="1" type="stmt"/>
        <line num="45" count="24" type="stmt"/>
        <line num="46" count="0" type="cond" truecount="0" falsecount="2"/>
        <line num="49" count="24" type="stmt"/>
        <line num="59" count="24" type="cond" truecount="2" falsecount="0"/>
        <line num="61" count="24" type="stmt"/>
      </file>
      <file name="Footer.module.css" path="/Users/chardi/Documents/Projects/javascript/LooBreak/frontend/src/components/Footer.module.css">
        <metrics statements="0" coveredstatements="0" conditionals="0" coveredconditionals="0" methods="0" coveredmethods="0"/>
      </file>
      <file name="Icebreaker.jsx" path="/Users/chardi/Documents/Projects/javascript/LooBreak/frontend/src/components/Icebreaker.jsx">
        <metrics statements="27" coveredstatements="20" conditionals="17" coveredconditionals="10" methods="9" coveredmethods="7"/>
        <line num="1" count="1" type="stmt"/>
        <line num="17" count="4" type="stmt"/>
        <line num="18" count="4" type="stmt"/>
        <line num="19" count="4" type="stmt"/>
        <line num="20" count="4" type="stmt"/>
        <line num="22" count="4" type="stmt"/>
        <line num="23" count="1" type="stmt"/>
        <line num="24" count="1" type="stmt"/>
        <line num="25" count="1" type="stmt"/>
        <line num="26" count="1" type="stmt"/>
        <line num="27" count="0" type="stmt"/>
        <line num="29" count="0" type="stmt"/>
        <line num="30" count="0" type="stmt"/>
        <line num="32" count="0" type="stmt"/>
        <line num="36" count="4" type="stmt"/>
        <line num="37" count="3" type="cond" truecount="2" falsecount="0"/>
        <line num="38" count="1" type="stmt"/>
        <line num="39" count="1" type="stmt"/>
        <line num="40" count="1" type="stmt"/>
        <line num="42" count="1" type="stmt"/>
        <line num="45" count="4" type="stmt"/>
        <line num="49" count="1" type="stmt"/>
        <line num="50" count="1" type="cond" truecount="1" falsecount="1"/>
        <line num="71" count="1" type="stmt"/>
        <line num="95" count="0" type="stmt"/>
        <line num="101" count="0" type="cond" truecount="0" falsecount="4"/>
        <line num="102" count="0" type="stmt"/>
      </file>
      <file name="Leaderboard.jsx" path="/Users/chardi/Documents/Projects/javascript/LooBreak/frontend/src/components/Leaderboard.jsx">
        <metrics statements="20" coveredstatements="20" conditionals="10" coveredconditionals="10" methods="6" coveredmethods="6"/>
        <line num="17" count="3" type="stmt"/>
        <line num="18" count="3" type="stmt"/>
        <line num="21" count="3" type="stmt"/>
        <line num="29" count="45" type="stmt"/>
        <line num="45" count="14" type="stmt"/>
        <line num="46" count="14" type="stmt"/>
        <line num="47" count="14" type="stmt"/>
        <line num="48" count="14" type="stmt"/>
        <line num="50" count="14" type="stmt"/>
        <line num="51" count="9" type="stmt"/>
        <line num="52" count="9" type="stmt"/>
        <line num="53" count="9" type="stmt"/>
        <line num="54" count="4" type="stmt"/>
        <line num="55" count="4" type="stmt"/>
        <line num="56" count="4" type="stmt"/>
        <line num="58" count="1" type="stmt"/>
        <line num="60" count="5" type="stmt"/>
        <line num="63" count="9" type="stmt"/>
        <line num="66" count="14" type="stmt"/>
        <line num="97" count="16" type="stmt"/>
      </file>
      <file name="MiniLeaderBoard.jsx" path="/Users/chardi/Documents/Projects/javascript/LooBreak/frontend/src/components/MiniLeaderBoard.jsx">
        <metrics statements="20" coveredstatements="20" conditionals="8" coveredconditionals="6" methods="6" coveredmethods="6"/>
        <line num="17" count="3" type="stmt"/>
        <line num="18" count="3" type="stmt"/>
        <line num="21" count="3" type="stmt"/>
        <line num="29" count="54" type="stmt"/>
        <line num="42" count="34" type="stmt"/>
        <line num="43" count="34" type="stmt"/>
        <line num="44" count="34" type="stmt"/>
        <line num="45" count="34" type="stmt"/>
        <line num="47" count="34" type="stmt"/>
        <line num="48" count="18" type="stmt"/>
        <line num="49" count="18" type="stmt"/>
        <line num="50" count="18" type="stmt"/>
        <line num="51" count="4" type="stmt"/>
        <line num="52" count="4" type="stmt"/>
        <line num="53" count="4" type="stmt"/>
        <line num="55" count="12" type="stmt"/>
        <line num="57" count="16" type="stmt"/>
        <line num="60" count="18" type="stmt"/>
        <line num="63" count="34" type="stmt"/>
        <line num="90" count="12" type="stmt"/>
      </file>
      <file name="NavBar.jsx" path="/Users/chardi/Documents/Projects/javascript/LooBreak/frontend/src/components/NavBar.jsx">
        <metrics statements="4" coveredstatements="4" conditionals="6" coveredconditionals="4" methods="2" coveredmethods="2"/>
        <line num="10" count="5" type="stmt"/>
        <line num="11" count="189" type="stmt"/>
        <line num="19" count="60" type="stmt"/>
        <line num="21" count="60" type="stmt"/>
      </file>
      <file name="PageLayout.jsx" path="/Users/chardi/Documents/Projects/javascript/LooBreak/frontend/src/components/PageLayout.jsx">
        <metrics statements="1" coveredstatements="1" conditionals="3" coveredconditionals="3" methods="1" coveredmethods="1"/>
        <line num="10" count="53" type="stmt"/>
      </file>
      <file name="Results.jsx" path="/Users/chardi/Documents/Projects/javascript/LooBreak/frontend/src/components/Results.jsx">
        <metrics statements="5" coveredstatements="5" conditionals="0" coveredconditionals="0" methods="2" coveredmethods="2"/>
        <line num="5" count="3" type="stmt"/>
        <line num="20" count="6" type="stmt"/>
        <line num="22" count="6" type="stmt"/>
        <line num="23" count="3" type="stmt"/>
        <line num="26" count="6" type="stmt"/>
      </file>
      <file name="ResultsForm.jsx" path="/Users/chardi/Documents/Projects/javascript/LooBreak/frontend/src/components/ResultsForm.jsx">
        <metrics statements="34" coveredstatements="33" conditionals="14" coveredconditionals="12" methods="6" coveredmethods="6"/>
        <line num="10" count="55" type="stmt"/>
        <line num="11" count="55" type="stmt"/>
        <line num="12" count="55" type="stmt"/>
        <line num="16" count="55" type="stmt"/>
        <line num="17" count="55" type="stmt"/>
        <line num="18" count="1" type="stmt"/>
        <line num="40" count="1" type="stmt"/>
        <line num="54" count="1" type="stmt"/>
        <line num="55" count="1" type="stmt"/>
        <line num="56" count="1" type="stmt"/>
        <line num="57" count="1" type="stmt"/>
        <line num="60" count="55" type="stmt"/>
        <line num="61" count="40" type="stmt"/>
        <line num="62" count="40" type="stmt"/>
        <line num="66" count="5" type="stmt"/>
        <line num="67" count="5" type="stmt"/>
        <line num="68" count="5" type="stmt"/>
        <line num="69" count="5" type="cond" truecount="2" falsecount="0"/>
        <line num="70" count="1" type="stmt"/>
        <line num="71" count="5" type="cond" truecount="2" falsecount="0"/>
        <line num="72" count="1" type="stmt"/>
        <line num="74" count="5" type="cond" truecount="1" falsecount="1"/>
        <line num="75" count="0" type="stmt"/>
        <line num="77" count="5" type="cond" truecount="1" falsecount="1"/>
        <line num="78" count="5" type="cond" truecount="2" falsecount="0"/>
        <line num="79" count="2" type="stmt"/>
        <line num="80" count="2" type="stmt"/>
        <line num="83" count="3" type="stmt"/>
        <line num="84" count="3" type="stmt"/>
        <line num="89" count="2" type="stmt"/>
        <line num="90" count="2" type="stmt"/>
        <line num="92" count="1" type="stmt"/>
        <line num="93" count="1" type="stmt"/>
        <line num="97" count="55" type="stmt"/>
      </file>
      <file name="ScoreBadge.jsx" path="/Users/chardi/Documents/Projects/javascript/LooBreak/frontend/src/components/ScoreBadge.jsx">
        <metrics statements="9" coveredstatements="8" conditionals="10" coveredconditionals="6" methods="4" coveredmethods="3"/>
        <line num="8" count="3" type="stmt"/>
        <line num="9" count="3" type="stmt"/>
        <line num="10" count="3" type="stmt"/>
        <line num="12" count="3" type="stmt"/>
        <line num="13" count="1" type="stmt"/>
        <line num="15" count="0" type="stmt"/>
        <line num="16" count="1" type="stmt"/>
        <line num="19" count="3" type="stmt"/>
        <line num="21" count="3" type="stmt"/>
      </file>
      <file name="icebreaker.jsx" path="/Users/chardi/Documents/Projects/javascript/LooBreak/frontend/src/components/icebreaker.jsx">
        <metrics statements="27" coveredstatements="21" conditionals="17" coveredconditionals="10" methods="9" coveredmethods="6"/>
        <line num="1" count="2" type="stmt"/>
        <line num="17" count="13" type="stmt"/>
        <line num="18" count="13" type="stmt"/>
        <line num="19" count="13" type="stmt"/>
        <line num="20" count="13" type="stmt"/>
        <line num="22" count="13" type="stmt"/>
        <line num="23" count="1" type="stmt"/>
        <line num="24" count="1" type="stmt"/>
        <line num="25" count="1" type="stmt"/>
        <line num="26" count="1" type="stmt"/>
        <line num="27" count="0" type="stmt"/>
        <line num="29" count="1" type="stmt"/>
        <line num="30" count="1" type="stmt"/>
        <line num="32" count="1" type="stmt"/>
        <line num="36" count="13" type="stmt"/>
        <line num="37" count="13" type="cond" truecount="2" falsecount="0"/>
        <line num="38" count="1" type="stmt"/>
        <line num="39" count="0" type="stmt"/>
        <line num="40" count="0" type="stmt"/>
        <line num="42" count="1" type="stmt"/>
        <line num="45" count="13" type="stmt"/>
        <line num="49" count="1" type="stmt"/>
        <line num="50" count="1" type="cond" truecount="1" falsecount="1"/>
        <line num="71" count="1" type="stmt"/>
        <line num="95" count="0" type="stmt"/>
        <line num="101" count="0" type="cond" truecount="0" falsecount="4"/>
        <line num="102" count="0" type="stmt"/>
      </file>
    </package>
    <package name="components.ui">
      <metrics statements="56" coveredstatements="40" conditionals="18" coveredconditionals="12" methods="42" coveredmethods="26"/>
      <file name="badge.jsx" path="/Users/chardi/Documents/Projects/javascript/LooBreak/frontend/src/components/ui/badge.jsx">
        <metrics statements="3" coveredstatements="3" conditionals="4" coveredconditionals="3" methods="1" coveredmethods="1"/>
        <line num="7" count="2" type="stmt"/>
        <line num="30" count="3" type="cond" truecount="1" falsecount="1"/>
        <line num="32" count="3" type="stmt"/>
      </file>
      <file name="button.jsx" path="/Users/chardi/Documents/Projects/javascript/LooBreak/frontend/src/components/ui/button.jsx">
        <metrics statements="5" coveredstatements="5" conditionals="5" coveredconditionals="4" methods="1" coveredmethods="1"/>
        <line num="7" count="5" type="stmt"/>
        <line num="41" count="5" type="stmt"/>
        <line num="52" count="280" type="cond" truecount="1" falsecount="1"/>
        <line num="54" count="280" type="stmt"/>
        <line num="67" count="5" type="stmt"/>
      </file>
      <file name="card.jsx" path="/Users/chardi/Documents/Projects/javascript/LooBreak/frontend/src/components/ui/card.jsx">
        <metrics statements="7" coveredstatements="3" conditionals="0" coveredconditionals="0" methods="7" coveredmethods="3"/>
        <line num="6" count="60" type="stmt"/>
        <line num="19" count="6" type="stmt"/>
        <line num="32" count="0" type="stmt"/>
        <line num="42" count="0" type="stmt"/>
        <line num="52" count="0" type="stmt"/>
        <line num="65" count="60" type="stmt"/>
        <line num="75" count="0" type="stmt"/>
      </file>
      <file name="drawer.jsx" path="/Users/chardi/Documents/Projects/javascript/LooBreak/frontend/src/components/ui/drawer.jsx">
        <metrics statements="15" coveredstatements="12" conditionals="0" coveredconditionals="0" methods="10" coveredmethods="7"/>
        <line num="7" count="17" type="stmt"/>
        <line num="10" count="16" type="stmt"/>
        <line num="13" count="3" type="stmt"/>
        <line num="15" count="21" type="stmt"/>
        <line num="20" count="3" type="stmt"/>
        <line num="23" count="2" type="stmt"/>
        <line num="26" count="9" type="stmt"/>
        <line num="37" count="3" type="stmt"/>
        <line num="39" count="3" type="stmt"/>
        <line num="40" count="5" type="stmt"/>
        <line num="62" count="3" type="stmt"/>
        <line num="65" count="0" type="stmt"/>
        <line num="78" count="2" type="stmt"/>
        <line num="88" count="0" type="stmt"/>
        <line num="98" count="0" type="stmt"/>
      </file>
      <file name="input.jsx" path="/Users/chardi/Documents/Projects/javascript/LooBreak/frontend/src/components/ui/input.jsx">
        <metrics statements="1" coveredstatements="1" conditionals="0" coveredconditionals="0" methods="1" coveredmethods="1"/>
        <line num="6" count="54" type="stmt"/>
      </file>
      <file name="item.jsx" path="/Users/chardi/Documents/Projects/javascript/LooBreak/frontend/src/components/ui/item.jsx">
        <metrics statements="13" coveredstatements="7" conditionals="6" coveredconditionals="4" methods="10" coveredmethods="4"/>
        <line num="9" count="0" type="stmt"/>
        <line num="20" count="0" type="stmt"/>
        <line num="30" count="2" type="stmt"/>
        <line num="58" count="26" type="cond" truecount="1" falsecount="1"/>
        <line num="59" count="26" type="stmt"/>
        <line num="70" count="2" type="stmt"/>
        <line num="88" count="0" type="stmt"/>
        <line num="99" count="26" type="stmt"/>
        <line num="112" count="26" type="stmt"/>
        <line num="125" count="26" type="stmt"/>
        <line num="139" count="0" type="stmt"/>
        <line num="149" count="0" type="stmt"/>
        <line num="162" count="0" type="stmt"/>
      </file>
      <file name="label.jsx" path="/Users/chardi/Documents/Projects/javascript/LooBreak/frontend/src/components/ui/label.jsx">
        <metrics statements="1" coveredstatements="1" conditionals="0" coveredconditionals="0" methods="1" coveredmethods="1"/>
        <line num="7" count="60" type="stmt"/>
      </file>
      <file name="separator.jsx" path="/Users/chardi/Documents/Projects/javascript/LooBreak/frontend/src/components/ui/separator.jsx">
        <metrics statements="1" coveredstatements="0" conditionals="2" coveredconditionals="0" methods="1" coveredmethods="0"/>
        <line num="12" count="0" type="stmt"/>
      </file>
      <file name="skeleton.jsx" path="/Users/chardi/Documents/Projects/javascript/LooBreak/frontend/src/components/ui/skeleton.jsx">
        <metrics statements="1" coveredstatements="1" conditionals="0" coveredconditionals="0" methods="1" coveredmethods="1"/>
        <line num="4" count="347" type="stmt"/>
      </file>
      <file name="switch.jsx" path="/Users/chardi/Documents/Projects/javascript/LooBreak/frontend/src/components/ui/switch.jsx">
        <metrics statements="1" coveredstatements="1" conditionals="1" coveredconditionals="1" methods="1" coveredmethods="1"/>
        <line num="7" count="60" type="stmt"/>
      </file>
      <file name="table.jsx" path="/Users/chardi/Documents/Projects/javascript/LooBreak/frontend/src/components/ui/table.jsx">
        <metrics statements="8" coveredstatements="6" conditionals="0" coveredconditionals="0" methods="8" coveredmethods="6"/>
        <line num="4" count="48" type="stmt"/>
        <line num="19" count="48" type="stmt"/>
        <line num="29" count="48" type="stmt"/>
        <line num="39" count="0" type="stmt"/>
        <line num="52" count="188" type="stmt"/>
        <line num="65" count="144" type="stmt"/>
        <line num="78" count="340" type="stmt"/>
        <line num="91" count="0" type="stmt"/>
      </file>
    </package>
    <package name="lib">
      <metrics statements="1" coveredstatements="1" conditionals="0" coveredconditionals="0" methods="1" coveredmethods="1"/>
      <file name="utils.js" path="/Users/chardi/Documents/Projects/javascript/LooBreak/frontend/src/lib/utils.js">
        <metrics statements="1" coveredstatements="1" conditionals="0" coveredconditionals="0" methods="1" coveredmethods="1"/>
        <line num="5" count="1924" type="stmt"/>
      </file>
    </package>
    <package name="pages.Home">
      <metrics statements="19" coveredstatements="19" conditionals="6" coveredconditionals="6" methods="3" coveredmethods="3"/>
      <file name="HomePage.css" path="/Users/chardi/Documents/Projects/javascript/LooBreak/frontend/src/pages/Home/HomePage.css">
        <metrics statements="0" coveredstatements="0" conditionals="0" coveredconditionals="0" methods="0" coveredmethods="0"/>
      </file>
      <file name="HomePage.jsx" path="/Users/chardi/Documents/Projects/javascript/LooBreak/frontend/src/pages/Home/HomePage.jsx">
        <metrics statements="19" coveredstatements="19" conditionals="6" coveredconditionals="6" methods="3" coveredmethods="3"/>
        <line num="13" count="25" type="stmt"/>
        <line num="14" count="25" type="stmt"/>
        <line num="15" count="25" type="stmt"/>
        <line num="17" count="25" type="stmt"/>
        <line num="18" count="12" type="stmt"/>
        <line num="19" count="12" type="stmt"/>
        <line num="20" count="12" type="cond" truecount="2" falsecount="0"/>
        <line num="21" count="10" type="stmt"/>
        <line num="22" count="10" type="stmt"/>
        <line num="24" count="2" type="stmt"/>
        <line num="25" count="2" type="stmt"/>
        <line num="26" count="1" type="stmt"/>
        <line num="27" count="1" type="stmt"/>
        <line num="29" count="1" type="stmt"/>
        <line num="30" count="1" type="stmt"/>
        <line num="32" count="2" type="stmt"/>
        <line num="35" count="12" type="stmt"/>
        <line num="38" count="25" type="cond" truecount="2" falsecount="0"/>
        <line num="43" count="12" type="stmt"/>
      </file>
    </package>
    <package name="pages.Leaderboard">
      <metrics statements="1" coveredstatements="1" conditionals="0" coveredconditionals="0" methods="1" coveredmethods="1"/>
      <file name="LeaderboardPage.jsx" path="/Users/chardi/Documents/Projects/javascript/LooBreak/frontend/src/pages/Leaderboard/LeaderboardPage.jsx">
        <metrics statements="1" coveredstatements="1" conditionals="0" coveredconditionals="0" methods="1" coveredmethods="1"/>
        <line num="5" count="4" type="stmt"/>
      </file>
    </package>
    <package name="pages.Quiz">
      <metrics statements="54" coveredstatements="54" conditionals="45" coveredconditionals="45" methods="11" coveredmethods="11"/>
      <file name="QuizPage.jsx" path="/Users/chardi/Documents/Projects/javascript/LooBreak/frontend/src/pages/Quiz/QuizPage.jsx">
        <metrics statements="54" coveredstatements="54" conditionals="45" coveredconditionals="45" methods="11" coveredmethods="11"/>
        <line num="18" count="2" type="stmt"/>
        <line num="31" count="2" type="stmt"/>
        <line num="36" count="10" type="stmt"/>
        <line num="43" count="40" type="stmt"/>
        <line num="51" count="37" type="stmt"/>
        <line num="52" count="37" type="stmt"/>
        <line num="53" count="37" type="stmt"/>
        <line num="54" count="37" type="stmt"/>
        <line num="55" count="37" type="stmt"/>
        <line num="56" count="37" type="stmt"/>
        <line num="57" count="37" type="stmt"/>
        <line num="59" count="37" type="stmt"/>
        <line num="61" count="37" type="stmt"/>
        <line num="62" count="10" type="stmt"/>
        <line num="63" count="9" type="stmt"/>
        <line num="68" count="4" type="stmt"/>
        <line num="69" count="4" type="stmt"/>
        <line num="70" count="4" type="cond" truecount="2" falsecount="0"/>
        <line num="71" count="3" type="stmt"/>
        <line num="73" count="1" type="stmt"/>
        <line num="78" count="7" type="stmt"/>
        <line num="79" count="7" type="stmt"/>
        <line num="83" count="7" type="stmt"/>
        <line num="84" count="7" type="cond" truecount="2" falsecount="0"/>
        <line num="85" count="5" type="stmt"/>
        <line num="92" count="104" type="stmt"/>
        <line num="94" count="104" type="cond" truecount="4" falsecount="0"/>
        <line num="95" count="14" type="stmt"/>
        <line num="97" count="90" type="stmt"/>
        <line num="100" count="104" type="cond" truecount="4" falsecount="0"/>
        <line num="101" count="28" type="cond" truecount="2" falsecount="0"/>
        <line num="102" count="7" type="stmt"/>
        <line num="103" count="7" type="stmt"/>
        <line num="105" count="76" type="cond" truecount="2" falsecount="0"/>
        <line num="106" count="28" type="cond" truecount="2" falsecount="0"/>
        <line num="107" count="7" type="stmt"/>
        <line num="108" count="7" type="stmt"/>
        <line num="109" count="7" type="stmt"/>
        <line num="110" count="7" type="stmt"/>
        <line num="111" count="21" type="cond" truecount="2" falsecount="0"/>
        <line num="112" count="2" type="stmt"/>
        <line num="113" count="2" type="stmt"/>
        <line num="114" count="2" type="stmt"/>
        <line num="115" count="2" type="stmt"/>
        <line num="118" count="19" type="stmt"/>
        <line num="119" count="19" type="stmt"/>
        <line num="120" count="19" type="stmt"/>
        <line num="123" count="104" type="stmt"/>
        <line num="126" count="37" type="cond" truecount="4" falsecount="0"/>
        <line num="127" count="10" type="stmt"/>
        <line num="135" count="27" type="cond" truecount="4" falsecount="0"/>
        <line num="142" count="37" type="stmt"/>
        <line num="172" count="104" type="stmt"/>
        <line num="179" count="7" type="stmt"/>
      </file>
    </package>
    <package name="services">
      <metrics statements="57" coveredstatements="36" conditionals="21" coveredconditionals="8" methods="13" coveredmethods="10"/>
      <file name="auth.js" path="/Users/chardi/Documents/Projects/javascript/LooBreak/frontend/src/services/auth.js">
        <metrics statements="12" coveredstatements="5" conditionals="9" coveredconditionals="3" methods="4" coveredmethods="2"/>
        <line num="7" count="3" type="stmt"/>
        <line num="10" count="1" type="stmt"/>
        <line num="13" count="1" type="cond" truecount="2" falsecount="3"/>
        <line num="14" count="0" type="stmt"/>
        <line num="20" count="2" type="cond" truecount="1" falsecount="1"/>
        <line num="21" count="2" type="stmt"/>
        <line num="25" count="0" type="stmt"/>
        <line num="30" count="0" type="stmt"/>
        <line num="31" count="0" type="cond" truecount="0" falsecount="2"/>
        <line num="32" count="0" type="stmt"/>
        <line num="33" count="0" type="stmt"/>
        <line num="35" count="0" type="stmt"/>
      </file>
      <file name="icebreaker.js" path="/Users/chardi/Documents/Projects/javascript/LooBreak/frontend/src/services/icebreaker.js">
        <metrics statements="7" coveredstatements="3" conditionals="2" coveredconditionals="0" methods="1" coveredmethods="1"/>
        <line num="1" count="3" type="stmt"/>
        <line num="4" count="2" type="stmt"/>
        <line num="8" count="2" type="stmt"/>
        <line num="13" count="0" type="cond" truecount="0" falsecount="2"/>
        <line num="14" count="0" type="stmt"/>
        <line num="17" count="0" type="stmt"/>
        <line num="18" count="0" type="stmt"/>
      </file>
      <file name="lootips.js" path="/Users/chardi/Documents/Projects/javascript/LooBreak/frontend/src/services/lootips.js">
        <metrics statements="7" coveredstatements="3" conditionals="2" coveredconditionals="0" methods="1" coveredmethods="1"/>
        <line num="2" count="3" type="stmt"/>
        <line num="5" count="13" type="stmt"/>
        <line num="9" count="13" type="stmt"/>
        <line num="11" count="0" type="cond" truecount="0" falsecount="2"/>
        <line num="12" count="0" type="stmt"/>
        <line num="15" count="0" type="stmt"/>
        <line num="16" count="0" type="stmt"/>
      </file>
      <file name="quiz.js" path="/Users/chardi/Documents/Projects/javascript/LooBreak/frontend/src/services/quiz.js">
        <metrics statements="12" coveredstatements="12" conditionals="0" coveredconditionals="0" methods="4" coveredmethods="4"/>
        <line num="2" count="4" type="stmt"/>
        <line num="5" count="3" type="stmt"/>
        <line num="6" count="3" type="stmt"/>
        <line num="7" count="3" type="stmt"/>
        <line num="11" count="2" type="stmt"/>
        <line num="12" count="2" type="stmt"/>
        <line num="16" count="2" type="stmt"/>
        <line num="18" count="2" type="stmt"/>
        <line num="19" count="1" type="stmt"/>
        <line num="23" count="1" type="stmt"/>
        <line num="26" count="1" type="stmt"/>
        <line num="27" count="1" type="stmt"/>
      </file>
      <file name="results.js" path="/Users/chardi/Documents/Projects/javascript/LooBreak/frontend/src/services/results.js">
        <metrics statements="19" coveredstatements="13" conditionals="8" coveredconditionals="5" methods="3" coveredmethods="2"/>
        <line num="1" count="5" type="stmt"/>
        <line num="4" count="3" type="stmt"/>
        <line num="10" count="3" type="stmt"/>
        <line num="11" count="2" type="stmt"/>
        <line num="13" count="2" type="cond" truecount="2" falsecount="0"/>
        <line num="14" count="1" type="cond" truecount="1" falsecount="1"/>
        <line num="16" count="1" type="stmt"/>
        <line num="20" count="7" type="stmt"/>
        <line num="23" count="7" type="stmt"/>
        <line num="24" count="2" type="cond" truecount="2" falsecount="0"/>
        <line num="25" count="1" type="stmt"/>
        <line num="28" count="1" type="stmt"/>
        <line num="29" count="1" type="stmt"/>
        <line num="33" count="0" type="stmt"/>
        <line num="39" count="0" type="stmt"/>
        <line num="40" count="0" type="cond" truecount="0" falsecount="2"/>
        <line num="41" count="0" type="stmt"/>
        <line num="44" count="0" type="stmt"/>
        <line num="45" count="0" type="stmt"/>
      </file>
    </package>
    <package name="utils">
      <metrics statements="10" coveredstatements="10" conditionals="2" coveredconditionals="2" methods="3" coveredmethods="3"/>
      <file name="useDarkMode.js" path="/Users/chardi/Documents/Projects/javascript/LooBreak/frontend/src/utils/useDarkMode.js">
        <metrics statements="10" coveredstatements="10" conditionals="2" coveredconditionals="2" methods="3" coveredmethods="3"/>
        <line num="4" count="63" type="stmt"/>
        <line num="5" count="35" type="stmt"/>
        <line num="8" count="63" type="stmt"/>
        <line num="9" count="36" type="stmt"/>
        <line num="10" count="36" type="cond" truecount="2" falsecount="0"/>
        <line num="11" count="1" type="stmt"/>
        <line num="12" count="1" type="stmt"/>
        <line num="14" count="35" type="stmt"/>
        <line num="15" count="35" type="stmt"/>
        <line num="19" count="63" type="stmt"/>
      </file>
    </package>
  </project>
</coverage>
