{"/Users/chardi/Documents/Projects/javascript/LooBreak/frontend/src/assets/loobreak-correct.svg": {"path":"/Users/chardi/Documents/Projects/javascript/LooBreak/frontend/src/assets/loobreak-correct.svg","statementMap":{},"fnMap":{},"branchMap":{},"s":{},"f":{},"b":{},"meta":{"lastBranch":0,"lastFunction":0,"lastStatement":0,"seen":{},"fnNames":{}}}
,"/Users/chardi/Documents/Projects/javascript/LooBreak/frontend/src/assets/loobreak-flush-long.svg": {"path":"/Users/chardi/Documents/Projects/javascript/LooBreak/frontend/src/assets/loobreak-flush-long.svg","statementMap":{},"fnMap":{},"branchMap":{},"s":{},"f":{},"b":{},"meta":{"lastBranch":0,"lastFunction":0,"lastStatement":0,"seen":{},"fnNames":{}}}
,"/Users/chardi/Documents/Projects/javascript/LooBreak/frontend/src/assets/loobreak-flush-tall.svg": {"path":"/Users/chardi/Documents/Projects/javascript/LooBreak/frontend/src/assets/loobreak-flush-tall.svg","statementMap":{},"fnMap":{},"branchMap":{},"s":{},"f":{},"b":{},"meta":{"lastBranch":0,"lastFunction":0,"lastStatement":0,"seen":{},"fnNames":{}}}
,"/Users/chardi/Documents/Projects/javascript/LooBreak/frontend/src/assets/loobreak-incorrect.svg": {"path":"/Users/chardi/Documents/Projects/javascript/LooBreak/frontend/src/assets/loobreak-incorrect.svg","statementMap":{},"fnMap":{},"branchMap":{},"s":{},"f":{},"b":{},"meta":{"lastBranch":0,"lastFunction":0,"lastStatement":0,"seen":{},"fnNames":{}}}
,"/Users/chardi/Documents/Projects/javascript/LooBreak/frontend/src/assets/loobreak-logo.svg": {"path":"/Users/chardi/Documents/Projects/javascript/LooBreak/frontend/src/assets/loobreak-logo.svg","statementMap":{},"fnMap":{},"branchMap":{},"s":{},"f":{},"b":{},"meta":{"lastBranch":0,"lastFunction":0,"lastStatement":0,"seen":{},"fnNames":{}}}
,"/Users/chardi/Documents/Projects/javascript/LooBreak/frontend/src/assets/loobreak-medal-1.svg": {"path":"/Users/chardi/Documents/Projects/javascript/LooBreak/frontend/src/assets/loobreak-medal-1.svg","statementMap":{},"fnMap":{},"branchMap":{},"s":{},"f":{},"b":{},"meta":{"lastBranch":0,"lastFunction":0,"lastStatement":0,"seen":{},"fnNames":{}}}
,"/Users/chardi/Documents/Projects/javascript/LooBreak/frontend/src/assets/loobreak-medal-2.svg": {"path":"/Users/chardi/Documents/Projects/javascript/LooBreak/frontend/src/assets/loobreak-medal-2.svg","statementMap":{},"fnMap":{},"branchMap":{},"s":{},"f":{},"b":{},"meta":{"lastBranch":0,"lastFunction":0,"lastStatement":0,"seen":{},"fnNames":{}}}
,"/Users/chardi/Documents/Projects/javascript/LooBreak/frontend/src/assets/loobreak-medal-3.svg": {"path":"/Users/chardi/Documents/Projects/javascript/LooBreak/frontend/src/assets/loobreak-medal-3.svg","statementMap":{},"fnMap":{},"branchMap":{},"s":{},"f":{},"b":{},"meta":{"lastBranch":0,"lastFunction":0,"lastStatement":0,"seen":{},"fnNames":{}}}
,"/Users/chardi/Documents/Projects/javascript/LooBreak/frontend/src/assets/loobreak-number-1.svg": {"path":"/Users/chardi/Documents/Projects/javascript/LooBreak/frontend/src/assets/loobreak-number-1.svg","statementMap":{},"fnMap":{},"branchMap":{},"s":{},"f":{},"b":{},"meta":{"lastBranch":0,"lastFunction":0,"lastStatement":0,"seen":{},"fnNames":{}}}
,"/Users/chardi/Documents/Projects/javascript/LooBreak/frontend/src/assets/loobreak-number-10.svg": {"path":"/Users/chardi/Documents/Projects/javascript/LooBreak/frontend/src/assets/loobreak-number-10.svg","statementMap":{},"fnMap":{},"branchMap":{},"s":{},"f":{},"b":{},"meta":{"lastBranch":0,"lastFunction":0,"lastStatement":0,"seen":{},"fnNames":{}}}
,"/Users/chardi/Documents/Projects/javascript/LooBreak/frontend/src/assets/loobreak-number-2.svg": {"path":"/Users/chardi/Documents/Projects/javascript/LooBreak/frontend/src/assets/loobreak-number-2.svg","statementMap":{},"fnMap":{},"branchMap":{},"s":{},"f":{},"b":{},"meta":{"lastBranch":0,"lastFunction":0,"lastStatement":0,"seen":{},"fnNames":{}}}
,"/Users/chardi/Documents/Projects/javascript/LooBreak/frontend/src/assets/loobreak-number-3.svg": {"path":"/Users/chardi/Documents/Projects/javascript/LooBreak/frontend/src/assets/loobreak-number-3.svg","statementMap":{},"fnMap":{},"branchMap":{},"s":{},"f":{},"b":{},"meta":{"lastBranch":0,"lastFunction":0,"lastStatement":0,"seen":{},"fnNames":{}}}
,"/Users/chardi/Documents/Projects/javascript/LooBreak/frontend/src/assets/loobreak-number-4.svg": {"path":"/Users/chardi/Documents/Projects/javascript/LooBreak/frontend/src/assets/loobreak-number-4.svg","statementMap":{},"fnMap":{},"branchMap":{},"s":{},"f":{},"b":{},"meta":{"lastBranch":0,"lastFunction":0,"lastStatement":0,"seen":{},"fnNames":{}}}
,"/Users/chardi/Documents/Projects/javascript/LooBreak/frontend/src/assets/loobreak-number-5.svg": {"path":"/Users/chardi/Documents/Projects/javascript/LooBreak/frontend/src/assets/loobreak-number-5.svg","statementMap":{},"fnMap":{},"branchMap":{},"s":{},"f":{},"b":{},"meta":{"lastBranch":0,"lastFunction":0,"lastStatement":0,"seen":{},"fnNames":{}}}
,"/Users/chardi/Documents/Projects/javascript/LooBreak/frontend/src/assets/loobreak-number-6.svg": {"path":"/Users/chardi/Documents/Projects/javascript/LooBreak/frontend/src/assets/loobreak-number-6.svg","statementMap":{},"fnMap":{},"branchMap":{},"s":{},"f":{},"b":{},"meta":{"lastBranch":0,"lastFunction":0,"lastStatement":0,"seen":{},"fnNames":{}}}
,"/Users/chardi/Documents/Projects/javascript/LooBreak/frontend/src/assets/loobreak-number-7.svg": {"path":"/Users/chardi/Documents/Projects/javascript/LooBreak/frontend/src/assets/loobreak-number-7.svg","statementMap":{},"fnMap":{},"branchMap":{},"s":{},"f":{},"b":{},"meta":{"lastBranch":0,"lastFunction":0,"lastStatement":0,"seen":{},"fnNames":{}}}
,"/Users/chardi/Documents/Projects/javascript/LooBreak/frontend/src/assets/loobreak-number-8.svg": {"path":"/Users/chardi/Documents/Projects/javascript/LooBreak/frontend/src/assets/loobreak-number-8.svg","statementMap":{},"fnMap":{},"branchMap":{},"s":{},"f":{},"b":{},"meta":{"lastBranch":0,"lastFunction":0,"lastStatement":0,"seen":{},"fnNames":{}}}
,"/Users/chardi/Documents/Projects/javascript/LooBreak/frontend/src/assets/loobreak-number-9.svg": {"path":"/Users/chardi/Documents/Projects/javascript/LooBreak/frontend/src/assets/loobreak-number-9.svg","statementMap":{},"fnMap":{},"branchMap":{},"s":{},"f":{},"b":{},"meta":{"lastBranch":0,"lastFunction":0,"lastStatement":0,"seen":{},"fnNames":{}}}
,"/Users/chardi/Documents/Projects/javascript/LooBreak/frontend/src/components/Footer.jsx": {"path":"/Users/chardi/Documents/Projects/javascript/LooBreak/frontend/src/components/Footer.jsx","statementMap":{"0":{"start":{"line":10,"column":17},"end":{"line":10,"column":null}},"1":{"start":{"line":13,"column":27},"end":{"line":13,"column":null}},"2":{"start":{"line":14,"column":25},"end":{"line":14,"column":46}},"3":{"start":{"line":15,"column":23},"end":{"line":15,"column":null}},"4":{"start":{"line":17,"column":2},"end":{"line":21,"column":null}},"5":{"start":{"line":18,"column":4},"end":{"line":20,"column":null}},"6":{"start":{"line":19,"column":22},"end":{"line":19,"column":null}},"7":{"start":{"line":20,"column":22},"end":{"line":20,"column":null}},"8":{"start":{"line":23,"column":22},"end":{"line":41,"column":null}},"9":{"start":{"line":24,"column":4},"end":{"line":24,"column":null}},"10":{"start":{"line":24,"column":25},"end":{"line":24,"column":null}},"11":{"start":{"line":25,"column":4},"end":{"line":25,"column":null}},"12":{"start":{"line":26,"column":4},"end":{"line":26,"column":23}},"13":{"start":{"line":30,"column":19},"end":{"line":36,"column":null}},"14":{"start":{"line":32,"column":8},"end":{"line":32,"column":null}},"15":{"start":{"line":33,"column":8},"end":{"line":33,"column":null}},"16":{"start":{"line":35,"column":31},"end":{"line":35,"column":null}},"17":{"start":{"line":38,"column":4},"end":{"line":38,"column":null}},"18":{"start":{"line":38,"column":14},"end":{"line":38,"column":null}},"19":{"start":{"line":39,"column":4},"end":{"line":39,"column":22}},"20":{"start":{"line":40,"column":4},"end":{"line":40,"column":null}},"21":{"start":{"line":45,"column":29},"end":{"line":47,"column":null}},"22":{"start":{"line":46,"column":4},"end":{"line":46,"column":null}},"23":{"start":{"line":46,"column":26},"end":{"line":46,"column":null}},"24":{"start":{"line":49,"column":23},"end":{"line":55,"column":null}},"25":{"start":{"line":59,"column":19},"end":{"line":59,"column":null}},"26":{"start":{"line":61,"column":2},"end":{"line":88,"column":null}}},"fnMap":{"0":{"name":"Footer","decl":{"start":{"line":12,"column":24},"end":{"line":12,"column":null}},"loc":{"start":{"line":12,"column":24},"end":{"line":92,"column":null}},"line":12},"1":{"name":"(anonymous_1)","decl":{"start":{"line":17,"column":12},"end":{"line":17,"column":null}},"loc":{"start":{"line":17,"column":12},"end":{"line":21,"column":5}},"line":17},"2":{"name":"(anonymous_2)","decl":{"start":{"line":19,"column":12},"end":{"line":19,"column":13}},"loc":{"start":{"line":19,"column":22},"end":{"line":19,"column":null}},"line":19},"3":{"name":"(anonymous_3)","decl":{"start":{"line":20,"column":13},"end":{"line":20,"column":14}},"loc":{"start":{"line":20,"column":22},"end":{"line":20,"column":null}},"line":20},"4":{"name":"(anonymous_4)","decl":{"start":{"line":23,"column":22},"end":{"line":23,"column":null}},"loc":{"start":{"line":23,"column":22},"end":{"line":41,"column":null}},"line":23},"5":{"name":"(anonymous_5)","decl":{"start":{"line":31,"column":24},"end":{"line":31,"column":25}},"loc":{"start":{"line":31,"column":25},"end":{"line":34,"column":null}},"line":31},"6":{"name":"(anonymous_6)","decl":{"start":{"line":35,"column":18},"end":{"line":35,"column":19}},"loc":{"start":{"line":35,"column":31},"end":{"line":35,"column":null}},"line":35},"7":{"name":"(anonymous_7)","decl":{"start":{"line":45,"column":29},"end":{"line":45,"column":null}},"loc":{"start":{"line":45,"column":29},"end":{"line":47,"column":null}},"line":45}},"branchMap":{"0":{"loc":{"start":{"line":24,"column":4},"end":{"line":24,"column":null}},"type":"if","locations":[{"start":{"line":24,"column":4},"end":{"line":24,"column":null}},{"start":{},"end":{}}],"line":24},"1":{"loc":{"start":{"line":24,"column":8},"end":{"line":24,"column":25}},"type":"binary-expr","locations":[{"start":{"line":24,"column":8},"end":{"line":24,"column":16}},{"start":{"line":24,"column":16},"end":{"line":24,"column":25}}],"line":24},"2":{"loc":{"start":{"line":38,"column":4},"end":{"line":38,"column":null}},"type":"if","locations":[{"start":{"line":38,"column":4},"end":{"line":38,"column":null}},{"start":{},"end":{}}],"line":38},"3":{"loc":{"start":{"line":46,"column":4},"end":{"line":46,"column":null}},"type":"if","locations":[{"start":{"line":46,"column":4},"end":{"line":46,"column":null}},{"start":{},"end":{}}],"line":46},"4":{"loc":{"start":{"line":51,"column":4},"end":{"line":51,"column":40}},"type":"binary-expr","locations":[{"start":{"line":51,"column":4},"end":{"line":51,"column":25}},{"start":{"line":51,"column":25},"end":{"line":51,"column":40}}],"line":51},"5":{"loc":{"start":{"line":52,"column":4},"end":{"line":52,"column":null}},"type":"binary-expr","locations":[{"start":{"line":52,"column":4},"end":{"line":52,"column":24}},{"start":{"line":52,"column":24},"end":{"line":52,"column":null}}],"line":52},"6":{"loc":{"start":{"line":59,"column":19},"end":{"line":59,"column":null}},"type":"cond-expr","locations":[{"start":{"line":59,"column":39},"end":{"line":59,"column":51}},{"start":{"line":59,"column":51},"end":{"line":59,"column":null}}],"line":59},"7":{"loc":{"start":{"line":69,"column":9},"end":{"line":76,"column":null}},"type":"cond-expr","locations":[{"start":{"line":69,"column":9},"end":{"line":74,"column":11}},{"start":{"line":74,"column":10},"end":{"line":76,"column":null}}],"line":69},"8":{"loc":{"start":{"line":84,"column":18},"end":{"line":84,"column":null}},"type":"binary-expr","locations":[{"start":{"line":84,"column":18},"end":{"line":84,"column":26}},{"start":{"line":84,"column":26},"end":{"line":84,"column":null}}],"line":84}},"s":{"0":5,"1":24,"2":24,"3":24,"4":24,"5":18,"6":5,"7":4,"8":24,"9":1,"10":0,"11":1,"12":1,"13":1,"14":0,"15":0,"16":1,"17":1,"18":1,"19":1,"20":1,"21":24,"22":0,"23":0,"24":24,"25":24,"26":24},"f":{"0":24,"1":18,"2":5,"3":4,"4":1,"5":0,"6":1,"7":0},"b":{"0":[0,1],"1":[1,1],"2":[1,0],"3":[0,0],"4":[24,1],"5":[24,1],"6":[1,21],"7":[4,18],"8":[24,21]},"meta":{"lastBranch":9,"lastFunction":8,"lastStatement":27,"seen":{"s:10:17:10:Infinity":0,"f:12:24:12:Infinity":0,"s:13:27:13:Infinity":1,"s:14:25:14:46":2,"s:15:23:15:Infinity":3,"s:17:2:21:Infinity":4,"f:17:12:17:Infinity":1,"s:18:4:20:Infinity":5,"f:19:12:19:13":2,"s:19:22:19:Infinity":6,"f:20:13:20:14":3,"s:20:22:20:Infinity":7,"s:23:22:41:Infinity":8,"f:23:22:23:Infinity":4,"b:24:4:24:Infinity:undefined:undefined:undefined:undefined":0,"s:24:4:24:Infinity":9,"b:24:8:24:16:24:16:24:25":1,"s:24:25:24:Infinity":10,"s:25:4:25:Infinity":11,"s:26:4:26:23":12,"s:30:19:36:Infinity":13,"f:31:24:31:25":5,"s:32:8:32:Infinity":14,"s:33:8:33:Infinity":15,"f:35:18:35:19":6,"s:35:31:35:Infinity":16,"b:38:4:38:Infinity:undefined:undefined:undefined:undefined":2,"s:38:4:38:Infinity":17,"s:38:14:38:Infinity":18,"s:39:4:39:22":19,"s:40:4:40:Infinity":20,"s:45:29:47:Infinity":21,"f:45:29:45:Infinity":7,"b:46:4:46:Infinity:undefined:undefined:undefined:undefined":3,"s:46:4:46:Infinity":22,"s:46:26:46:Infinity":23,"s:49:23:55:Infinity":24,"b:51:4:51:25:51:25:51:40":4,"b:52:4:52:24:52:24:52:Infinity":5,"s:59:19:59:Infinity":25,"b:59:39:59:51:59:51:59:Infinity":6,"s:61:2:88:Infinity":26,"b:69:9:74:11:74:10:76:Infinity":7,"b:84:18:84:26:84:26:84:Infinity":8},"fnNames":{}}}
,"/Users/chardi/Documents/Projects/javascript/LooBreak/frontend/src/components/Footer.module.css": {"path":"/Users/chardi/Documents/Projects/javascript/LooBreak/frontend/src/components/Footer.module.css","statementMap":{},"fnMap":{},"branchMap":{},"s":{},"f":{},"b":{},"meta":{"lastBranch":0,"lastFunction":0,"lastStatement":0,"seen":{},"fnNames":{}}}
,"/Users/chardi/Documents/Projects/javascript/LooBreak/frontend/src/components/Icebreaker.jsx": {"path":"/Users/chardi/Documents/Projects/javascript/LooBreak/frontend/src/components/Icebreaker.jsx","statementMap":{"0":{"start":{"line":1,"column":0},"end":{"line":1,"column":null}},"1":{"start":{"line":17,"column":37},"end":{"line":17,"column":null}},"2":{"start":{"line":18,"column":29},"end":{"line":18,"column":null}},"3":{"start":{"line":19,"column":25},"end":{"line":19,"column":null}},"4":{"start":{"line":20,"column":27},"end":{"line":20,"column":null}},"5":{"start":{"line":22,"column":27},"end":{"line":34,"column":null}},"6":{"start":{"line":23,"column":4},"end":{"line":23,"column":null}},"7":{"start":{"line":24,"column":4},"end":{"line":24,"column":null}},"8":{"start":{"line":25,"column":4},"end":{"line":33,"column":null}},"9":{"start":{"line":26,"column":29},"end":{"line":26,"column":null}},"10":{"start":{"line":27,"column":6},"end":{"line":27,"column":null}},"11":{"start":{"line":29,"column":6},"end":{"line":29,"column":null}},"12":{"start":{"line":30,"column":6},"end":{"line":30,"column":null}},"13":{"start":{"line":32,"column":6},"end":{"line":32,"column":null}},"14":{"start":{"line":36,"column":2},"end":{"line":43,"column":null}},"15":{"start":{"line":37,"column":4},"end":{"line":37,"column":null}},"16":{"start":{"line":37,"column":17},"end":{"line":37,"column":null}},"17":{"start":{"line":38,"column":15},"end":{"line":41,"column":null}},"18":{"start":{"line":39,"column":17},"end":{"line":39,"column":null}},"19":{"start":{"line":40,"column":6},"end":{"line":40,"column":null}},"20":{"start":{"line":42,"column":4},"end":{"line":42,"column":null}},"21":{"start":{"line":42,"column":17},"end":{"line":42,"column":null}},"22":{"start":{"line":45,"column":2},"end":{"line":117,"column":null}},"23":{"start":{"line":49,"column":8},"end":{"line":49,"column":null}},"24":{"start":{"line":50,"column":8},"end":{"line":50,"column":null}},"25":{"start":{"line":50,"column":18},"end":{"line":50,"column":null}},"26":{"start":{"line":71,"column":38},"end":{"line":71,"column":null}},"27":{"start":{"line":95,"column":44},"end":{"line":97,"column":null}},"28":{"start":{"line":101,"column":26},"end":{"line":103,"column":null}},"29":{"start":{"line":102,"column":28},"end":{"line":102,"column":null}}},"fnMap":{"0":{"name":"Icebreaker","decl":{"start":{"line":16,"column":24},"end":{"line":16,"column":null}},"loc":{"start":{"line":16,"column":24},"end":{"line":126,"column":null}},"line":16},"1":{"name":"(anonymous_1)","decl":{"start":{"line":22,"column":27},"end":{"line":22,"column":null}},"loc":{"start":{"line":22,"column":27},"end":{"line":34,"column":null}},"line":22},"2":{"name":"(anonymous_2)","decl":{"start":{"line":36,"column":12},"end":{"line":36,"column":null}},"loc":{"start":{"line":36,"column":12},"end":{"line":43,"column":5}},"line":36},"3":{"name":"(anonymous_3)","decl":{"start":{"line":38,"column":37},"end":{"line":38,"column":null}},"loc":{"start":{"line":38,"column":37},"end":{"line":41,"column":null}},"line":38},"4":{"name":"(anonymous_4)","decl":{"start":{"line":42,"column":11},"end":{"line":42,"column":17}},"loc":{"start":{"line":42,"column":17},"end":{"line":42,"column":null}},"line":42},"5":{"name":"(anonymous_5)","decl":{"start":{"line":48,"column":20},"end":{"line":48,"column":21}},"loc":{"start":{"line":48,"column":21},"end":{"line":51,"column":null}},"line":48},"6":{"name":"(anonymous_6)","decl":{"start":{"line":71,"column":31},"end":{"line":71,"column":32}},"loc":{"start":{"line":71,"column":38},"end":{"line":71,"column":null}},"line":71},"7":{"name":"(anonymous_7)","decl":{"start":{"line":95,"column":37},"end":{"line":95,"column":38}},"loc":{"start":{"line":95,"column":44},"end":{"line":97,"column":null}},"line":95},"8":{"name":"(anonymous_8)","decl":{"start":{"line":100,"column":29},"end":{"line":100,"column":30}},"loc":{"start":{"line":100,"column":30},"end":{"line":104,"column":null}},"line":100}},"branchMap":{"0":{"loc":{"start":{"line":37,"column":4},"end":{"line":37,"column":null}},"type":"if","locations":[{"start":{"line":37,"column":4},"end":{"line":37,"column":null}},{"start":{},"end":{}}],"line":37},"1":{"loc":{"start":{"line":50,"column":8},"end":{"line":50,"column":null}},"type":"if","locations":[{"start":{"line":50,"column":8},"end":{"line":50,"column":null}},{"start":{},"end":{}}],"line":50},"2":{"loc":{"start":{"line":60,"column":11},"end":{"line":60,"column":73}},"type":"cond-expr","locations":[{"start":{"line":60,"column":20},"end":{"line":60,"column":45}},{"start":{"line":60,"column":45},"end":{"line":60,"column":73}}],"line":60},"3":{"loc":{"start":{"line":76,"column":19},"end":{"line":82,"column":null}},"type":"binary-expr","locations":[{"start":{"line":76,"column":19},"end":{"line":76,"column":null}},{"start":{"line":79,"column":20},"end":{"line":82,"column":null}}],"line":76},"4":{"loc":{"start":{"line":86,"column":17},"end":{"line":88,"column":null}},"type":"binary-expr","locations":[{"start":{"line":86,"column":17},"end":{"line":86,"column":null}},{"start":{"line":86,"column":17},"end":{"line":88,"column":null}}],"line":86},"5":{"loc":{"start":{"line":92,"column":17},"end":{"line":97,"column":null}},"type":"binary-expr","locations":[{"start":{"line":92,"column":17},"end":{"line":92,"column":29}},{"start":{"line":92,"column":29},"end":{"line":92,"column":null}},{"start":{"line":92,"column":50},"end":{"line":97,"column":null}}],"line":92},"6":{"loc":{"start":{"line":101,"column":26},"end":{"line":103,"column":null}},"type":"if","locations":[{"start":{"line":101,"column":26},"end":{"line":103,"column":null}},{"start":{},"end":{}}],"line":101},"7":{"loc":{"start":{"line":101,"column":30},"end":{"line":101,"column":51}},"type":"binary-expr","locations":[{"start":{"line":101,"column":30},"end":{"line":101,"column":45}},{"start":{"line":101,"column":45},"end":{"line":101,"column":51}}],"line":101}},"s":{"0":1,"1":4,"2":4,"3":4,"4":4,"5":4,"6":1,"7":1,"8":1,"9":1,"10":0,"11":0,"12":0,"13":0,"14":4,"15":3,"16":2,"17":1,"18":1,"19":1,"20":1,"21":1,"22":4,"23":1,"24":1,"25":1,"26":1,"27":0,"28":0,"29":0},"f":{"0":4,"1":1,"2":3,"3":1,"4":1,"5":1,"6":1,"7":0,"8":0},"b":{"0":[2,1],"1":[1,0],"2":[1,2],"3":[4,1],"4":[4,0],"5":[4,2,0],"6":[0,0],"7":[0,0]},"meta":{"lastBranch":8,"lastFunction":9,"lastStatement":30,"seen":{"s:1:0:1:Infinity":0,"f:16:24:16:Infinity":0,"s:17:37:17:Infinity":1,"s:18:29:18:Infinity":2,"s:19:25:19:Infinity":3,"s:20:27:20:Infinity":4,"s:22:27:34:Infinity":5,"f:22:27:22:Infinity":1,"s:23:4:23:Infinity":6,"s:24:4:24:Infinity":7,"s:25:4:33:Infinity":8,"s:26:29:26:Infinity":9,"s:27:6:27:Infinity":10,"s:29:6:29:Infinity":11,"s:30:6:30:Infinity":12,"s:32:6:32:Infinity":13,"s:36:2:43:Infinity":14,"f:36:12:36:Infinity":2,"b:37:4:37:Infinity:undefined:undefined:undefined:undefined":0,"s:37:4:37:Infinity":15,"s:37:17:37:Infinity":16,"s:38:15:41:Infinity":17,"f:38:37:38:Infinity":3,"s:39:17:39:Infinity":18,"s:40:6:40:Infinity":19,"s:42:4:42:Infinity":20,"f:42:11:42:17":4,"s:42:17:42:Infinity":21,"s:45:2:117:Infinity":22,"f:48:20:48:21":5,"s:49:8:49:Infinity":23,"b:50:8:50:Infinity:undefined:undefined:undefined:undefined":1,"s:50:8:50:Infinity":24,"s:50:18:50:Infinity":25,"b:60:20:60:45:60:45:60:73":2,"f:71:31:71:32":6,"s:71:38:71:Infinity":26,"b:76:19:76:Infinity:79:20:82:Infinity":3,"b:86:17:86:Infinity:86:17:88:Infinity":4,"b:92:17:92:29:92:29:92:Infinity:92:50:97:Infinity":5,"f:95:37:95:38":7,"s:95:44:97:Infinity":27,"f:100:29:100:30":8,"b:101:26:103:Infinity:undefined:undefined:undefined:undefined":6,"s:101:26:103:Infinity":28,"b:101:30:101:45:101:45:101:51":7,"s:102:28:102:Infinity":29},"fnNames":{}}}
,"/Users/chardi/Documents/Projects/javascript/LooBreak/frontend/src/components/Leaderboard.jsx": {"path":"/Users/chardi/Documents/Projects/javascript/LooBreak/frontend/src/components/Leaderboard.jsx","statementMap":{"0":{"start":{"line":17,"column":15},"end":{"line":17,"column":null}},"1":{"start":{"line":18,"column":17},"end":{"line":18,"column":null}},"2":{"start":{"line":21,"column":23},"end":{"line":25,"column":null}},"3":{"start":{"line":29,"column":2},"end":{"line":30,"column":22}},"4":{"start":{"line":29,"column":43},"end":{"line":30,"column":22}},"5":{"start":{"line":45,"column":23},"end":{"line":45,"column":null}},"6":{"start":{"line":46,"column":29},"end":{"line":46,"column":null}},"7":{"start":{"line":47,"column":29},"end":{"line":47,"column":null}},"8":{"start":{"line":48,"column":25},"end":{"line":48,"column":null}},"9":{"start":{"line":50,"column":2},"end":{"line":64,"column":null}},"10":{"start":{"line":51,"column":25},"end":{"line":62,"column":null}},"11":{"start":{"line":52,"column":6},"end":{"line":61,"column":null}},"12":{"start":{"line":53,"column":21},"end":{"line":53,"column":null}},"13":{"start":{"line":54,"column":25},"end":{"line":54,"column":null}},"14":{"start":{"line":55,"column":8},"end":{"line":55,"column":null}},"15":{"start":{"line":56,"column":8},"end":{"line":56,"column":null}},"16":{"start":{"line":58,"column":8},"end":{"line":58,"column":null}},"17":{"start":{"line":60,"column":8},"end":{"line":60,"column":null}},"18":{"start":{"line":63,"column":4},"end":{"line":63,"column":null}},"19":{"start":{"line":66,"column":2},"end":{"line":99,"column":null}},"20":{"start":{"line":97,"column":33},"end":{"line":99,"column":null}}},"fnMap":{"0":{"name":"LeaderboardSkeletonRows","decl":{"start":{"line":28,"column":9},"end":{"line":28,"column":null}},"loc":{"start":{"line":28,"column":9},"end":{"line":42,"column":null}},"line":28},"1":{"name":"(anonymous_1)","decl":{"start":{"line":29,"column":39},"end":{"line":29,"column":40}},"loc":{"start":{"line":29,"column":43},"end":{"line":30,"column":22}},"line":29},"2":{"name":"Leaderboard","decl":{"start":{"line":44,"column":24},"end":{"line":44,"column":null}},"loc":{"start":{"line":44,"column":24},"end":{"line":134,"column":null}},"line":44},"3":{"name":"(anonymous_3)","decl":{"start":{"line":50,"column":12},"end":{"line":50,"column":null}},"loc":{"start":{"line":50,"column":12},"end":{"line":64,"column":5}},"line":50},"4":{"name":"(anonymous_4)","decl":{"start":{"line":51,"column":25},"end":{"line":51,"column":null}},"loc":{"start":{"line":51,"column":25},"end":{"line":62,"column":null}},"line":51},"5":{"name":"(anonymous_5)","decl":{"start":{"line":97,"column":24},"end":{"line":97,"column":25}},"loc":{"start":{"line":97,"column":33},"end":{"line":99,"column":null}},"line":97}},"branchMap":{"0":{"loc":{"start":{"line":72,"column":9},"end":{"line":72,"column":null}},"type":"cond-expr","locations":[{"start":{"line":72,"column":19},"end":{"line":72,"column":43}},{"start":{"line":72,"column":43},"end":{"line":72,"column":null}}],"line":72},"1":{"loc":{"start":{"line":84,"column":11},"end":{"line":99,"column":null}},"type":"cond-expr","locations":[{"start":{"line":84,"column":11},"end":{"line":86,"column":null}},{"start":{"line":86,"column":14},"end":{"line":99,"column":null}}],"line":84},"2":{"loc":{"start":{"line":86,"column":14},"end":{"line":99,"column":null}},"type":"cond-expr","locations":[{"start":{"line":86,"column":14},"end":{"line":97,"column":20}},{"start":{"line":97,"column":12},"end":{"line":99,"column":null}}],"line":86},"3":{"loc":{"start":{"line":100,"column":27},"end":{"line":100,"column":null}},"type":"cond-expr","locations":[{"start":{"line":100,"column":35},"end":{"line":100,"column":52}},{"start":{"line":100,"column":55},"end":{"line":100,"column":null}}],"line":100},"4":{"loc":{"start":{"line":103,"column":19},"end":{"line":112,"column":null}},"type":"cond-expr","locations":[{"start":{"line":103,"column":23},"end":{"line":111,"column":21}},{"start":{"line":111,"column":20},"end":{"line":112,"column":null}}],"line":103}},"s":{"0":3,"1":3,"2":3,"3":9,"4":45,"5":14,"6":14,"7":14,"8":14,"9":14,"10":9,"11":9,"12":9,"13":4,"14":4,"15":4,"16":1,"17":5,"18":9,"19":14,"20":16},"f":{"0":9,"1":45,"2":14,"3":9,"4":9,"5":16},"b":{"0":[9,5],"1":[9,5],"2":[1,4],"3":[12,4],"4":[12,4]},"meta":{"lastBranch":5,"lastFunction":6,"lastStatement":21,"seen":{"s:17:15:17:Infinity":0,"s:18:17:18:Infinity":1,"s:21:23:25:Infinity":2,"f:28:9:28:Infinity":0,"s:29:2:30:22":3,"f:29:39:29:40":1,"s:29:43:30:22":4,"f:44:24:44:Infinity":2,"s:45:23:45:Infinity":5,"s:46:29:46:Infinity":6,"s:47:29:47:Infinity":7,"s:48:25:48:Infinity":8,"s:50:2:64:Infinity":9,"f:50:12:50:Infinity":3,"s:51:25:62:Infinity":10,"f:51:25:51:Infinity":4,"s:52:6:61:Infinity":11,"s:53:21:53:Infinity":12,"s:54:25:54:Infinity":13,"s:55:8:55:Infinity":14,"s:56:8:56:Infinity":15,"s:58:8:58:Infinity":16,"s:60:8:60:Infinity":17,"s:63:4:63:Infinity":18,"s:66:2:99:Infinity":19,"b:72:19:72:43:72:43:72:Infinity":0,"b:84:11:86:Infinity:86:14:99:Infinity":1,"b:86:14:97:20:97:12:99:Infinity":2,"f:97:24:97:25":5,"s:97:33:99:Infinity":20,"b:100:35:100:52:100:55:100:Infinity":3,"b:103:23:111:21:111:20:112:Infinity":4},"fnNames":{}}}
,"/Users/chardi/Documents/Projects/javascript/LooBreak/frontend/src/components/MiniLeaderBoard.jsx": {"path":"/Users/chardi/Documents/Projects/javascript/LooBreak/frontend/src/components/MiniLeaderBoard.jsx","statementMap":{"0":{"start":{"line":17,"column":15},"end":{"line":17,"column":null}},"1":{"start":{"line":18,"column":19},"end":{"line":18,"column":null}},"2":{"start":{"line":21,"column":23},"end":{"line":25,"column":null}},"3":{"start":{"line":29,"column":2},"end":{"line":30,"column":22}},"4":{"start":{"line":29,"column":43},"end":{"line":30,"column":22}},"5":{"start":{"line":42,"column":23},"end":{"line":42,"column":null}},"6":{"start":{"line":43,"column":29},"end":{"line":43,"column":null}},"7":{"start":{"line":44,"column":29},"end":{"line":44,"column":null}},"8":{"start":{"line":45,"column":25},"end":{"line":45,"column":null}},"9":{"start":{"line":47,"column":2},"end":{"line":61,"column":null}},"10":{"start":{"line":48,"column":25},"end":{"line":59,"column":null}},"11":{"start":{"line":49,"column":6},"end":{"line":58,"column":null}},"12":{"start":{"line":50,"column":21},"end":{"line":50,"column":null}},"13":{"start":{"line":51,"column":25},"end":{"line":51,"column":null}},"14":{"start":{"line":52,"column":8},"end":{"line":52,"column":null}},"15":{"start":{"line":53,"column":8},"end":{"line":53,"column":null}},"16":{"start":{"line":55,"column":8},"end":{"line":55,"column":null}},"17":{"start":{"line":57,"column":8},"end":{"line":57,"column":null}},"18":{"start":{"line":60,"column":4},"end":{"line":60,"column":null}},"19":{"start":{"line":63,"column":2},"end":{"line":92,"column":null}},"20":{"start":{"line":90,"column":33},"end":{"line":92,"column":null}}},"fnMap":{"0":{"name":"MiniLeaderboardSkeletonRows","decl":{"start":{"line":28,"column":9},"end":{"line":28,"column":null}},"loc":{"start":{"line":28,"column":9},"end":{"line":39,"column":null}},"line":28},"1":{"name":"(anonymous_1)","decl":{"start":{"line":29,"column":39},"end":{"line":29,"column":40}},"loc":{"start":{"line":29,"column":43},"end":{"line":30,"column":22}},"line":29},"2":{"name":"MiniLeaderboard","decl":{"start":{"line":41,"column":24},"end":{"line":41,"column":null}},"loc":{"start":{"line":41,"column":24},"end":{"line":126,"column":null}},"line":41},"3":{"name":"(anonymous_3)","decl":{"start":{"line":47,"column":12},"end":{"line":47,"column":null}},"loc":{"start":{"line":47,"column":12},"end":{"line":61,"column":5}},"line":47},"4":{"name":"(anonymous_4)","decl":{"start":{"line":48,"column":25},"end":{"line":48,"column":null}},"loc":{"start":{"line":48,"column":25},"end":{"line":59,"column":null}},"line":48},"5":{"name":"(anonymous_5)","decl":{"start":{"line":90,"column":24},"end":{"line":90,"column":25}},"loc":{"start":{"line":90,"column":33},"end":{"line":92,"column":null}},"line":90}},"branchMap":{"0":{"loc":{"start":{"line":78,"column":11},"end":{"line":92,"column":null}},"type":"cond-expr","locations":[{"start":{"line":78,"column":11},"end":{"line":80,"column":null}},{"start":{"line":80,"column":14},"end":{"line":92,"column":null}}],"line":78},"1":{"loc":{"start":{"line":80,"column":14},"end":{"line":92,"column":null}},"type":"cond-expr","locations":[{"start":{"line":80,"column":14},"end":{"line":90,"column":20}},{"start":{"line":90,"column":12},"end":{"line":92,"column":null}}],"line":80},"2":{"loc":{"start":{"line":93,"column":27},"end":{"line":93,"column":null}},"type":"cond-expr","locations":[{"start":{"line":93,"column":35},"end":{"line":93,"column":52}},{"start":{"line":93,"column":55},"end":{"line":93,"column":null}}],"line":93},"3":{"loc":{"start":{"line":96,"column":19},"end":{"line":104,"column":null}},"type":"cond-expr","locations":[{"start":{"line":96,"column":23},"end":{"line":103,"column":21}},{"start":{"line":103,"column":20},"end":{"line":104,"column":null}}],"line":96}},"s":{"0":3,"1":3,"2":3,"3":18,"4":54,"5":34,"6":34,"7":34,"8":34,"9":34,"10":18,"11":18,"12":18,"13":4,"14":4,"15":4,"16":12,"17":16,"18":18,"19":34,"20":12},"f":{"0":18,"1":54,"2":34,"3":18,"4":18,"5":12},"b":{"0":[18,16],"1":[12,4],"2":[12,0],"3":[12,0]},"meta":{"lastBranch":4,"lastFunction":6,"lastStatement":21,"seen":{"s:17:15:17:Infinity":0,"s:18:19:18:Infinity":1,"s:21:23:25:Infinity":2,"f:28:9:28:Infinity":0,"s:29:2:30:22":3,"f:29:39:29:40":1,"s:29:43:30:22":4,"f:41:24:41:Infinity":2,"s:42:23:42:Infinity":5,"s:43:29:43:Infinity":6,"s:44:29:44:Infinity":7,"s:45:25:45:Infinity":8,"s:47:2:61:Infinity":9,"f:47:12:47:Infinity":3,"s:48:25:59:Infinity":10,"f:48:25:48:Infinity":4,"s:49:6:58:Infinity":11,"s:50:21:50:Infinity":12,"s:51:25:51:Infinity":13,"s:52:8:52:Infinity":14,"s:53:8:53:Infinity":15,"s:55:8:55:Infinity":16,"s:57:8:57:Infinity":17,"s:60:4:60:Infinity":18,"s:63:2:92:Infinity":19,"b:78:11:80:Infinity:80:14:92:Infinity":0,"b:80:14:90:20:90:12:92:Infinity":1,"f:90:24:90:25":5,"s:90:33:92:Infinity":20,"b:93:35:93:52:93:55:93:Infinity":2,"b:96:23:103:21:103:20:104:Infinity":3},"fnNames":{}}}
,"/Users/chardi/Documents/Projects/javascript/LooBreak/frontend/src/components/NavBar.jsx": {"path":"/Users/chardi/Documents/Projects/javascript/LooBreak/frontend/src/components/NavBar.jsx","statementMap":{"0":{"start":{"line":10,"column":21},"end":{"line":16,"column":null}},"1":{"start":{"line":11,"column":2},"end":{"line":16,"column":null}},"2":{"start":{"line":19,"column":27},"end":{"line":19,"column":null}},"3":{"start":{"line":21,"column":2},"end":{"line":75,"column":null}}},"fnMap":{"0":{"name":"(anonymous_0)","decl":{"start":{"line":10,"column":21},"end":{"line":10,"column":22}},"loc":{"start":{"line":11,"column":2},"end":{"line":16,"column":null}},"line":11},"1":{"name":"NavBar","decl":{"start":{"line":18,"column":24},"end":{"line":18,"column":null}},"loc":{"start":{"line":18,"column":24},"end":{"line":82,"column":null}},"line":18}},"branchMap":{"0":{"loc":{"start":{"line":13,"column":4},"end":{"line":15,"column":null}},"type":"cond-expr","locations":[{"start":{"line":14,"column":8},"end":{"line":14,"column":null}},{"start":{"line":15,"column":8},"end":{"line":15,"column":null}}],"line":13},"1":{"loc":{"start":{"line":69,"column":24},"end":{"line":69,"column":null}},"type":"cond-expr","locations":[{"start":{"line":69,"column":33},"end":{"line":69,"column":58}},{"start":{"line":69,"column":58},"end":{"line":69,"column":null}}],"line":69},"2":{"loc":{"start":{"line":72,"column":13},"end":{"line":75,"column":null}},"type":"cond-expr","locations":[{"start":{"line":72,"column":13},"end":{"line":75,"column":15}},{"start":{"line":75,"column":14},"end":{"line":75,"column":null}}],"line":72}},"s":{"0":5,"1":189,"2":60,"3":60},"f":{"0":189,"1":60},"b":{"0":[63,126],"1":[0,60],"2":[0,60]},"meta":{"lastBranch":3,"lastFunction":2,"lastStatement":4,"seen":{"s:10:21:16:Infinity":0,"f:10:21:10:22":0,"s:11:2:16:Infinity":1,"b:14:8:14:Infinity:15:8:15:Infinity":0,"f:18:24:18:Infinity":1,"s:19:27:19:Infinity":2,"s:21:2:75:Infinity":3,"b:69:33:69:58:69:58:69:Infinity":1,"b:72:13:75:15:75:14:75:Infinity":2},"fnNames":{}}}
,"/Users/chardi/Documents/Projects/javascript/LooBreak/frontend/src/components/PageLayout.jsx": {"path":"/Users/chardi/Documents/Projects/javascript/LooBreak/frontend/src/components/PageLayout.jsx","statementMap":{"0":{"start":{"line":10,"column":2},"end":{"line":16,"column":null}}},"fnMap":{"0":{"name":"PageLayout","decl":{"start":{"line":9,"column":24},"end":{"line":9,"column":35}},"loc":{"start":{"line":9,"column":66},"end":{"line":19,"column":null}},"line":9}},"branchMap":{"0":{"loc":{"start":{"line":9,"column":47},"end":{"line":9,"column":64}},"type":"default-arg","locations":[{"start":{"line":9,"column":60},"end":{"line":9,"column":64}}],"line":9},"1":{"loc":{"start":{"line":16,"column":7},"end":{"line":16,"column":null}},"type":"binary-expr","locations":[{"start":{"line":16,"column":7},"end":{"line":16,"column":21}},{"start":{"line":16,"column":7},"end":{"line":16,"column":null}}],"line":16}},"s":{"0":53},"f":{"0":53},"b":{"0":[53],"1":[53,15]},"meta":{"lastBranch":2,"lastFunction":1,"lastStatement":1,"seen":{"f:9:24:9:35":0,"b:9:60:9:64":0,"s:10:2:16:Infinity":0,"b:16:7:16:21:16:7:16:Infinity":1},"fnNames":{}}}
,"/Users/chardi/Documents/Projects/javascript/LooBreak/frontend/src/components/Results.jsx": {"path":"/Users/chardi/Documents/Projects/javascript/LooBreak/frontend/src/components/Results.jsx","statementMap":{"0":{"start":{"line":5,"column":17},"end":{"line":17,"column":null}},"1":{"start":{"line":20,"column":29},"end":{"line":20,"column":null}},"2":{"start":{"line":22,"column":2},"end":{"line":24,"column":null}},"3":{"start":{"line":23,"column":4},"end":{"line":23,"column":null}},"4":{"start":{"line":26,"column":2},"end":{"line":45,"column":null}}},"fnMap":{"0":{"name":"Results","decl":{"start":{"line":19,"column":24},"end":{"line":19,"column":32}},"loc":{"start":{"line":19,"column":48},"end":{"line":50,"column":null}},"line":19},"1":{"name":"(anonymous_1)","decl":{"start":{"line":22,"column":12},"end":{"line":22,"column":null}},"loc":{"start":{"line":22,"column":12},"end":{"line":24,"column":5}},"line":22}},"branchMap":{},"s":{"0":3,"1":6,"2":6,"3":3,"4":6},"f":{"0":6,"1":3},"b":{},"meta":{"lastBranch":0,"lastFunction":2,"lastStatement":5,"seen":{"s:5:17:17:Infinity":0,"f:19:24:19:32":0,"s:20:29:20:Infinity":1,"s:22:2:24:Infinity":2,"f:22:12:22:Infinity":1,"s:23:4:23:Infinity":3,"s:26:2:45:Infinity":4},"fnNames":{}}}
,"/Users/chardi/Documents/Projects/javascript/LooBreak/frontend/src/components/ResultsForm.jsx": {"path":"/Users/chardi/Documents/Projects/javascript/LooBreak/frontend/src/components/ResultsForm.jsx","statementMap":{"0":{"start":{"line":10,"column":16},"end":{"line":10,"column":27}},"1":{"start":{"line":11,"column":8},"end":{"line":11,"column":null}},"2":{"start":{"line":12,"column":31},"end":{"line":15,"column":null}},"3":{"start":{"line":16,"column":27},"end":{"line":16,"column":null}},"4":{"start":{"line":17,"column":29},"end":{"line":58,"column":null}},"5":{"start":{"line":18,"column":23},"end":{"line":39,"column":null}},"6":{"start":{"line":40,"column":18},"end":{"line":53,"column":null}},"7":{"start":{"line":54,"column":16},"end":{"line":54,"column":73}},"8":{"start":{"line":55,"column":17},"end":{"line":55,"column":64}},"9":{"start":{"line":56,"column":16},"end":{"line":56,"column":null}},"10":{"start":{"line":57,"column":4},"end":{"line":57,"column":null}},"11":{"start":{"line":57,"column":27},"end":{"line":57,"column":null}},"12":{"start":{"line":60,"column":23},"end":{"line":63,"column":null}},"13":{"start":{"line":61,"column":28},"end":{"line":61,"column":40}},"14":{"start":{"line":62,"column":4},"end":{"line":62,"column":null}},"15":{"start":{"line":62,"column":27},"end":{"line":62,"column":null}},"16":{"start":{"line":66,"column":4},"end":{"line":66,"column":null}},"17":{"start":{"line":67,"column":4},"end":{"line":94,"column":null}},"18":{"start":{"line":68,"column":24},"end":{"line":68,"column":null}},"19":{"start":{"line":69,"column":6},"end":{"line":70,"column":null}},"20":{"start":{"line":70,"column":8},"end":{"line":70,"column":null}},"21":{"start":{"line":71,"column":6},"end":{"line":73,"column":null}},"22":{"start":{"line":72,"column":8},"end":{"line":73,"column":null}},"23":{"start":{"line":74,"column":6},"end":{"line":76,"column":null}},"24":{"start":{"line":75,"column":8},"end":{"line":75,"column":null}},"25":{"start":{"line":77,"column":6},"end":{"line":77,"column":null}},"26":{"start":{"line":77,"column":32},"end":{"line":77,"column":null}},"27":{"start":{"line":78,"column":6},"end":{"line":81,"column":null}},"28":{"start":{"line":79,"column":8},"end":{"line":79,"column":null}},"29":{"start":{"line":80,"column":8},"end":{"line":80,"column":null}},"30":{"start":{"line":83,"column":45},"end":{"line":83,"column":null}},"31":{"start":{"line":84,"column":23},"end":{"line":88,"column":null}},"32":{"start":{"line":89,"column":6},"end":{"line":89,"column":null}},"33":{"start":{"line":90,"column":6},"end":{"line":90,"column":null}},"34":{"start":{"line":92,"column":6},"end":{"line":92,"column":null}},"35":{"start":{"line":93,"column":6},"end":{"line":93,"column":null}},"36":{"start":{"line":97,"column":2},"end":{"line":156,"column":null}}},"fnMap":{"0":{"name":"ResultsForm","decl":{"start":{"line":9,"column":24},"end":{"line":9,"column":36}},"loc":{"start":{"line":9,"column":41},"end":{"line":164,"column":null}},"line":9},"1":{"name":"(anonymous_1)","decl":{"start":{"line":17,"column":29},"end":{"line":17,"column":null}},"loc":{"start":{"line":17,"column":29},"end":{"line":58,"column":null}},"line":17},"2":{"name":"(anonymous_2)","decl":{"start":{"line":57,"column":16},"end":{"line":57,"column":17}},"loc":{"start":{"line":57,"column":27},"end":{"line":57,"column":null}},"line":57},"3":{"name":"(anonymous_3)","decl":{"start":{"line":60,"column":23},"end":{"line":60,"column":24}},"loc":{"start":{"line":60,"column":24},"end":{"line":63,"column":null}},"line":60},"4":{"name":"(anonymous_4)","decl":{"start":{"line":62,"column":16},"end":{"line":62,"column":17}},"loc":{"start":{"line":62,"column":27},"end":{"line":62,"column":null}},"line":62},"5":{"name":"handleSubmit","decl":{"start":{"line":65,"column":17},"end":{"line":65,"column":30}},"loc":{"start":{"line":65,"column":35},"end":{"line":95,"column":null}},"line":65}},"branchMap":{"0":{"loc":{"start":{"line":69,"column":6},"end":{"line":70,"column":null}},"type":"if","locations":[{"start":{"line":69,"column":6},"end":{"line":70,"column":null}},{"start":{},"end":{}}],"line":69},"1":{"loc":{"start":{"line":71,"column":6},"end":{"line":73,"column":null}},"type":"if","locations":[{"start":{"line":71,"column":6},"end":{"line":73,"column":null}},{"start":{},"end":{}}],"line":71},"2":{"loc":{"start":{"line":74,"column":6},"end":{"line":76,"column":null}},"type":"if","locations":[{"start":{"line":74,"column":6},"end":{"line":76,"column":null}},{"start":{},"end":{}}],"line":74},"3":{"loc":{"start":{"line":77,"column":6},"end":{"line":77,"column":null}},"type":"if","locations":[{"start":{"line":77,"column":6},"end":{"line":77,"column":null}},{"start":{},"end":{}}],"line":77},"4":{"loc":{"start":{"line":78,"column":6},"end":{"line":81,"column":null}},"type":"if","locations":[{"start":{"line":78,"column":6},"end":{"line":81,"column":null}},{"start":{},"end":{}}],"line":78},"5":{"loc":{"start":{"line":123,"column":16},"end":{"line":123,"column":null}},"type":"cond-expr","locations":[{"start":{"line":123,"column":36},"end":{"line":123,"column":57}},{"start":{"line":123,"column":57},"end":{"line":123,"column":null}}],"line":123},"6":{"loc":{"start":{"line":127,"column":13},"end":{"line":134,"column":null}},"type":"binary-expr","locations":[{"start":{"line":127,"column":13},"end":{"line":127,"column":30}},{"start":{"line":127,"column":30},"end":{"line":134,"column":null}}],"line":127}},"s":{"0":55,"1":55,"2":55,"3":55,"4":55,"5":1,"6":1,"7":1,"8":1,"9":1,"10":1,"11":1,"12":55,"13":40,"14":40,"15":40,"16":5,"17":5,"18":5,"19":5,"20":1,"21":5,"22":1,"23":5,"24":0,"25":5,"26":0,"27":5,"28":2,"29":2,"30":3,"31":3,"32":2,"33":2,"34":1,"35":1,"36":55},"f":{"0":55,"1":1,"2":1,"3":40,"4":40,"5":5},"b":{"0":[1,4],"1":[1,4],"2":[0,5],"3":[0,5],"4":[2,3],"5":[3,51],"6":[55,3]},"meta":{"lastBranch":7,"lastFunction":6,"lastStatement":37,"seen":{"f:9:24:9:36":0,"s:10:16:10:27":0,"s:11:8:11:Infinity":1,"s:12:31:15:Infinity":2,"s:16:27:16:Infinity":3,"s:17:29:58:Infinity":4,"f:17:29:17:Infinity":1,"s:18:23:39:Infinity":5,"s:40:18:53:Infinity":6,"s:54:16:54:73":7,"s:55:17:55:64":8,"s:56:16:56:Infinity":9,"s:57:4:57:Infinity":10,"f:57:16:57:17":2,"s:57:27:57:Infinity":11,"s:60:23:63:Infinity":12,"f:60:23:60:24":3,"s:61:28:61:40":13,"s:62:4:62:Infinity":14,"f:62:16:62:17":4,"s:62:27:62:Infinity":15,"f:65:17:65:30":5,"s:66:4:66:Infinity":16,"s:67:4:94:Infinity":17,"s:68:24:68:Infinity":18,"b:69:6:70:Infinity:undefined:undefined:undefined:undefined":0,"s:69:6:70:Infinity":19,"s:70:8:70:Infinity":20,"b:71:6:73:Infinity:undefined:undefined:undefined:undefined":1,"s:71:6:73:Infinity":21,"s:72:8:73:Infinity":22,"b:74:6:76:Infinity:undefined:undefined:undefined:undefined":2,"s:74:6:76:Infinity":23,"s:75:8:75:Infinity":24,"b:77:6:77:Infinity:undefined:undefined:undefined:undefined":3,"s:77:6:77:Infinity":25,"s:77:32:77:Infinity":26,"b:78:6:81:Infinity:undefined:undefined:undefined:undefined":4,"s:78:6:81:Infinity":27,"s:79:8:79:Infinity":28,"s:80:8:80:Infinity":29,"s:83:45:83:Infinity":30,"s:84:23:88:Infinity":31,"s:89:6:89:Infinity":32,"s:90:6:90:Infinity":33,"s:92:6:92:Infinity":34,"s:93:6:93:Infinity":35,"s:97:2:156:Infinity":36,"b:123:36:123:57:123:57:123:Infinity":5,"b:127:13:127:30:127:30:134:Infinity":6},"fnNames":{}}}
,"/Users/chardi/Documents/Projects/javascript/LooBreak/frontend/src/components/ScoreBadge.jsx": {"path":"/Users/chardi/Documents/Projects/javascript/LooBreak/frontend/src/components/ScoreBadge.jsx","statementMap":{"0":{"start":{"line":8,"column":23},"end":{"line":8,"column":null}},"1":{"start":{"line":9,"column":25},"end":{"line":9,"column":null}},"2":{"start":{"line":10,"column":29},"end":{"line":10,"column":null}},"3":{"start":{"line":12,"column":2},"end":{"line":17,"column":null}},"4":{"start":{"line":13,"column":4},"end":{"line":16,"column":null}},"5":{"start":{"line":15,"column":22},"end":{"line":15,"column":null}},"6":{"start":{"line":16,"column":21},"end":{"line":16,"column":null}},"7":{"start":{"line":19,"column":22},"end":{"line":19,"column":null}},"8":{"start":{"line":21,"column":2},"end":{"line":46,"column":null}}},"fnMap":{"0":{"name":"ScoreBadge","decl":{"start":{"line":7,"column":24},"end":{"line":7,"column":35}},"loc":{"start":{"line":7,"column":43},"end":{"line":53,"column":null}},"line":7},"1":{"name":"(anonymous_1)","decl":{"start":{"line":12,"column":12},"end":{"line":12,"column":null}},"loc":{"start":{"line":12,"column":12},"end":{"line":17,"column":5}},"line":12},"2":{"name":"(anonymous_2)","decl":{"start":{"line":15,"column":13},"end":{"line":15,"column":14}},"loc":{"start":{"line":15,"column":22},"end":{"line":15,"column":null}},"line":15},"3":{"name":"(anonymous_3)","decl":{"start":{"line":16,"column":15},"end":{"line":16,"column":21}},"loc":{"start":{"line":16,"column":21},"end":{"line":16,"column":null}},"line":16}},"branchMap":{"0":{"loc":{"start":{"line":27,"column":7},"end":{"line":46,"column":null}},"type":"cond-expr","locations":[{"start":{"line":27,"column":7},"end":{"line":31,"column":null}},{"start":{"line":31,"column":10},"end":{"line":46,"column":null}}],"line":27},"1":{"loc":{"start":{"line":31,"column":10},"end":{"line":46,"column":null}},"type":"cond-expr","locations":[{"start":{"line":31,"column":10},"end":{"line":34,"column":9}},{"start":{"line":34,"column":8},"end":{"line":46,"column":null}}],"line":31},"2":{"loc":{"start":{"line":35,"column":19},"end":{"line":35,"column":null}},"type":"cond-expr","locations":[{"start":{"line":35,"column":33},"end":{"line":35,"column":45}},{"start":{"line":35,"column":45},"end":{"line":35,"column":null}}],"line":35},"3":{"loc":{"start":{"line":39,"column":17},"end":{"line":39,"column":null}},"type":"cond-expr","locations":[{"start":{"line":39,"column":31},"end":{"line":39,"column":44}},{"start":{"line":39,"column":44},"end":{"line":39,"column":null}}],"line":39},"4":{"loc":{"start":{"line":40,"column":17},"end":{"line":40,"column":null}},"type":"cond-expr","locations":[{"start":{"line":40,"column":31},"end":{"line":40,"column":46}},{"start":{"line":40,"column":46},"end":{"line":40,"column":null}}],"line":40}},"s":{"0":3,"1":3,"2":3,"3":3,"4":1,"5":0,"6":1,"7":3,"8":3},"f":{"0":3,"1":1,"2":0,"3":1},"b":{"0":[0,3],"1":[2,1],"2":[0,1],"3":[0,1],"4":[0,1]},"meta":{"lastBranch":5,"lastFunction":4,"lastStatement":9,"seen":{"f:7:24:7:35":0,"s:8:23:8:Infinity":0,"s:9:25:9:Infinity":1,"s:10:29:10:Infinity":2,"s:12:2:17:Infinity":3,"f:12:12:12:Infinity":1,"s:13:4:16:Infinity":4,"f:15:13:15:14":2,"s:15:22:15:Infinity":5,"f:16:15:16:21":3,"s:16:21:16:Infinity":6,"s:19:22:19:Infinity":7,"s:21:2:46:Infinity":8,"b:27:7:31:Infinity:31:10:46:Infinity":0,"b:31:10:34:9:34:8:46:Infinity":1,"b:35:33:35:45:35:45:35:Infinity":2,"b:39:31:39:44:39:44:39:Infinity":3,"b:40:31:40:46:40:46:40:Infinity":4},"fnNames":{}}}
,"/Users/chardi/Documents/Projects/javascript/LooBreak/frontend/src/components/icebreaker.jsx": {"path":"/Users/chardi/Documents/Projects/javascript/LooBreak/frontend/src/components/icebreaker.jsx","statementMap":{"0":{"start":{"line":1,"column":0},"end":{"line":1,"column":null}},"1":{"start":{"line":17,"column":37},"end":{"line":17,"column":null}},"2":{"start":{"line":18,"column":29},"end":{"line":18,"column":null}},"3":{"start":{"line":19,"column":25},"end":{"line":19,"column":null}},"4":{"start":{"line":20,"column":27},"end":{"line":20,"column":null}},"5":{"start":{"line":22,"column":27},"end":{"line":34,"column":null}},"6":{"start":{"line":23,"column":4},"end":{"line":23,"column":null}},"7":{"start":{"line":24,"column":4},"end":{"line":24,"column":null}},"8":{"start":{"line":25,"column":4},"end":{"line":33,"column":null}},"9":{"start":{"line":26,"column":29},"end":{"line":26,"column":null}},"10":{"start":{"line":27,"column":6},"end":{"line":27,"column":null}},"11":{"start":{"line":29,"column":6},"end":{"line":29,"column":null}},"12":{"start":{"line":30,"column":6},"end":{"line":30,"column":null}},"13":{"start":{"line":32,"column":6},"end":{"line":32,"column":null}},"14":{"start":{"line":36,"column":2},"end":{"line":43,"column":null}},"15":{"start":{"line":37,"column":4},"end":{"line":37,"column":null}},"16":{"start":{"line":37,"column":17},"end":{"line":37,"column":null}},"17":{"start":{"line":38,"column":15},"end":{"line":41,"column":null}},"18":{"start":{"line":39,"column":17},"end":{"line":39,"column":null}},"19":{"start":{"line":40,"column":6},"end":{"line":40,"column":null}},"20":{"start":{"line":42,"column":4},"end":{"line":42,"column":null}},"21":{"start":{"line":42,"column":17},"end":{"line":42,"column":null}},"22":{"start":{"line":45,"column":2},"end":{"line":117,"column":null}},"23":{"start":{"line":49,"column":8},"end":{"line":49,"column":null}},"24":{"start":{"line":50,"column":8},"end":{"line":50,"column":null}},"25":{"start":{"line":50,"column":18},"end":{"line":50,"column":null}},"26":{"start":{"line":71,"column":38},"end":{"line":71,"column":null}},"27":{"start":{"line":95,"column":44},"end":{"line":97,"column":null}},"28":{"start":{"line":101,"column":26},"end":{"line":103,"column":null}},"29":{"start":{"line":102,"column":28},"end":{"line":102,"column":null}}},"fnMap":{"0":{"name":"Icebreaker","decl":{"start":{"line":16,"column":24},"end":{"line":16,"column":null}},"loc":{"start":{"line":16,"column":24},"end":{"line":126,"column":null}},"line":16},"1":{"name":"(anonymous_1)","decl":{"start":{"line":22,"column":27},"end":{"line":22,"column":null}},"loc":{"start":{"line":22,"column":27},"end":{"line":34,"column":null}},"line":22},"2":{"name":"(anonymous_2)","decl":{"start":{"line":36,"column":12},"end":{"line":36,"column":null}},"loc":{"start":{"line":36,"column":12},"end":{"line":43,"column":5}},"line":36},"3":{"name":"(anonymous_3)","decl":{"start":{"line":38,"column":37},"end":{"line":38,"column":null}},"loc":{"start":{"line":38,"column":37},"end":{"line":41,"column":null}},"line":38},"4":{"name":"(anonymous_4)","decl":{"start":{"line":42,"column":11},"end":{"line":42,"column":17}},"loc":{"start":{"line":42,"column":17},"end":{"line":42,"column":null}},"line":42},"5":{"name":"(anonymous_5)","decl":{"start":{"line":48,"column":20},"end":{"line":48,"column":21}},"loc":{"start":{"line":48,"column":21},"end":{"line":51,"column":null}},"line":48},"6":{"name":"(anonymous_6)","decl":{"start":{"line":71,"column":31},"end":{"line":71,"column":32}},"loc":{"start":{"line":71,"column":38},"end":{"line":71,"column":null}},"line":71},"7":{"name":"(anonymous_7)","decl":{"start":{"line":95,"column":37},"end":{"line":95,"column":38}},"loc":{"start":{"line":95,"column":44},"end":{"line":97,"column":null}},"line":95},"8":{"name":"(anonymous_8)","decl":{"start":{"line":100,"column":29},"end":{"line":100,"column":30}},"loc":{"start":{"line":100,"column":30},"end":{"line":104,"column":null}},"line":100}},"branchMap":{"0":{"loc":{"start":{"line":37,"column":4},"end":{"line":37,"column":null}},"type":"if","locations":[{"start":{"line":37,"column":4},"end":{"line":37,"column":null}},{"start":{},"end":{}}],"line":37},"1":{"loc":{"start":{"line":50,"column":8},"end":{"line":50,"column":null}},"type":"if","locations":[{"start":{"line":50,"column":8},"end":{"line":50,"column":null}},{"start":{},"end":{}}],"line":50},"2":{"loc":{"start":{"line":60,"column":11},"end":{"line":60,"column":73}},"type":"cond-expr","locations":[{"start":{"line":60,"column":20},"end":{"line":60,"column":45}},{"start":{"line":60,"column":45},"end":{"line":60,"column":73}}],"line":60},"3":{"loc":{"start":{"line":76,"column":19},"end":{"line":82,"column":null}},"type":"binary-expr","locations":[{"start":{"line":76,"column":19},"end":{"line":76,"column":null}},{"start":{"line":79,"column":20},"end":{"line":82,"column":null}}],"line":76},"4":{"loc":{"start":{"line":86,"column":17},"end":{"line":88,"column":null}},"type":"binary-expr","locations":[{"start":{"line":86,"column":17},"end":{"line":86,"column":null}},{"start":{"line":86,"column":17},"end":{"line":88,"column":null}}],"line":86},"5":{"loc":{"start":{"line":92,"column":17},"end":{"line":97,"column":null}},"type":"binary-expr","locations":[{"start":{"line":92,"column":17},"end":{"line":92,"column":29}},{"start":{"line":92,"column":29},"end":{"line":92,"column":null}},{"start":{"line":92,"column":50},"end":{"line":97,"column":null}}],"line":92},"6":{"loc":{"start":{"line":101,"column":26},"end":{"line":103,"column":null}},"type":"if","locations":[{"start":{"line":101,"column":26},"end":{"line":103,"column":null}},{"start":{},"end":{}}],"line":101},"7":{"loc":{"start":{"line":101,"column":30},"end":{"line":101,"column":51}},"type":"binary-expr","locations":[{"start":{"line":101,"column":30},"end":{"line":101,"column":45}},{"start":{"line":101,"column":45},"end":{"line":101,"column":51}}],"line":101}},"s":{"0":2,"1":13,"2":13,"3":13,"4":13,"5":13,"6":1,"7":1,"8":1,"9":1,"10":0,"11":1,"12":1,"13":1,"14":13,"15":13,"16":12,"17":1,"18":0,"19":0,"20":1,"21":1,"22":13,"23":1,"24":1,"25":1,"26":1,"27":0,"28":0,"29":0},"f":{"0":13,"1":1,"2":13,"3":0,"4":1,"5":1,"6":1,"7":0,"8":0},"b":{"0":[12,1],"1":[1,0],"2":[1,12],"3":[13,1],"4":[13,0],"5":[13,12,0],"6":[0,0],"7":[0,0]},"meta":{"lastBranch":8,"lastFunction":9,"lastStatement":30,"seen":{"s:1:0:1:Infinity":0,"f:16:24:16:Infinity":0,"s:17:37:17:Infinity":1,"s:18:29:18:Infinity":2,"s:19:25:19:Infinity":3,"s:20:27:20:Infinity":4,"s:22:27:34:Infinity":5,"f:22:27:22:Infinity":1,"s:23:4:23:Infinity":6,"s:24:4:24:Infinity":7,"s:25:4:33:Infinity":8,"s:26:29:26:Infinity":9,"s:27:6:27:Infinity":10,"s:29:6:29:Infinity":11,"s:30:6:30:Infinity":12,"s:32:6:32:Infinity":13,"s:36:2:43:Infinity":14,"f:36:12:36:Infinity":2,"b:37:4:37:Infinity:undefined:undefined:undefined:undefined":0,"s:37:4:37:Infinity":15,"s:37:17:37:Infinity":16,"s:38:15:41:Infinity":17,"f:38:37:38:Infinity":3,"s:39:17:39:Infinity":18,"s:40:6:40:Infinity":19,"s:42:4:42:Infinity":20,"f:42:11:42:17":4,"s:42:17:42:Infinity":21,"s:45:2:117:Infinity":22,"f:48:20:48:21":5,"s:49:8:49:Infinity":23,"b:50:8:50:Infinity:undefined:undefined:undefined:undefined":1,"s:50:8:50:Infinity":24,"s:50:18:50:Infinity":25,"b:60:20:60:45:60:45:60:73":2,"f:71:31:71:32":6,"s:71:38:71:Infinity":26,"b:76:19:76:Infinity:79:20:82:Infinity":3,"b:86:17:86:Infinity:86:17:88:Infinity":4,"b:92:17:92:29:92:29:92:Infinity:92:50:97:Infinity":5,"f:95:37:95:38":7,"s:95:44:97:Infinity":27,"f:100:29:100:30":8,"b:101:26:103:Infinity:undefined:undefined:undefined:undefined":6,"s:101:26:103:Infinity":28,"b:101:30:101:45:101:45:101:51":7,"s:102:28:102:Infinity":29},"fnNames":{}}}
,"/Users/chardi/Documents/Projects/javascript/LooBreak/frontend/src/components/ui/badge.jsx": {"path":"/Users/chardi/Documents/Projects/javascript/LooBreak/frontend/src/components/ui/badge.jsx","statementMap":{"0":{"start":{"line":7,"column":6},"end":{"line":26,"column":null}},"1":{"start":{"line":30,"column":15},"end":{"line":30,"column":null}},"2":{"start":{"line":32,"column":2},"end":{"line":37,"column":null}}},"fnMap":{"0":{"name":"Badge","decl":{"start":{"line":29,"column":9},"end":{"line":29,"column":15}},"loc":{"start":{"line":29,"column":76},"end":{"line":40,"column":null}},"line":29}},"branchMap":{"0":{"loc":{"start":{"line":29,"column":28},"end":{"line":29,"column":47}},"type":"default-arg","locations":[{"start":{"line":29,"column":38},"end":{"line":29,"column":47}}],"line":29},"1":{"loc":{"start":{"line":29,"column":49},"end":{"line":29,"column":64}},"type":"default-arg","locations":[{"start":{"line":29,"column":59},"end":{"line":29,"column":64}}],"line":29},"2":{"loc":{"start":{"line":30,"column":15},"end":{"line":30,"column":null}},"type":"cond-expr","locations":[{"start":{"line":30,"column":25},"end":{"line":30,"column":34}},{"start":{"line":30,"column":37},"end":{"line":30,"column":null}}],"line":30}},"s":{"0":2,"1":3,"2":3},"f":{"0":3},"b":{"0":[3],"1":[3],"2":[0,3]},"meta":{"lastBranch":3,"lastFunction":1,"lastStatement":3,"seen":{"s:7:6:26:Infinity":0,"f:29:9:29:15":0,"b:29:38:29:47":0,"b:29:59:29:64":1,"s:30:15:30:Infinity":1,"b:30:25:30:34:30:37:30:Infinity":2,"s:32:2:37:Infinity":2},"fnNames":{}}}
,"/Users/chardi/Documents/Projects/javascript/LooBreak/frontend/src/components/ui/button.jsx": {"path":"/Users/chardi/Documents/Projects/javascript/LooBreak/frontend/src/components/ui/button.jsx","statementMap":{"0":{"start":{"line":7,"column":6},"end":{"line":38,"column":null}},"1":{"start":{"line":41,"column":15},"end":{"line":64,"column":null}},"2":{"start":{"line":52,"column":17},"end":{"line":52,"column":null}},"3":{"start":{"line":54,"column":4},"end":{"line":61,"column":null}},"4":{"start":{"line":67,"column":0},"end":{"line":67,"column":null}}},"fnMap":{"0":{"name":"(anonymous_0)","decl":{"start":{"line":42,"column":2},"end":{"line":42,"column":null}},"loc":{"start":{"line":50,"column":4},"end":{"line":64,"column":null}},"line":50}},"branchMap":{"0":{"loc":{"start":{"line":45,"column":6},"end":{"line":45,"column":25}},"type":"default-arg","locations":[{"start":{"line":45,"column":16},"end":{"line":45,"column":25}}],"line":45},"1":{"loc":{"start":{"line":46,"column":6},"end":{"line":46,"column":22}},"type":"default-arg","locations":[{"start":{"line":46,"column":13},"end":{"line":46,"column":22}}],"line":46},"2":{"loc":{"start":{"line":47,"column":6},"end":{"line":47,"column":21}},"type":"default-arg","locations":[{"start":{"line":47,"column":16},"end":{"line":47,"column":21}}],"line":47},"3":{"loc":{"start":{"line":52,"column":17},"end":{"line":52,"column":null}},"type":"cond-expr","locations":[{"start":{"line":52,"column":27},"end":{"line":52,"column":36}},{"start":{"line":52,"column":39},"end":{"line":52,"column":null}}],"line":52}},"s":{"0":5,"1":5,"2":280,"3":280,"4":5},"f":{"0":280},"b":{"0":[280],"1":[280],"2":[280],"3":[0,280]},"meta":{"lastBranch":4,"lastFunction":1,"lastStatement":5,"seen":{"s:7:6:38:Infinity":0,"s:41:15:64:Infinity":1,"f:42:2:42:Infinity":0,"b:45:16:45:25":0,"b:46:13:46:22":1,"b:47:16:47:21":2,"s:52:17:52:Infinity":2,"b:52:27:52:36:52:39:52:Infinity":3,"s:54:4:61:Infinity":3,"s:67:0:67:Infinity":4},"fnNames":{}}}
,"/Users/chardi/Documents/Projects/javascript/LooBreak/frontend/src/components/ui/card.jsx": {"path":"/Users/chardi/Documents/Projects/javascript/LooBreak/frontend/src/components/ui/card.jsx","statementMap":{"0":{"start":{"line":6,"column":2},"end":{"line":13,"column":null}},"1":{"start":{"line":19,"column":2},"end":{"line":26,"column":null}},"2":{"start":{"line":32,"column":2},"end":{"line":36,"column":null}},"3":{"start":{"line":42,"column":2},"end":{"line":46,"column":null}},"4":{"start":{"line":52,"column":2},"end":{"line":59,"column":null}},"5":{"start":{"line":65,"column":2},"end":{"line":69,"column":null}},"6":{"start":{"line":75,"column":2},"end":{"line":79,"column":null}}},"fnMap":{"0":{"name":"Card","decl":{"start":{"line":5,"column":9},"end":{"line":5,"column":14}},"loc":{"start":{"line":5,"column":37},"end":{"line":16,"column":null}},"line":5},"1":{"name":"CardHeader","decl":{"start":{"line":18,"column":9},"end":{"line":18,"column":20}},"loc":{"start":{"line":18,"column":43},"end":{"line":29,"column":null}},"line":18},"2":{"name":"CardTitle","decl":{"start":{"line":31,"column":9},"end":{"line":31,"column":19}},"loc":{"start":{"line":31,"column":42},"end":{"line":39,"column":null}},"line":31},"3":{"name":"CardDescription","decl":{"start":{"line":41,"column":9},"end":{"line":41,"column":25}},"loc":{"start":{"line":41,"column":48},"end":{"line":49,"column":null}},"line":41},"4":{"name":"CardAction","decl":{"start":{"line":51,"column":9},"end":{"line":51,"column":20}},"loc":{"start":{"line":51,"column":43},"end":{"line":62,"column":null}},"line":51},"5":{"name":"CardContent","decl":{"start":{"line":64,"column":9},"end":{"line":64,"column":21}},"loc":{"start":{"line":64,"column":44},"end":{"line":72,"column":null}},"line":64},"6":{"name":"CardFooter","decl":{"start":{"line":74,"column":9},"end":{"line":74,"column":20}},"loc":{"start":{"line":74,"column":43},"end":{"line":82,"column":null}},"line":74}},"branchMap":{},"s":{"0":60,"1":6,"2":0,"3":0,"4":0,"5":60,"6":0},"f":{"0":60,"1":6,"2":0,"3":0,"4":0,"5":60,"6":0},"b":{},"meta":{"lastBranch":0,"lastFunction":7,"lastStatement":7,"seen":{"f:5:9:5:14":0,"s:6:2:13:Infinity":0,"f:18:9:18:20":1,"s:19:2:26:Infinity":1,"f:31:9:31:19":2,"s:32:2:36:Infinity":2,"f:41:9:41:25":3,"s:42:2:46:Infinity":3,"f:51:9:51:20":4,"s:52:2:59:Infinity":4,"f:64:9:64:21":5,"s:65:2:69:Infinity":5,"f:74:9:74:20":6,"s:75:2:79:Infinity":6},"fnNames":{}}}
,"/Users/chardi/Documents/Projects/javascript/LooBreak/frontend/src/components/ui/drawer.jsx": {"path":"/Users/chardi/Documents/Projects/javascript/LooBreak/frontend/src/components/ui/drawer.jsx","statementMap":{"0":{"start":{"line":7,"column":2},"end":{"line":7,"column":null}},"1":{"start":{"line":10,"column":22},"end":{"line":11,"column":null}},"2":{"start":{"line":10,"column":54},"end":{"line":11,"column":null}},"3":{"start":{"line":13,"column":0},"end":{"line":13,"column":null}},"4":{"start":{"line":15,"column":21},"end":{"line":17,"column":null}},"5":{"start":{"line":15,"column":63},"end":{"line":17,"column":null}},"6":{"start":{"line":20,"column":0},"end":{"line":20,"column":null}},"7":{"start":{"line":23,"column":2},"end":{"line":23,"column":null}},"8":{"start":{"line":26,"column":22},"end":{"line":34,"column":null}},"9":{"start":{"line":26,"column":65},"end":{"line":34,"column":null}},"10":{"start":{"line":37,"column":0},"end":{"line":37,"column":null}},"11":{"start":{"line":39,"column":22},"end":{"line":57,"column":null}},"12":{"start":{"line":40,"column":38},"end":{"line":57,"column":null}},"13":{"start":{"line":62,"column":0},"end":{"line":62,"column":null}},"14":{"start":{"line":65,"column":2},"end":{"line":72,"column":null}},"15":{"start":{"line":78,"column":2},"end":{"line":82,"column":null}},"16":{"start":{"line":88,"column":2},"end":{"line":92,"column":null}},"17":{"start":{"line":98,"column":2},"end":{"line":102,"column":null}}},"fnMap":{"0":{"name":"Drawer","decl":{"start":{"line":6,"column":9},"end":{"line":6,"column":16}},"loc":{"start":{"line":6,"column":28},"end":{"line":8,"column":null}},"line":6},"1":{"name":"(anonymous_1)","decl":{"start":{"line":10,"column":39},"end":{"line":10,"column":40}},"loc":{"start":{"line":10,"column":54},"end":{"line":11,"column":null}},"line":10},"2":{"name":"(anonymous_2)","decl":{"start":{"line":15,"column":38},"end":{"line":15,"column":39}},"loc":{"start":{"line":15,"column":63},"end":{"line":17,"column":null}},"line":15},"3":{"name":"DrawerClose","decl":{"start":{"line":22,"column":9},"end":{"line":22,"column":21}},"loc":{"start":{"line":22,"column":33},"end":{"line":24,"column":null}},"line":22},"4":{"name":"(anonymous_4)","decl":{"start":{"line":26,"column":39},"end":{"line":26,"column":40}},"loc":{"start":{"line":26,"column":65},"end":{"line":34,"column":null}},"line":26},"5":{"name":"(anonymous_5)","decl":{"start":{"line":40,"column":2},"end":{"line":40,"column":3}},"loc":{"start":{"line":40,"column":38},"end":{"line":57,"column":null}},"line":40},"6":{"name":"DrawerHeader","decl":{"start":{"line":64,"column":9},"end":{"line":64,"column":22}},"loc":{"start":{"line":64,"column":45},"end":{"line":75,"column":null}},"line":64},"7":{"name":"DrawerFooter","decl":{"start":{"line":77,"column":9},"end":{"line":77,"column":22}},"loc":{"start":{"line":77,"column":45},"end":{"line":85,"column":null}},"line":77},"8":{"name":"DrawerTitle","decl":{"start":{"line":87,"column":9},"end":{"line":87,"column":21}},"loc":{"start":{"line":87,"column":44},"end":{"line":95,"column":null}},"line":87},"9":{"name":"DrawerDescription","decl":{"start":{"line":97,"column":9},"end":{"line":97,"column":27}},"loc":{"start":{"line":97,"column":50},"end":{"line":105,"column":null}},"line":97}},"branchMap":{},"s":{"0":17,"1":3,"2":16,"3":3,"4":3,"5":21,"6":3,"7":2,"8":3,"9":9,"10":3,"11":3,"12":5,"13":3,"14":0,"15":2,"16":0,"17":0},"f":{"0":17,"1":16,"2":21,"3":2,"4":9,"5":5,"6":0,"7":2,"8":0,"9":0},"b":{},"meta":{"lastBranch":0,"lastFunction":10,"lastStatement":18,"seen":{"f:6:9:6:16":0,"s:7:2:7:Infinity":0,"s:10:22:11:Infinity":1,"f:10:39:10:40":1,"s:10:54:11:Infinity":2,"s:13:0:13:Infinity":3,"s:15:21:17:Infinity":4,"f:15:38:15:39":2,"s:15:63:17:Infinity":5,"s:20:0:20:Infinity":6,"f:22:9:22:21":3,"s:23:2:23:Infinity":7,"s:26:22:34:Infinity":8,"f:26:39:26:40":4,"s:26:65:34:Infinity":9,"s:37:0:37:Infinity":10,"s:39:22:57:Infinity":11,"f:40:2:40:3":5,"s:40:38:57:Infinity":12,"s:62:0:62:Infinity":13,"f:64:9:64:22":6,"s:65:2:72:Infinity":14,"f:77:9:77:22":7,"s:78:2:82:Infinity":15,"f:87:9:87:21":8,"s:88:2:92:Infinity":16,"f:97:9:97:27":9,"s:98:2:102:Infinity":17},"fnNames":{}}}
,"/Users/chardi/Documents/Projects/javascript/LooBreak/frontend/src/components/ui/input.jsx": {"path":"/Users/chardi/Documents/Projects/javascript/LooBreak/frontend/src/components/ui/input.jsx","statementMap":{"0":{"start":{"line":6,"column":2},"end":{"line":16,"column":null}}},"fnMap":{"0":{"name":"Input","decl":{"start":{"line":5,"column":9},"end":{"line":5,"column":15}},"loc":{"start":{"line":5,"column":44},"end":{"line":19,"column":null}},"line":5}},"branchMap":{},"s":{"0":54},"f":{"0":54},"b":{},"meta":{"lastBranch":0,"lastFunction":1,"lastStatement":1,"seen":{"f:5:9:5:15":0,"s:6:2:16:Infinity":0},"fnNames":{}}}
,"/Users/chardi/Documents/Projects/javascript/LooBreak/frontend/src/components/ui/item.jsx": {"path":"/Users/chardi/Documents/Projects/javascript/LooBreak/frontend/src/components/ui/item.jsx","statementMap":{"0":{"start":{"line":9,"column":2},"end":{"line":14,"column":null}},"1":{"start":{"line":20,"column":2},"end":{"line":25,"column":null}},"2":{"start":{"line":30,"column":6},"end":{"line":48,"column":null}},"3":{"start":{"line":58,"column":15},"end":{"line":58,"column":null}},"4":{"start":{"line":59,"column":2},"end":{"line":65,"column":null}},"5":{"start":{"line":70,"column":6},"end":{"line":84,"column":null}},"6":{"start":{"line":88,"column":2},"end":{"line":93,"column":null}},"7":{"start":{"line":99,"column":2},"end":{"line":106,"column":null}},"8":{"start":{"line":112,"column":2},"end":{"line":119,"column":null}},"9":{"start":{"line":125,"column":2},"end":{"line":133,"column":null}},"10":{"start":{"line":139,"column":2},"end":{"line":143,"column":null}},"11":{"start":{"line":149,"column":2},"end":{"line":156,"column":null}},"12":{"start":{"line":162,"column":2},"end":{"line":169,"column":null}}},"fnMap":{"0":{"name":"ItemGroup","decl":{"start":{"line":8,"column":9},"end":{"line":8,"column":19}},"loc":{"start":{"line":8,"column":42},"end":{"line":17,"column":null}},"line":8},"1":{"name":"ItemSeparator","decl":{"start":{"line":19,"column":9},"end":{"line":19,"column":23}},"loc":{"start":{"line":19,"column":46},"end":{"line":28,"column":null}},"line":19},"2":{"name":"Item","decl":{"start":{"line":51,"column":9},"end":{"line":51,"column":14}},"loc":{"start":{"line":57,"column":1},"end":{"line":68,"column":null}},"line":57},"3":{"name":"ItemMedia","decl":{"start":{"line":87,"column":9},"end":{"line":87,"column":19}},"loc":{"start":{"line":87,"column":63},"end":{"line":96,"column":null}},"line":87},"4":{"name":"ItemContent","decl":{"start":{"line":98,"column":9},"end":{"line":98,"column":21}},"loc":{"start":{"line":98,"column":44},"end":{"line":109,"column":null}},"line":98},"5":{"name":"ItemTitle","decl":{"start":{"line":111,"column":9},"end":{"line":111,"column":19}},"loc":{"start":{"line":111,"column":42},"end":{"line":122,"column":null}},"line":111},"6":{"name":"ItemDescription","decl":{"start":{"line":124,"column":9},"end":{"line":124,"column":25}},"loc":{"start":{"line":124,"column":48},"end":{"line":136,"column":null}},"line":124},"7":{"name":"ItemActions","decl":{"start":{"line":138,"column":9},"end":{"line":138,"column":21}},"loc":{"start":{"line":138,"column":44},"end":{"line":146,"column":null}},"line":138},"8":{"name":"ItemHeader","decl":{"start":{"line":148,"column":9},"end":{"line":148,"column":20}},"loc":{"start":{"line":148,"column":43},"end":{"line":159,"column":null}},"line":148},"9":{"name":"ItemFooter","decl":{"start":{"line":161,"column":9},"end":{"line":161,"column":20}},"loc":{"start":{"line":161,"column":43},"end":{"line":172,"column":null}},"line":161}},"branchMap":{"0":{"loc":{"start":{"line":53,"column":2},"end":{"line":53,"column":21}},"type":"default-arg","locations":[{"start":{"line":53,"column":12},"end":{"line":53,"column":21}}],"line":53},"1":{"loc":{"start":{"line":54,"column":2},"end":{"line":54,"column":18}},"type":"default-arg","locations":[{"start":{"line":54,"column":9},"end":{"line":54,"column":18}}],"line":54},"2":{"loc":{"start":{"line":55,"column":2},"end":{"line":55,"column":17}},"type":"default-arg","locations":[{"start":{"line":55,"column":12},"end":{"line":55,"column":17}}],"line":55},"3":{"loc":{"start":{"line":58,"column":15},"end":{"line":58,"column":null}},"type":"cond-expr","locations":[{"start":{"line":58,"column":25},"end":{"line":58,"column":34}},{"start":{"line":58,"column":37},"end":{"line":58,"column":null}}],"line":58},"4":{"loc":{"start":{"line":87,"column":32},"end":{"line":87,"column":51}},"type":"default-arg","locations":[{"start":{"line":87,"column":42},"end":{"line":87,"column":51}}],"line":87}},"s":{"0":0,"1":0,"2":2,"3":26,"4":26,"5":2,"6":0,"7":26,"8":26,"9":26,"10":0,"11":0,"12":0},"f":{"0":0,"1":0,"2":26,"3":0,"4":26,"5":26,"6":26,"7":0,"8":0,"9":0},"b":{"0":[26],"1":[26],"2":[26],"3":[0,26],"4":[0]},"meta":{"lastBranch":5,"lastFunction":10,"lastStatement":13,"seen":{"f:8:9:8:19":0,"s:9:2:14:Infinity":0,"f:19:9:19:23":1,"s:20:2:25:Infinity":1,"s:30:6:48:Infinity":2,"f:51:9:51:14":2,"b:53:12:53:21":0,"b:54:9:54:18":1,"b:55:12:55:17":2,"s:58:15:58:Infinity":3,"b:58:25:58:34:58:37:58:Infinity":3,"s:59:2:65:Infinity":4,"s:70:6:84:Infinity":5,"f:87:9:87:19":3,"b:87:42:87:51":4,"s:88:2:93:Infinity":6,"f:98:9:98:21":4,"s:99:2:106:Infinity":7,"f:111:9:111:19":5,"s:112:2:119:Infinity":8,"f:124:9:124:25":6,"s:125:2:133:Infinity":9,"f:138:9:138:21":7,"s:139:2:143:Infinity":10,"f:148:9:148:20":8,"s:149:2:156:Infinity":11,"f:161:9:161:20":9,"s:162:2:169:Infinity":12},"fnNames":{}}}
,"/Users/chardi/Documents/Projects/javascript/LooBreak/frontend/src/components/ui/label.jsx": {"path":"/Users/chardi/Documents/Projects/javascript/LooBreak/frontend/src/components/ui/label.jsx","statementMap":{"0":{"start":{"line":7,"column":2},"end":{"line":14,"column":null}}},"fnMap":{"0":{"name":"Label","decl":{"start":{"line":6,"column":9},"end":{"line":6,"column":15}},"loc":{"start":{"line":6,"column":38},"end":{"line":17,"column":null}},"line":6}},"branchMap":{},"s":{"0":60},"f":{"0":60},"b":{},"meta":{"lastBranch":0,"lastFunction":1,"lastStatement":1,"seen":{"f:6:9:6:15":0,"s:7:2:14:Infinity":0},"fnNames":{}}}
,"/Users/chardi/Documents/Projects/javascript/LooBreak/frontend/src/components/ui/separator.jsx": {"path":"/Users/chardi/Documents/Projects/javascript/LooBreak/frontend/src/components/ui/separator.jsx","statementMap":{"0":{"start":{"line":12,"column":2},"end":{"line":21,"column":null}}},"fnMap":{"0":{"name":"Separator","decl":{"start":{"line":6,"column":9},"end":{"line":6,"column":19}},"loc":{"start":{"line":11,"column":1},"end":{"line":24,"column":null}},"line":11}},"branchMap":{"0":{"loc":{"start":{"line":8,"column":2},"end":{"line":8,"column":28}},"type":"default-arg","locations":[{"start":{"line":8,"column":16},"end":{"line":8,"column":28}}],"line":8},"1":{"loc":{"start":{"line":9,"column":2},"end":{"line":9,"column":19}},"type":"default-arg","locations":[{"start":{"line":9,"column":15},"end":{"line":9,"column":19}}],"line":9}},"s":{"0":0},"f":{"0":0},"b":{"0":[0],"1":[0]},"meta":{"lastBranch":2,"lastFunction":1,"lastStatement":1,"seen":{"f:6:9:6:19":0,"b:8:16:8:28":0,"b:9:15:9:19":1,"s:12:2:21:Infinity":0},"fnNames":{}}}
,"/Users/chardi/Documents/Projects/javascript/LooBreak/frontend/src/components/ui/skeleton.jsx": {"path":"/Users/chardi/Documents/Projects/javascript/LooBreak/frontend/src/components/ui/skeleton.jsx","statementMap":{"0":{"start":{"line":4,"column":2},"end":{"line":11,"column":null}}},"fnMap":{"0":{"name":"Skeleton","decl":{"start":{"line":3,"column":9},"end":{"line":3,"column":18}},"loc":{"start":{"line":3,"column":41},"end":{"line":14,"column":null}},"line":3}},"branchMap":{},"s":{"0":347},"f":{"0":347},"b":{},"meta":{"lastBranch":0,"lastFunction":1,"lastStatement":1,"seen":{"f:3:9:3:18":0,"s:4:2:11:Infinity":0},"fnNames":{}}}
,"/Users/chardi/Documents/Projects/javascript/LooBreak/frontend/src/components/ui/switch.jsx": {"path":"/Users/chardi/Documents/Projects/javascript/LooBreak/frontend/src/components/ui/switch.jsx","statementMap":{"0":{"start":{"line":7,"column":2},"end":{"line":20,"column":null}}},"fnMap":{"0":{"name":"Switch","decl":{"start":{"line":6,"column":9},"end":{"line":6,"column":16}},"loc":{"start":{"line":6,"column":57},"end":{"line":25,"column":null}},"line":6}},"branchMap":{"0":{"loc":{"start":{"line":6,"column":29},"end":{"line":6,"column":45}},"type":"default-arg","locations":[{"start":{"line":6,"column":36},"end":{"line":6,"column":45}}],"line":6}},"s":{"0":60},"f":{"0":60},"b":{"0":[60]},"meta":{"lastBranch":1,"lastFunction":1,"lastStatement":1,"seen":{"f:6:9:6:16":0,"b:6:36:6:45":0,"s:7:2:20:Infinity":0},"fnNames":{}}}
,"/Users/chardi/Documents/Projects/javascript/LooBreak/frontend/src/components/ui/table.jsx": {"path":"/Users/chardi/Documents/Projects/javascript/LooBreak/frontend/src/components/ui/table.jsx","statementMap":{"0":{"start":{"line":4,"column":2},"end":{"line":12,"column":null}},"1":{"start":{"line":19,"column":2},"end":{"line":23,"column":null}},"2":{"start":{"line":29,"column":2},"end":{"line":33,"column":null}},"3":{"start":{"line":39,"column":2},"end":{"line":46,"column":null}},"4":{"start":{"line":52,"column":2},"end":{"line":59,"column":null}},"5":{"start":{"line":65,"column":2},"end":{"line":72,"column":null}},"6":{"start":{"line":78,"column":2},"end":{"line":85,"column":null}},"7":{"start":{"line":91,"column":2},"end":{"line":95,"column":null}}},"fnMap":{"0":{"name":"Table","decl":{"start":{"line":3,"column":9},"end":{"line":3,"column":15}},"loc":{"start":{"line":3,"column":38},"end":{"line":16,"column":null}},"line":3},"1":{"name":"TableHeader","decl":{"start":{"line":18,"column":9},"end":{"line":18,"column":21}},"loc":{"start":{"line":18,"column":44},"end":{"line":26,"column":null}},"line":18},"2":{"name":"TableBody","decl":{"start":{"line":28,"column":9},"end":{"line":28,"column":19}},"loc":{"start":{"line":28,"column":42},"end":{"line":36,"column":null}},"line":28},"3":{"name":"TableFooter","decl":{"start":{"line":38,"column":9},"end":{"line":38,"column":21}},"loc":{"start":{"line":38,"column":44},"end":{"line":49,"column":null}},"line":38},"4":{"name":"TableRow","decl":{"start":{"line":51,"column":9},"end":{"line":51,"column":18}},"loc":{"start":{"line":51,"column":41},"end":{"line":62,"column":null}},"line":51},"5":{"name":"TableHead","decl":{"start":{"line":64,"column":9},"end":{"line":64,"column":19}},"loc":{"start":{"line":64,"column":42},"end":{"line":75,"column":null}},"line":64},"6":{"name":"TableCell","decl":{"start":{"line":77,"column":9},"end":{"line":77,"column":19}},"loc":{"start":{"line":77,"column":42},"end":{"line":88,"column":null}},"line":77},"7":{"name":"TableCaption","decl":{"start":{"line":90,"column":9},"end":{"line":90,"column":22}},"loc":{"start":{"line":90,"column":45},"end":{"line":98,"column":null}},"line":90}},"branchMap":{},"s":{"0":48,"1":48,"2":48,"3":0,"4":188,"5":144,"6":340,"7":0},"f":{"0":48,"1":48,"2":48,"3":0,"4":188,"5":144,"6":340,"7":0},"b":{},"meta":{"lastBranch":0,"lastFunction":8,"lastStatement":8,"seen":{"f:3:9:3:15":0,"s:4:2:12:Infinity":0,"f:18:9:18:21":1,"s:19:2:23:Infinity":1,"f:28:9:28:19":2,"s:29:2:33:Infinity":2,"f:38:9:38:21":3,"s:39:2:46:Infinity":3,"f:51:9:51:18":4,"s:52:2:59:Infinity":4,"f:64:9:64:19":5,"s:65:2:72:Infinity":5,"f:77:9:77:19":6,"s:78:2:85:Infinity":6,"f:90:9:90:22":7,"s:91:2:95:Infinity":7},"fnNames":{}}}
,"/Users/chardi/Documents/Projects/javascript/LooBreak/frontend/src/lib/utils.js": {"path":"/Users/chardi/Documents/Projects/javascript/LooBreak/frontend/src/lib/utils.js","statementMap":{"0":{"start":{"line":5,"column":2},"end":{"line":5,"column":null}}},"fnMap":{"0":{"name":"cn","decl":{"start":{"line":4,"column":16},"end":{"line":4,"column":18}},"loc":{"start":{"line":4,"column":30},"end":{"line":6,"column":null}},"line":4}},"branchMap":{},"s":{"0":1924},"f":{"0":1924},"b":{},"meta":{"lastBranch":0,"lastFunction":1,"lastStatement":1,"seen":{"f:4:16:4:18":0,"s:5:2:5:Infinity":0},"fnNames":{}}}
,"/Users/chardi/Documents/Projects/javascript/LooBreak/frontend/src/pages/Home/HomePage.css": {"path":"/Users/chardi/Documents/Projects/javascript/LooBreak/frontend/src/pages/Home/HomePage.css","statementMap":{},"fnMap":{},"branchMap":{},"s":{},"f":{},"b":{},"meta":{"lastBranch":0,"lastFunction":0,"lastStatement":0,"seen":{},"fnNames":{}}}
,"/Users/chardi/Documents/Projects/javascript/LooBreak/frontend/src/pages/Home/HomePage.jsx": {"path":"/Users/chardi/Documents/Projects/javascript/LooBreak/frontend/src/pages/Home/HomePage.jsx","statementMap":{"0":{"start":{"line":13,"column":41},"end":{"line":13,"column":null}},"1":{"start":{"line":14,"column":43},"end":{"line":14,"column":null}},"2":{"start":{"line":15,"column":33},"end":{"line":15,"column":null}},"3":{"start":{"line":17,"column":2},"end":{"line":36,"column":null}},"4":{"start":{"line":18,"column":28},"end":{"line":34,"column":null}},"5":{"start":{"line":19,"column":12},"end":{"line":19,"column":null}},"6":{"start":{"line":20,"column":6},"end":{"line":23,"column":null}},"7":{"start":{"line":21,"column":8},"end":{"line":21,"column":null}},"8":{"start":{"line":22,"column":8},"end":{"line":22,"column":null}},"9":{"start":{"line":24,"column":6},"end":{"line":33,"column":null}},"10":{"start":{"line":25,"column":21},"end":{"line":25,"column":null}},"11":{"start":{"line":26,"column":8},"end":{"line":26,"column":null}},"12":{"start":{"line":27,"column":8},"end":{"line":27,"column":null}},"13":{"start":{"line":29,"column":8},"end":{"line":29,"column":null}},"14":{"start":{"line":30,"column":8},"end":{"line":30,"column":null}},"15":{"start":{"line":32,"column":8},"end":{"line":32,"column":null}},"16":{"start":{"line":35,"column":4},"end":{"line":35,"column":null}},"17":{"start":{"line":38,"column":2},"end":{"line":38,"column":null}},"18":{"start":{"line":38,"column":22},"end":{"line":38,"column":null}},"19":{"start":{"line":43,"column":2},"end":{"line":57,"column":null}}},"fnMap":{"0":{"name":"HomePage","decl":{"start":{"line":12,"column":24},"end":{"line":12,"column":null}},"loc":{"start":{"line":12,"column":24},"end":{"line":60,"column":null}},"line":12},"1":{"name":"(anonymous_1)","decl":{"start":{"line":17,"column":12},"end":{"line":17,"column":null}},"loc":{"start":{"line":17,"column":12},"end":{"line":36,"column":5}},"line":17},"2":{"name":"(anonymous_2)","decl":{"start":{"line":18,"column":28},"end":{"line":18,"column":null}},"loc":{"start":{"line":18,"column":28},"end":{"line":34,"column":null}},"line":18}},"branchMap":{"0":{"loc":{"start":{"line":20,"column":6},"end":{"line":23,"column":null}},"type":"if","locations":[{"start":{"line":20,"column":6},"end":{"line":23,"column":null}},{"start":{},"end":{}}],"line":20},"1":{"loc":{"start":{"line":38,"column":2},"end":{"line":38,"column":null}},"type":"if","locations":[{"start":{"line":38,"column":2},"end":{"line":38,"column":null}},{"start":{},"end":{}}],"line":38},"2":{"loc":{"start":{"line":48,"column":7},"end":{"line":48,"column":null}},"type":"binary-expr","locations":[{"start":{"line":48,"column":7},"end":{"line":48,"column":24}},{"start":{"line":48,"column":7},"end":{"line":48,"column":null}}],"line
[...]
"locations":[{"start":{"line":185,"column":19},"end":{"line":185,"column":null}},{"start":{"line":185,"column":19},"end":{"line":192,"column":null}}],"line":185},"17":{"loc":{"start":{"line":188,"column":25},"end":{"line":188,"column":null}},"type":"cond-expr","locations":[{"start":{"line":188,"column":69},"end":{"line":188,"column":75}},{"start":{"line":188,"column":75},"end":{"line":188,"column":null}}],"line":188},"18":{"loc":{"start":{"line":190,"column":23},"end":{"line":192,"column":null}},"type":"cond-expr","locations":[{"start":{"line":191,"column":26},"end":{"line":191,"column":null}},{"start":{"line":192,"column":26},"end":{"line":192,"column":null}}],"line":190},"19":{"loc":{"start":{"line":199,"column":11},"end":{"line":205,"column":null}},"type":"binary-expr","locations":[{"start":{"line":199,"column":11},"end":{"line":199,"column":null}},{"start":{"line":199,"column":12},"end":{"line":205,"column":null}}],"line":199},"20":{"loc":{"start":{"line":209,"column":11},"end":{"line":218,"column":null}},"type":"binary-expr","locations":[{"start":{"line":209,"column":11},"end":{"line":209,"column":24}},{"start":{"line":209,"column":24},"end":{"line":209,"column":null}},{"start":{"line":209,"column":24},"end":{"line":218,"column":null}}],"line":209},"21":{"loc":{"start":{"line":223,"column":7},"end":{"line":226,"column":null}},"type":"binary-expr","locations":[{"start":{"line":223,"column":7},"end":{"line":223,"column":null}},{"start":{"line":223,"column":7},"end":{"line":226,"column":null}}],"line":223}},"s":{"0":2,"1":2,"2":10,"3":40,"4":37,"5":37,"6":37,"7":37,"8":37,"9":37,"10":37,"11":37,"12":37,"13":10,"14":9,"15":4,"16":4,"17":4,"18":3,"19":1,"20":7,"21":7,"22":7,"23":7,"24":5,"25":104,"26":104,"27":14,"28":90,"29":104,"30":28,"31":7,"32":7,"33":76,"34":28,"35":7,"36":7,"37":7,"38":7,"39":21,"40":2,"41":2,"42":2,"43":2,"44":19,"45":19,"46":19,"47":104,"48":37,"49":10,"50":27,"51":37,"52":104,"53":7},"f":{"0":10,"1":40,"2":37,"3":10,"4":9,"5":4,"6":7,"7":7,"8":104,"9":104,"10":7},"b":{"0":[3,1],"1":[5,2],"2":[14,90],"3":[104,56],"4":[28,76],"5":[104,76],"6":[7,21],"7":[28,48],"8":[7,21],"9":[2,19],"10":[10,27],"11":[37,36],"12":[26,1],"13":[27,26],"14":[37,26],"15":[104,56],"16":[104,28],"17":[7,21],"18":[7,21],"19":[26,19],"20":[26,26,7],"21":[37,1]},"meta":{"lastBranch":22,"lastFunction":11,"lastStatement":54,"seen":{"s:18:20:18:Infinity":0,"s:31:2:31:Infinity":1,"f:35:9:35:Infinity":0,"s:36:2:44:32":2,"f:43:39:43:40":1,"s:43:43:44:32":3,"f:50:16:50:Infinity":2,"s:51:23:51:Infinity":4,"s:52:31:52:Infinity":5,"s:53:25:53:Infinity":6,"s:54:35:54:Infinity":7,"s:55:39:55:Infinity":8,"s:56:39:56:Infinity":9,"s:57:39:57:Infinity":10,"s:59:26:59:44":11,"s:61:2:65:Infinity":12,"f:61:12:61:Infinity":3,"s:62:4:64:Infinity":13,"f:62:19:62:20":4,"s:63:6:63:Infinity":14,"f:67:11:67:Infinity":5,"s:68:4:68:Infinity":15,"s:69:4:69:Infinity":16,"b:70:4:74:Infinity:72:11:74:Infinity":0,"s:70:4:74:Infinity":17,"s:71:6:71:Infinity":18,"s:73:6:73:Infinity":19,"f:77:11:77:24":6,"s:78:4:78:Infinity":20,"s:79:4:79:Infinity":21,"f:82:11:82:Infinity":7,"s:83:4:83:Infinity":22,"b:84:4:88:Infinity:86:11:88:Infinity":1,"s:84:4:88:Infinity":23,"s:85:6:85:27":24,"f:91:11:91:26":8,"s:92:16:92:Infinity":25,"b:94:4:98:Infinity:96:11:98:Infinity":2,"s:94:4:98:Infinity":26,"b:94:8:94:22:94:22:94:47":3,"s:95:6:95:Infinity":27,"s:97:6:97:Infinity":28,"b:100:4:122:Infinity:105:11:122:Infinity":4,"s:100:4:122:Infinity":29,"b:100:8:100:25:100:25:100:37":5,"b:101:6:104:Infinity:undefined:undefined:undefined:undefined":6,"s:101:6:104:Infinity":30,"s:102:8:102:Infinity":31,"s:103:8:103:Infinity":32,"b:105:11:122:Infinity:undefined:undefined:undefined:undefined":7,"s:105:11:122:Infinity":33,"b:106:6:121:Infinity:111:13:121:Infinity":8,"s:106:6:121:Infinity":34,"s:107:8:107:Infinity":35,"s:108:8:108:Infinity":36,"s:109:8:109:29":37,"s:110:8:110:34":38,"b:111:13:121:Infinity:116:13:121:Infinity":9,"s:111:13:121:Infinity":39,"s:112:8:112:Infinity":40,"s:113:8:113:Infinity":41,"s:114:8:114:29":42,"s:115:8:115:34":43,"s:118:8:118:Infinity":44,"s:119:8:119:Infinity":45,"s:120:8:120:Infinity":46,"s:123:4:123:Infinity":47,"b:126:2:132:Infinity:undefined:undefined:undefined:undefined":10,"s:126:2:132:Infinity":48,"b:126:6:126:19:126:19:126:31":11,"s:127:4:129:Infinity":49,"s:135:4:140:10":50,"b:136:8:139:Infinity:140:8:140:10":12,"b:135:4:135:17:135:17:135:Infinity":13,"s:142:2:226:Infinity":51,"b:144:7:144:Infinity:144:8:218:Infinity":14,"f:172:27:172:28":9,"s:172:36:178:Infinity":52,"f:179:27:179:33":10,"s:179:33:179:Infinity":53,"b:181:32:181:46:181:46:181:Infinity":15,"b:185:19:185:Infinity:185:19:192:Infinity":16,"b:188:69:188:75:188:75:188:Infinity":17,"b:191:26:191:Infinity:192:26:192:Infinity":18,"b:199:11:199:Infinity:199:12:205:Infinity":19,"b:209:11:209:24:209:24:209:Infinity:209:24:218:Infinity":20,"b:223:7:223:Infinity:223:7:226:Infinity":21},"fnNames":{}}}
,"/Users/chardi/Documents/Projects/javascript/LooBreak/frontend/src/services/auth.js": {"path":"/Users/chardi/Documents/Projects/javascript/LooBreak/frontend/src/services/auth.js","statementMap":{"0":{"start":{"line":7,"column":18},"end":{"line":7,"column":25}},"1":{"start":{"line":10,"column":16},"end":{"line":10,"column":47}},"2":{"start":{"line":13,"column":2},"end":{"line":13,"column":null}},"3":{"start":{"line":13,"column":59},"end":{"line":13,"column":null}},"4":{"start":{"line":14,"column":2},"end":{"line":14,"column":null}},"5":{"start":{"line":20,"column":2},"end":{"line":20,"column":null}},"6":{"start":{"line":20,"column":14},"end":{"line":20,"column":null}},"7":{"start":{"line":21,"column":2},"end":{"line":21,"column":null}},"8":{"start":{"line":25,"column":2},"end":{"line":25,"column":null}},"9":{"start":{"line":30,"column":16},"end":{"line":30,"column":26}},"10":{"start":{"line":31,"column":2},"end":{"line":31,"column":null}},"11":{"start":{"line":31,"column":14},"end":{"line":31,"column":null}},"12":{"start":{"line":32,"column":2},"end":{"line":36,"column":null}},"13":{"start":{"line":33,"column":4},"end":{"line":33,"column":null}},"14":{"start":{"line":35,"column":4},"end":{"line":35,"column":null}}},"fnMap":{"0":{"name":"getToken","decl":{"start":{"line":9,"column":16},"end":{"line":9,"column":24}},"loc":{"start":{"line":9,"column":27},"end":{"line":15,"column":null}},"line":9},"1":{"name":"setToken","decl":{"start":{"line":17,"column":16},"end":{"line":17,"column":24}},"loc":{"start":{"line":17,"column":32},"end":{"line":22,"column":null}},"line":17},"2":{"name":"removeToken","decl":{"start":{"line":24,"column":16},"end":{"line":24,"column":27}},"loc":{"start":{"line":24,"column":30},"end":{"line":26,"column":null}},"line":24},"3":{"name":"getPlayerIdFromToken","decl":{"start":{"line":29,"column":16},"end":{"line":29,"column":36}},"loc":{"start":{"line":29,"column":39},"end":{"line":37,"column":null}},"line":29}},"branchMap":{"0":{"loc":{"start":{"line":13,"column":2},"end":{"line":13,"column":null}},"type":"if","locations":[{"start":{"line":13,"column":2},"end":{"line":13,"column":null}},{"start":{},"end":{}}],"line":13},"1":{"loc":{"start":{"line":13,"column":6},"end":{"line":13,"column":57}},"type":"binary-expr","locations":[{"start":{"line":13,"column":6},"end":{"line":13,"column":12}},{"start":{"line":13,"column":16},"end":{"line":13,"column":37}},{"start":{"line":13,"column":41},"end":{"line":13,"column":57}}],"line":13},"2":{"loc":{"start":{"line":20,"column":2},"end":{"line":20,"column":null}},"type":"if","locations":[{"start":{"line":20,"column":2},"end":{"line":20,"column":null}},{"start":{},"end":{}}],"line":20},"3":{"loc":{"start":{"line":31,"column":2},"end":{"line":31,"column":null}},"type":"if","locations":[{"start":{"line":31,"column":2},"end":{"line":31,"column":null}},{"start":{},"end":{}}],"line":31}},"s":{"0":3,"1":1,"2":1,"3":1,"4":0,"5":2,"6":0,"7":2,"8":0,"9":0,"10":0,"11":0,"12":0,"13":0,"14":0},"f":{"0":1,"1":2,"2":0,"3":0},"b":{"0":[1,0],"1":[1,0,0],"2":[0,2],"3":[0,0]},"meta":{"lastBranch":4,"lastFunction":4,"lastStatement":15,"seen":{"s:7:18:7:25":0,"f:9:16:9:24":0,"s:10:16:10:47":1,"b:13:2:13:Infinity:undefined:undefined:undefined:undefined":0,"s:13:2:13:Infinity":2,"b:13:6:13:12:13:16:13:37:13:41:13:57":1,"s:13:59:13:Infinity":3,"s:14:2:14:Infinity":4,"f:17:16:17:24":1,"b:20:2:20:Infinity:undefined:undefined:undefined:undefined":2,"s:20:2:20:Infinity":5,"s:20:14:20:Infinity":6,"s:21:2:21:Infinity":7,"f:24:16:24:27":2,"s:25:2:25:Infinity":8,"f:29:16:29:36":3,"s:30:16:30:26":9,"b:31:2:31:Infinity:undefined:undefined:undefined:undefined":3,"s:31:2:31:Infinity":10,"s:31:14:31:Infinity":11,"s:32:2:36:Infinity":12,"s:33:4:33:Infinity":13,"s:35:4:35:Infinity":14},"fnNames":{}}}
,"/Users/chardi/Documents/Projects/javascript/LooBreak/frontend/src/services/icebreaker.js": {"path":"/Users/chardi/Documents/Projects/javascript/LooBreak/frontend/src/services/icebreaker.js","statementMap":{"0":{"start":{"line":1,"column":52},"end":{"line":1,"column":null}},"1":{"start":{"line":4,"column":25},"end":{"line":6,"column":3}},"2":{"start":{"line":8,"column":19},"end":{"line":11,"column":3}},"3":{"start":{"line":13,"column":2},"end":{"line":15,"column":null}},"4":{"start":{"line":14,"column":4},"end":{"line":14,"column":null}},"5":{"start":{"line":17,"column":15},"end":{"line":17,"column":36}},"6":{"start":{"line":18,"column":2},"end":{"line":18,"column":null}}},"fnMap":{"0":{"name":"getIcebreaker","decl":{"start":{"line":3,"column":22},"end":{"line":3,"column":35}},"loc":{"start":{"line":3,"column":38},"end":{"line":19,"column":null}},"line":3}},"branchMap":{"0":{"loc":{"start":{"line":13,"column":2},"end":{"line":15,"column":null}},"type":"if","locations":[{"start":{"line":13,"column":2},"end":{"line":15,"column":null}},{"start":{},"end":{}}],"line":13}},"s":{"0":3,"1":2,"2":2,"3":0,"4":0,"5":0,"6":0},"f":{"0":2},"b":{"0":[0,0]},"meta":{"lastBranch":1,"lastFunction":1,"lastStatement":7,"seen":{"s:1:52:1:Infinity":0,"f:3:22:3:35":0,"s:4:25:6:3":1,"s:8:19:11:3":2,"b:13:2:15:Infinity:undefined:undefined:undefined:undefined":0,"s:13:2:15:Infinity":3,"s:14:4:14:Infinity":4,"s:17:15:17:36":5,"s:18:2:18:Infinity":6},"fnNames":{}}}
,"/Users/chardi/Documents/Projects/javascript/LooBreak/frontend/src/services/lootips.js": {"path":"/Users/chardi/Documents/Projects/javascript/LooBreak/frontend/src/services/lootips.js","statementMap":{"0":{"start":{"line":2,"column":20},"end":{"line":2,"column":52}},"1":{"start":{"line":5,"column":25},"end":{"line":7,"column":3}},"2":{"start":{"line":9,"column":19},"end":{"line":9,"column":72}},"3":{"start":{"line":11,"column":2},"end":{"line":13,"column":null}},"4":{"start":{"line":12,"column":4},"end":{"line":12,"column":null}},"5":{"start":{"line":15,"column":15},"end":{"line":15,"column":36}},"6":{"start":{"line":16,"column":2},"end":{"line":16,"column":null}}},"fnMap":{"0":{"name":"getLootip","decl":{"start":{"line":4,"column":22},"end":{"line":4,"column":31}},"loc":{"start":{"line":4,"column":34},"end":{"line":17,"column":null}},"line":4}},"branchMap":{"0":{"loc":{"start":{"line":11,"column":2},"end":{"line":13,"column":null}},"type":"if","locations":[{"start":{"line":11,"column":2},"end":{"line":13,"column":null}},{"start":{},"end":{}}],"line":11}},"s":{"0":3,"1":13,"2":13,"3":0,"4":0,"5":0,"6":0},"f":{"0":13},"b":{"0":[0,0]},"meta":{"lastBranch":1,"lastFunction":1,"lastStatement":7,"seen":{"s:2:20:2:52":0,"f:4:22:4:31":0,"s:5:25:7:3":1,"s:9:19:9:72":2,"b:11:2:13:Infinity:undefined:undefined:undefined:undefined":0,"s:11:2:13:Infinity":3,"s:12:4:12:Infinity":4,"s:15:15:15:36":5,"s:16:2:16:Infinity":6},"fnNames":{}}}
,"/Users/chardi/Documents/Projects/javascript/LooBreak/frontend/src/services/quiz.js": {"path":"/Users/chardi/Documents/Projects/javascript/LooBreak/frontend/src/services/quiz.js","statementMap":{"0":{"start":{"line":2,"column":20},"end":{"line":2,"column":52}},"1":{"start":{"line":5,"column":14},"end":{"line":5,"column":48}},"2":{"start":{"line":6,"column":2},"end":{"line":6,"column":null}},"3":{"start":{"line":7,"column":2},"end":{"line":7,"column":null}},"4":{"start":{"line":11,"column":2},"end":{"line":28,"column":null}},"5":{"start":{"line":12,"column":27},"end":{"line":14,"column":5}},"6":{"start":{"line":16,"column":21},"end":{"line":16,"column":71}},"7":{"start":{"line":18,"column":17},"end":{"line":18,"column":38}},"8":{"start":{"line":19,"column":4},"end":{"line":24,"column":null}},"9":{"start":{"line":19,"column":33},"end":{"line":24,"column":5}},"10":{"start":{"line":23,"column":56},"end":{"line":23,"column":69}},"11":{"start":{"line":26,"column":4},"end":{"line":26,"column":null}},"12":{"start":{"line":27,"column":4},"end":{"line":27,"column":null}}},"fnMap":{"0":{"name":"decodeHTML","decl":{"start":{"line":4,"column":9},"end":{"line":4,"column":19}},"loc":{"start":{"line":4,"column":26},"end":{"line":8,"column":null}},"line":4},"1":{"name":"getQuiz","decl":{"start":{"line":10,"column":22},"end":{"line":10,"column":29}},"loc":{"start":{"line":10,"column":32},"end":{"line":29,"column":null}},"line":10},"2":{"name":"(anonymous_2)","decl":{"start":{"line":19,"column":25},"end":{"line":19,"column":26}},"loc":{"start":{"line":19,"column":33},"end":{"line":24,"column":5}},"line":19},"3":{"name":"(anonymous_3)","decl":{"start":{"line":23,"column":49},"end":{"line":23,"column":50}},"loc":{"start":{"line":23,"column":56},"end":{"line":23,"column":69}},"line":23}},"branchMap":{},"s":{"0":4,"1":3,"2":3,"3":3,"4":2,"5":2,"6":2,"7":2,"8":1,"9":1,"10":1,"11":1,"12":1},"f":{"0":3,"1":2,"2":1,"3":1},"b":{},"meta":{"lastBranch":0,"lastFunction":4,"lastStatement":13,"seen":{"s:2:20:2:52":0,"f:4:9:4:19":0,"s:5:14:5:48":1,"s:6:2:6:Infinity":2,"s:7:2:7:Infinity":3,"f:10:22:10:29":1,"s:11:2:28:Infinity":4,"s:12:27:14:5":5,"s:16:21:16:71":6,"s:18:17:18:38":7,"s:19:4:24:Infinity":8,"f:19:25:19:26":2,"s:19:33:24:5":9,"f:23:49:23:50":3,"s:23:56:23:69":10,"s:26:4:26:Infinity":11,"s:27:4:27:Infinity":12},"fnNames":{}}}
,"/Users/chardi/Documents/Projects/javascript/LooBreak/frontend/src/services/results.js": {"path":"/Users/chardi/Documents/Projects/javascript/LooBreak/frontend/src/services/results.js","statementMap":{"0":{"start":{"line":1,"column":52},"end":{"line":1,"column":null}},"1":{"start":{"line":4,"column":25},"end":{"line":8,"column":3}},"2":{"start":{"line":10,"column":19},"end":{"line":10,"column":72}},"3":{"start":{"line":11,"column":15},"end":{"line":11,"column":36}},"4":{"start":{"line":13,"column":2},"end":{"line":15,"column":null}},"5":{"start":{"line":14,"column":4},"end":{"line":14,"column":null}},"6":{"start":{"line":16,"column":2},"end":{"line":16,"column":null}},"7":{"start":{"line":20,"column":25},"end":{"line":22,"column":3}},"8":{"start":{"line":23,"column":19},"end":{"line":23,"column":72}},"9":{"start":{"line":24,"column":2},"end":{"line":26,"column":null}},"10":{"start":{"line":25,"column":4},"end":{"line":25,"column":null}},"11":{"start":{"line":28,"column":15},"end":{"line":28,"column":36}},"12":{"start":{"line":29,"column":2},"end":{"line":29,"column":null}},"13":{"start":{"line":33,"column":25},"end":{"line":38,"column":3}},"14":{"start":{"line":39,"column":19},"end":{"line":39,"column":75}},"15":{"start":{"line":40,"column":2},"end":{"line":42,"column":null}},"16":{"start":{"line":41,"column":4},"end":{"line":41,"column":null}},"17":{"start":{"line":44,"column":15},"end":{"line":44,"column":36}},"18":{"start":{"line":45,"column":2},"end":{"line":45,"column":null}}},"fnMap":{"0":{"name":"createPlayer","decl":{"start":{"line":3,"column":22},"end":{"line":3,"column":34}},"loc":{"start":{"line":3,"column":58},"end":{"line":17,"column":null}},"line":3},"1":{"name":"getPlayers","decl":{"start":{"line":19,"column":22},"end":{"line":19,"column":32}},"loc":{"start":{"line":19,"column":35},"end":{"line":30,"column":null}},"line":19},"2":{"name":"getMyScore","decl":{"start":{"line":32,"column":22},"end":{"line":32,"column":32}},"loc":{"start":{"line":32,"column":40},"end":{"line":46,"column":null}},"line":32}},"branchMap":{"0":{"loc":{"start":{"line":13,"column":2},"end":{"line":15,"column":null}},"type":"if","locations":[{"start":{"line":13,"column":2},"end":{"line":15,"column":null}},{"start":{},"end":{}}],"line":13},"1":{"loc":{"start":{"line":14,"column":20},"end":{"line":14,"column":78}},"type":"binary-expr","locations":[{"start":{"line":14,"column":20},"end":{"line":14,"column":32}},{"start":{"line":14,"column":36},"end":{"line":14,"column":78}}],"line":14},"2":{"loc":{"start":{"line":24,"column":2},"end":{"line":26,"column":null}},"type":"if","locations":[{"start":{"line":24,"column":2},"end":{"line":26,"column":null}},{"start":{},"end":{}}],"line":24},"3":{"loc":{"start":{"line":40,"column":2},"end":{"line":42,"column":null}},"type":"if","locations":[{"start":{"line":40,"column":2},"end":{"line":42,"column":null}},{"start":{},"end":{}}],"line":40}},"s":{"0":5,"1":3,"2":3,"3":2,"4":2,"5":1,"6":1,"7":7,"8":7,"9":2,"10":1,"11":1,"12":1,"13":0,"14":0,"15":0,"16":0,"17":0,"18":0},"f":{"0":3,"1":7,"2":0},"b":{"0":[1,1],"1":[1,0],"2":[1,1],"3":[0,0]},"meta":{"lastBranch":4,"lastFunction":3,"lastStatement":19,"seen":{"s:1:52:1:Infinity":0,"f:3:22:3:34":0,"s:4:25:8:3":1,"s:10:19:10:72":2,"s:11:15:11:36":3,"b:13:2:15:Infinity:undefined:undefined:undefined:undefined":0,"s:13:2:15:Infinity":4,"s:14:4:14:Infinity":5,"b:14:20:14:32:14:36:14:78":1,"s:16:2:16:Infinity":6,"f:19:22:19:32":1,"s:20:25:22:3":7,"s:23:19:23:72":8,"b:24:2:26:Infinity:undefined:undefined:undefined:undefined":2,"s:24:2:26:Infinity":9,"s:25:4:25:Infinity":10,"s:28:15:28:36":11,"s:29:2:29:Infinity":12,"f:32:22:32:32":2,"s:33:25:38:3":13,"s:39:19:39:75":14,"b:40:2:42:Infinity:undefined:undefined:undefined:undefined":3,"s:40:2:42:Infinity":15,"s:41:4:41:Infinity":16,"s:44:15:44:36":17,"s:45:2:45:Infinity":18},"fnNames":{}}}
,"/Users/chardi/Documents/Projects/javascript/LooBreak/frontend/src/utils/useDarkMode.js": {"path":"/Users/chardi/Documents/Projects/javascript/LooBreak/frontend/src/utils/useDarkMode.js","statementMap":{"0":{"start":{"line":4,"column":29},"end":{"line":6,"column":3}},"1":{"start":{"line":5,"column":10},"end":{"line":5,"column":50}},"2":{"start":{"line":8,"column":1},"end":{"line":17,"column":null}},"3":{"start":{"line":9,"column":17},"end":{"line":9,"column":41}},"4":{"start":{"line":10,"column":4},"end":{"line":16,"column":null}},"5":{"start":{"line":11,"column":6},"end":{"line":11,"column":null}},"6":{"start":{"line":12,"column":6},"end":{"line":12,"column":null}},"7":{"start":{"line":14,"column":6},"end":{"line":14,"column":null}},"8":{"start":{"line":15,"column":6},"end":{"line":15,"column":null}},"9":{"start":{"line":19,"column":2},"end":{"line":19,"column":null}}},"fnMap":{"0":{"name":"useDarkMode","decl":{"start":{"line":3,"column":24},"end":{"line":3,"column":35}},"loc":{"start":{"line":3,"column":38},"end":{"line":20,"column":null}},"line":3},"1":{"name":"(anonymous_1)","decl":{"start":{"line":5,"column":4},"end":{"line":5,"column":5}},"loc":{"start":{"line":5,"column":10},"end":{"line":5,"column":50}},"line":5},"2":{"name":"(anonymous_2)","decl":{"start":{"line":8,"column":12},"end":{"line":8,"column":13}},"loc":{"start":{"line":8,"column":18},"end":{"line":17,"column":3}},"line":8}},"branchMap":{"0":{"loc":{"start":{"line":10,"column":4},"end":{"line":16,"column":null}},"type":"if","locations":[{"start":{"line":10,"column":4},"end":{"line":16,"column":null}},{"start":{"line":13,"column":11},"end":{"line":16,"column":null}}],"line":10}},"s":{"0":63,"1":35,"2":63,"3":36,"4":36,"5":1,"6":1,"7":35,"8":35,"9":63},"f":{"0":63,"1":35,"2":36},"b":{"0":[1,35]},"meta":{"lastBranch":1,"lastFunction":3,"lastStatement":10,"seen":{"f:3:24:3:35":0,"s:4:29:6:3":0,"f:5:4:5:5":1,"s:5:10:5:50":1,"s:8:1:17:Infinity":2,"f:8:12:8:13":2,"s:9:17:9:41":3,"b:10:4:16:Infinity:13:11:16:Infinity":0,"s:10:4:16:Infinity":4,"s:11:6:11:Infinity":5,"s:12:6:12:Infinity":6,"s:14:6:14:Infinity":7,"s:15:6:15:Infinity":8,"s:19:2:19:Infinity":9},"fnNames":{}}}
}
