{"/Users/chardi/Documents/Projects/javascript/LooBreak/api/app.js": {"path":"/Users/chardi/Documents/Projects/javascript/LooBreak/api/app.js","statementMap":{"0":{"start":{"line":1,"column":16},"end":{"line":1,"column":34}},"1":{"start":{"line":2,"column":19},"end":{"line":2,"column":41}},"2":{"start":{"line":3,"column":13},"end":{"line":3,"column":28}},"3":{"start":{"line":5,"column":22},"end":{"line":5,"column":49}},"4":{"start":{"line":6,"column":19},"end":{"line":6,"column":43}},"5":{"start":{"line":7,"column":25},"end":{"line":7,"column":55}},"6":{"start":{"line":8,"column":21},"end":{"line":8,"column":48}},"7":{"start":{"line":10,"column":12},"end":{"line":10,"column":21}},"8":{"start":{"line":15,"column":0},"end":{"line":15,"column":16}},"9":{"start":{"line":18,"column":0},"end":{"line":18,"column":27}},"10":{"start":{"line":21,"column":0},"end":{"line":21,"column":35}},"11":{"start":{"line":22,"column":0},"end":{"line":22,"column":29}},"12":{"start":{"line":23,"column":0},"end":{"line":23,"column":41}},"13":{"start":{"line":24,"column":0},"end":{"line":24,"column":34}},"14":{"start":{"line":27,"column":0},"end":{"line":29,"column":3}},"15":{"start":{"line":28,"column":2},"end":{"line":28,"column":56}},"16":{"start":{"line":32,"column":0},"end":{"line":39,"column":3}},"17":{"start":{"line":33,"column":2},"end":{"line":33,"column":21}},"18":{"start":{"line":34,"column":2},"end":{"line":38,"column":3}},"19":{"start":{"line":35,"column":4},"end":{"line":35,"column":38}},"20":{"start":{"line":37,"column":4},"end":{"line":37,"column":58}},"21":{"start":{"line":41,"column":0},"end":{"line":41,"column":21}}},"fnMap":{"0":{"name":"(anonymous_0)","decl":{"start":{"line":27,"column":8},"end":{"line":27,"column":9}},"loc":{"start":{"line":27,"column":23},"end":{"line":29,"column":1}},"line":27},"1":{"name":"(anonymous_1)","decl":{"start":{"line":32,"column":8},"end":{"line":32,"column":9}},"loc":{"start":{"line":32,"column":35},"end":{"line":39,"column":1}},"line":32}},"branchMap":{"0":{"loc":{"start":{"line":34,"column":2},"end":{"line":38,"column":3}},"type":"if","locations":[{"start":{"line":34,"column":2},"end":{"line":38,"column":3}},{"start":{"line":36,"column":9},"end":{"line":38,"column":3}}],"line":34}},"s":{"0":2,"1":2,"2":2,"3":2,"4":2,"5":2,"6":2,"7":2,"8":2,"9":2,"10":2,"11":2,"12":2,"13":2,"14":2,"15":0,"16":2,"17":0,"18":0,"19":0,"20":0,"21":2},"f":{"0":0,"1":0},"b":{"0":[0,0]},"_coverageSchema":"1a1c01bbd47fc00a2c39e90264f33305004495a9","hash":"f339f1a9bb7871f535e890bb89d5ffc1de58fa00"}
,"/Users/chardi/Documents/Projects/javascript/LooBreak/api/controllers/icebreaker.js": {"path":"/Users/chardi/Documents/Projects/javascript/LooBreak/api/controllers/icebreaker.js","statementMap":{"0":{"start":{"line":1,"column":19},"end":{"line":1,"column":50}},"1":{"start":{"line":4,"column":2},"end":{"line":11,"column":3}},"2":{"start":{"line":5,"column":24},"end":{"line":5,"column":49}},"3":{"start":{"line":6,"column":4},"end":{"line":7,"column":69}},"4":{"start":{"line":7,"column":6},"end":{"line":7,"column":69}},"5":{"start":{"line":8,"column":4},"end":{"line":8,"column":55}},"6":{"start":{"line":10,"column":4},"end":{"line":10,"column":67}},"7":{"start":{"line":15,"column":2},"end":{"line":22,"column":3}},"8":{"start":{"line":16,"column":19},"end":{"line":16,"column":73}},"9":{"start":{"line":17,"column":4},"end":{"line":18,"column":69}},"10":{"start":{"line":18,"column":6},"end":{"line":18,"column":69}},"11":{"start":{"line":19,"column":4},"end":{"line":19,"column":52}},"12":{"start":{"line":21,"column":4},"end":{"line":21,"column":75}},"13":{"start":{"line":26,"column":2},"end":{"line":33,"column":3}},"14":{"start":{"line":27,"column":19},"end":{"line":27,"column":73}},"15":{"start":{"line":28,"column":4},"end":{"line":29,"column":69}},"16":{"start":{"line":29,"column":6},"end":{"line":29,"column":69}},"17":{"start":{"line":30,"column":4},"end":{"line":30,"column":50}},"18":{"start":{"line":32,"column":4},"end":{"line":32,"column":74}},"19":{"start":{"line":36,"column":29},"end":{"line":40,"column":1}},"20":{"start":{"line":42,"column":0},"end":{"line":42,"column":38}}},"fnMap":{"0":{"name":"getAllIcebreaker","decl":{"start":{"line":3,"column":15},"end":{"line":3,"column":31}},"loc":{"start":{"line":3,"column":42},"end":{"line":12,"column":1}},"line":3},"1":{"name":"getOneRandomIcebreaker","decl":{"start":{"line":14,"column":15},"end":{"line":14,"column":37}},"loc":{"start":{"line":14,"column":48},"end":{"line":23,"column":1}},"line":14},"2":{"name":"getRandomIcebreakers","decl":{"start":{"line":25,"column":15},"end":{"line":25,"column":35}},"loc":{"start":{"line":25,"column":46},"end":{"line":34,"column":1}},"line":25}},"branchMap":{"0":{"loc":{"start":{"line":6,"column":4},"end":{"line":7,"column":69}},"type":"if","locations":[{"start":{"line":6,"column":4},"end":{"line":7,"column":69}},{"start":{},"end":{}}],"line":6},"1":{"loc":{"start":{"line":17,"column":4},"end":{"line":18,"column":69}},"type":"if","locations":[{"start":{"line":17,"column":4},"end":{"line":18,"column":69}},{"start":{},"end":{}}],"line":17},"2":{"loc":{"start":{"line":28,"column":4},"end":{"line":29,"column":69}},"type":"if","locations":[{"start":{"line":28,"column":4},"end":{"line":29,"column":69}},{"start":{},"end":{}}],"line":28}},"s":{"0":3,"1":0,"2":0,"3":0,"4":0,"5":0,"6":0,"7":0,"8":0,"9":0,"10":0,"11":0,"12":0,"13":2,"14":2,"15":1,"16":0,"17":1,"18":1,"19":3,"20":3},"f":{"0":0,"1":0,"2":2},"b":{"0":[0,0],"1":[0,0],"2":[0,1]},"_coverageSchema":"1a1c01bbd47fc00a2c39e90264f33305004495a9","hash":"23917c27efdfd7d10c3088397778ed35f29a2428"}
,"/Users/chardi/Documents/Projects/javascript/LooBreak/api/controllers/lootips.js": {"path":"/Users/chardi/Documents/Projects/javascript/LooBreak/api/controllers/lootips.js","statementMap":{"0":{"start":{"line":1,"column":15},"end":{"line":1,"column":43}},"1":{"start":{"line":4,"column":17},"end":{"line":4,"column":38}},"2":{"start":{"line":5,"column":2},"end":{"line":5,"column":43}},"3":{"start":{"line":9,"column":17},"end":{"line":9,"column":67}},"4":{"start":{"line":10,"column":2},"end":{"line":10,"column":46}},"5":{"start":{"line":13,"column":25},"end":{"line":16,"column":1}},"6":{"start":{"line":18,"column":0},"end":{"line":18,"column":34}}},"fnMap":{"0":{"name":"getAllLootips","decl":{"start":{"line":3,"column":15},"end":{"line":3,"column":28}},"loc":{"start":{"line":3,"column":39},"end":{"line":6,"column":1}},"line":3},"1":{"name":"getOneRandomLootip","decl":{"start":{"line":8,"column":15},"end":{"line":8,"column":33}},"loc":{"start":{"line":8,"column":44},"end":{"line":11,"column":1}},"line":8}},"branchMap":{},"s":{"0":2,"1":0,"2":0,"3":0,"4":0,"5":2,"6":2},"f":{"0":0,"1":0},"b":{},"_coverageSchema":"1a1c01bbd47fc00a2c39e90264f33305004495a9","hash":"49edaaa72c7df7d51ff0c3d112e34ea4d59951c8"}
,"/Users/chardi/Documents/Projects/javascript/LooBreak/api/controllers/players.js": {"path":"/Users/chardi/Documents/Projects/javascript/LooBreak/api/controllers/players.js","statementMap":{"0":{"start":{"line":1,"column":10},"end":{"line":1,"column":28}},"1":{"start":{"line":2,"column":15},"end":{"line":2,"column":42}},"2":{"start":{"line":3,"column":12},"end":{"line":3,"column":35}},"3":{"start":{"line":6,"column":2},"end":{"line":10,"column":4}},"4":{"start":{"line":15,"column":24},"end":{"line":15,"column":25}},"5":{"start":{"line":16,"column":24},"end":{"line":16,"column":26}},"6":{"start":{"line":17,"column":18},"end":{"line":17,"column":19}},"7":{"start":{"line":18,"column":18},"end":{"line":18,"column":20}},"8":{"start":{"line":21,"column":2},"end":{"line":79,"column":3}},"9":{"start":{"line":22,"column":20},"end":{"line":22,"column":39}},"10":{"start":{"line":23,"column":18},"end":{"line":23,"column":32}},"11":{"start":{"line":25,"column":4},"end":{"line":27,"column":5}},"12":{"start":{"line":26,"column":6},"end":{"line":26,"column":73}},"13":{"start":{"line":29,"column":23},"end":{"line":29,"column":37}},"14":{"start":{"line":31,"column":4},"end":{"line":35,"column":5}},"15":{"start":{"line":32,"column":6},"end":{"line":34,"column":9}},"16":{"start":{"line":37,"column":4},"end":{"line":41,"column":5}},"17":{"start":{"line":38,"column":6},"end":{"line":40,"column":9}},"18":{"start":{"line":43,"column":4},"end":{"line":47,"column":5}},"19":{"start":{"line":44,"column":6},"end":{"line":46,"column":9}},"20":{"start":{"line":51,"column":4},"end":{"line":62,"column":5}},"21":{"start":{"line":52,"column":6},"end":{"line":61,"column":7}},"22":{"start":{"line":58,"column":8},"end":{"line":60,"column":11}},"23":{"start":{"line":64,"column":27},"end":{"line":64,"column":63}},"24":{"start":{"line":65,"column":4},"end":{"line":69,"column":5}},"25":{"start":{"line":66,"column":6},"end":{"line":68,"column":9}},"26":{"start":{"line":71,"column":19},"end":{"line":71,"column":52}},"27":{"start":{"line":72,"column":24},"end":{"line":72,"column":43}},"28":{"start":{"line":74,"column":18},"end":{"line":74,"column":44}},"29":{"start":{"line":75,"column":4},"end":{"line":75,"column":72}},"30":{"start":{"line":77,"column":4},"end":{"line":77,"column":23}},"31":{"start":{"line":78,"column":4},"end":{"line":78,"column":62}},"32":{"start":{"line":83,"column":2},"end":{"line":95,"column":3}},"33":{"start":{"line":84,"column":19},"end":{"line":84,"column":55}},"34":{"start":{"line":85,"column":4},"end":{"line":87,"column":5}},"35":{"start":{"line":86,"column":6},"end":{"line":86,"column":67}},"36":{"start":{"line":88,"column":18},"end":{"line":88,"column":39}},"37":{"start":{"line":89,"column":4},"end":{"line":91,"column":75}},"38":{"start":{"line":93,"column":4},"end":{"line":93,"column":21}},"39":{"start":{"line":94,"column":4},"end":{"line":94,"column":62}},"40":{"start":{"line":99,"column":2},"end":{"line":110,"column":3}},"41":{"start":{"line":100,"column":20},"end":{"line":100,"column":39}},"42":{"start":{"line":101,"column":4},"end":{"line":103,"column":5}},"43":{"start":{"line":102,"column":6},"end":{"line":102,"column":68}},"44":{"start":{"line":104,"column":4},"end":{"line":106,"column":68}},"45":{"start":{"line":106,"column":46},"end":{"line":106,"column":63}},"46":{"start":{"line":108,"column":4},"end":{"line":108,"column":23}},"47":{"start":{"line":109,"column":4},"end":{"line":109,"column":62}},"48":{"start":{"line":113,"column":26},"end":{"line":117,"column":1}},"49":{"start":{"line":119,"column":0},"end":{"line":119,"column":35}}},"fnMap":{"0":{"name":"generateToken","decl":{"start":{"line":5,"column":9},"end":{"line":5,"column":22}},"loc":{"start":{"line":5,"column":31},"end":{"line":11,"column":1}},"line":5},"1":{"name":"createPlayer","decl":{"start":{"line":20,"column":15},"end":{"line":20,"column":27}},"loc":{"start":{"line":20,"column":38},"end":{"line":80,"column":1}},"line":20},"2":{"name":"getPlayer","decl":{"start":{"line":82,"column":15},"end":{"line":82,"column":24}},"loc":{"start":{"line":82,"column":35},"end":{"line":96,"column":1}},"line":82},"3":{"name":"getAllPlayers","decl":{"start":{"line":98,"column":15},"end":{"line":98,"column":28}},"loc":{"start":{"line":98,"column":39},"end":{"line":111,"column":1}},"line":98},"4":{"name":"(anonymous_4)","decl":{"start":{"line":106,"column":36},"end":{"line":106,"column":37}},"loc":{"start":{"line":106,"column":46},"end":{"line":106,"column":63}},"line":106}},"branchMap":{"0":{"loc":{"start":{"line":25,"column":4},"end":{"line":27,"column":5}},"type":"if","locations":[{"start":{"line":25,"column":4},"end":{"line":27,"column":5}},{"start":{},"end":{}}],"line":25},"1":{"loc":{"start":{"line":25,"column":8},"end":{"line":25,"column":54}},"type":"binary-expr","locations":[{"start":{"line":25,"column":8},"end":{"line":25,"column":35}},{"start":{"line":25,"column":39},"end":{"line":25,"column":54}}],"line":25},"2":{"loc":{"start":{"line":31,"column":4},"end":{"line":35,"column":5}},"type":"if","locations":[{"start":{"line":31,"column":4},"end":{"line":35,"column":5}},{"start":{},"end":{}}],"line":31},"3":{"loc":{"start":{"line":37,"column":4},"end":{"line":41,"column":5}},"type":"if","locations":[{"start":{"line":37,"column":4},"end":{"line":41,"column":5}},{"start":{},"end":{}}],"line":37},"4":{"loc":{"start":{"line":43,"column":4},"end":{"line":47,"column":5}},"type":"if","locations":[{"start":{"line":43,"column":4},"end":{"line":47,"column":5}},{"start":{},"end":{}}],"line":43},"5":{"loc":{"start":{"line":51,"column":4},"end":{"line":62,"column":5}},"type":"if","locations":[{"start":{"line":51,"column":4},"end":{"line":62,"column":5}},{"start":{},"end":{}}],"line":51},"6":{"loc":{"start":{"line":51,"column":8},"end":{"line":51,"column":45}},"type":"binary-expr","locations":[{"start":{"line":51,"column":8},"end":{"line":51,"column":27}},{"start":{"line":51,"column":31},"end":{"line":51,"column":45}}],"line":51},"7":{"loc":{"start":{"line":52,"column":6},"end":{"line":61,"column":7}},"type":"if","locations":[{"start":{"line":52,"column":6},"end":{"line":61,"column":7}},{"start":{},"end":{}}],"line":52},"8":{"loc":{"start":{"line":53,"column":8},"end":{"line":56,"column":25}},"type":"binary-expr","locations":[{"start":{"line":53,"column":8},"end":{"line":53,"column":33}},{"start":{"line":54,"column":8},"end":{"line":54,"column":32}},{"start":{"line":55,"column":8},"end":{"line":55,"column":25}},{"start":{"line":56,"column":8},"end":{"line":56,"column":25}}],"line":53},"9":{"loc":{"start":{"line":65,"column":4},"end":{"line":69,"column":5}},"type":"if","locations":[{"start":{"line":65,"column":4},"end":{"line":69,"column":5}},{"start":{},"end":{}}],"line":65},"10":{"loc":{"start":{"line":85,"column":4},"end":{"line":87,"column":5}},"type":"if","locations":[{"start":{"line":85,"column":4},"end":{"line":87,"column":5}},{"start":{},"end":{}}],"line":85},"11":{"loc":{"start":{"line":101,"column":4},"end":{"line":103,"column":5}},"type":"if","locations":[{"start":{"line":101,"column":4},"end":{"line":103,"column":5}},{"start":{},"end":{}}],"line":101}},"s":{"0":2,"1":2,"2":2,"3":7,"4":2,"5":2,"6":2,"7":2,"8":15,"9":15,"10":15,"11":15,"12":2,"13":13,"14":13,"15":1,"16":12,"17":0,"18":12,"19":1,"20":11,"21":7,"22":4,"23":7,"24":7,"25":1,"26":6,"27":6,"28":6,"29":6,"30":0,"31":0,"32":1,"33":1,"34":1,"35":0,"36":1,"37":1,"38":0,"39":0,"40":2,"41":2,"42":2,"43":1,"44":1,"45":4,"46":0,"47":0,"48":2,"49":2},"f":{"0":7,"1":15,"2":1,"3":2,"4":4},"b":{"0":[2,13],"1":[15,15],"2":[1,12],"3":[0,12],"4":[1,11],"5":[7,4],"6":[11,7],"7":[4,3],"8":[7,6,5,4],"9":[1,6],"10":[0,1],"11":[1,1]},"_coverageSchema":"1a1c01bbd47fc00a2c39e90264f33305004495a9","hash":"842fbe09b76be4c7b3281d6ef8d042594010c4af"}
,"/Users/chardi/Documents/Projects/javascript/LooBreak/api/controllers/quiz.js": {"path":"/Users/chardi/Documents/Projects/javascript/LooBreak/api/controllers/quiz.js","statementMap":{"0":{"start":{"line":1,"column":13},"end":{"line":1,"column":38}},"1":{"start":{"line":4,"column":15},"end":{"line":4,"column":32}},"2":{"start":{"line":5,"column":2},"end":{"line":5,"column":39}},"3":{"start":{"line":8,"column":23},"end":{"line":10,"column":1}},"4":{"start":{"line":12,"column":0},"end":{"line":12,"column":32}}},"fnMap":{"0":{"name":"getQuiz","decl":{"start":{"line":3,"column":15},"end":{"line":3,"column":22}},"loc":{"start":{"line":3,"column":33},"end":{"line":6,"column":1}},"line":3}},"branchMap":{},"s":{"0":2,"1":1,"2":1,"3":2,"4":2},"f":{"0":1},"b":{},"_coverageSchema":"1a1c01bbd47fc00a2c39e90264f33305004495a9","hash":"add6af92d95363e9388e960f3b671ca99840ae6b"}
,"/Users/chardi/Documents/Projects/javascript/LooBreak/api/db/db.js": {"path":"/Users/chardi/Documents/Projects/javascript/LooBreak/api/db/db.js","statementMap":{"0":{"start":{"line":1,"column":17},"end":{"line":1,"column":36}},"1":{"start":{"line":4,"column":21},"end":{"line":4,"column":44}},"2":{"start":{"line":6,"column":2},"end":{"line":11,"column":3}},"3":{"start":{"line":7,"column":4},"end":{"line":9,"column":6}},"4":{"start":{"line":10,"column":4},"end":{"line":10,"column":53}},"5":{"start":{"line":13,"column":2},"end":{"line":18,"column":5}},"6":{"start":{"line":20,"column":2},"end":{"line":22,"column":3}},"7":{"start":{"line":21,"column":4},"end":{"line":21,"column":53}},"8":{"start":{"line":25,"column":0},"end":{"line":25,"column":39}}},"fnMap":{"0":{"name":"connectToDatabase","decl":{"start":{"line":3,"column":15},"end":{"line":3,"column":32}},"loc":{"start":{"line":3,"column":35},"end":{"line":23,"column":1}},"line":3}},"branchMap":{"0":{"loc":{"start":{"line":6,"column":2},"end":{"line":11,"column":3}},"type":"if","locations":[{"start":{"line":6,"column":2},"end":{"line":11,"column":3}},{"start":{},"end":{}}],"line":6},"1":{"loc":{"start":{"line":20,"column":2},"end":{"line":22,"column":3}},"type":"if","locations":[{"start":{"line":20,"column":2},"end":{"line":22,"column":3}},{"start":{},"end":{}}],"line":20}},"s":{"0":4,"1":4,"2":4,"3":0,"4":0,"5":4,"6":4,"7":0,"8":4},"f":{"0":4},"b":{"0":[0,4],"1":[0,4]},"_coverageSchema":"1a1c01bbd47fc00a2c39e90264f33305004495a9","hash":"53f836d310a1274a41ece877b5c0661cdf55c068"}
,"/Users/chardi/Documents/Projects/javascript/LooBreak/api/jobs/startDailyJobs.js": {"path":"/Users/chardi/Documents/Projects/javascript/LooBreak/api/jobs/startDailyJobs.js","statementMap":{"0":{"start":{"line":1,"column":13},"end":{"line":1,"column":33}},"1":{"start":{"line":2,"column":15},"end":{"line":2,"column":42}},"2":{"start":{"line":3,"column":31},"end":{"line":3,"column":70}},"3":{"start":{"line":6,"column":4},"end":{"line":6,"column":50}},"4":{"start":{"line":9,"column":2},"end":{"line":9,"column":61}},"5":{"start":{"line":13,"column":2},"end":{"line":18,"column":4}},"6":{"start":{"line":14,"column":11},"end":{"line":14,"column":58}},"7":{"start":{"line":16,"column":6},"end":{"line":16,"column":67}},"8":{"start":{"line":20,"column":2},"end":{"line":43,"column":4}},"9":{"start":{"line":23,"column":22},"end":{"line":27,"column":8}},"10":{"start":{"line":29,"column":6},"end":{"line":38,"column":9}},"11":{"start":{"line":30,"column":24},"end":{"line":34,"column":12}},"12":{"start":{"line":35,"column":8},"end":{"line":37,"column":9}},"13":{"start":{"line":36,"column":10},"end":{"line":36,"column":69}},"14":{"start":{"line":40,"column":6},"end":{"line":40,"column":42}},"15":{"start":{"line":46,"column":0},"end":{"line":46,"column":52}}},"fnMap":{"0":{"name":"resetAllTokens","decl":{"start":{"line":8,"column":15},"end":{"line":8,"column":29}},"loc":{"start":{"line":8,"column":32},"end":{"line":10,"column":1}},"line":8},"1":{"name":"startDailyJobs","decl":{"start":{"line":12,"column":9},"end":{"line":12,"column":23}},"loc":{"start":{"line":12,"column":26},"end":{"line":44,"column":1}},"line":12},"2":{"name":"(anonymous_2)","decl":{"start":{"line":14,"column":4},"end":{"line":14,"column":5}},"loc":{"start":{"line":14,"column":11},"end":{"line":14,"column":58}},"line":14},"3":{"name":"(anonymous_3)","decl":{"start":{"line":15,"column":35},"end":{"line":15,"column":36}},"loc":{"start":{"line":16,"column":6},"end":{"line":16,"column":67}},"line":16},"4":{"name":"(anonymous_4)","decl":{"start":{"line":22,"column":4},"end":{"line":22,"column":5}},"loc":{"start":{"line":22,"column":16},"end":{"line":41,"column":5}},"line":22},"5":{"name":"(anonymous_5)","decl":{"start":{"line":29,"column":22},"end":{"line":29,"column":23}},"loc":{"start":{"line":29,"column":37},"end":{"line":38,"column":7}},"line":29}},"branchMap":{"0":{"loc":{"start":{"line":35,"column":8},"end":{"line":37,"column":9}},"type":"if","locations":[{"start":{"line":35,"column":8},"end":{"line":37,"column":9}},{"start":{},"end":{}}],"line":35}},"s":{"0":1,"1":1,"2":1,"3":1,"4":5,"5":4,"6":0,"7":0,"8":4,"9":3,"10":3,"11":9,"12":9,"13":2,"14":3,"15":1},"f":{"0":5,"1":4,"2":0,"3":0,"4":3,"5":9},"b":{"0":[2,7]},"_coverageSchema":"1a1c01bbd47fc00a2c39e90264f33305004495a9","hash":"7677c19db6f9d76a5a0fee55b435e6ca6d040526"}
,"/Users/chardi/Documents/Projects/javascript/LooBreak/api/middleware/tokenChecker.js": {"path":"/Users/chardi/Documents/Projects/javascript/LooBreak/api/middleware/tokenChecker.js","statementMap":{"0":{"start":{"line":1,"column":12},"end":{"line":1,"column":35}},"1":{"start":{"line":2,"column":15},"end":{"line":2,"column":42}},"2":{"start":{"line":5,"column":21},"end":{"line":5,"column":46}},"3":{"start":{"line":6,"column":16},"end":{"line":6,"column":41}},"4":{"start":{"line":7,"column":2},"end":{"line":7,"column":76}},"5":{"start":{"line":7,"column":14},"end":{"line":7,"column":76}},"6":{"start":{"line":9,"column":2},"end":{"line":27,"column":3}},"7":{"start":{"line":10,"column":20},"end":{"line":10,"column":61}},"8":{"start":{"line":11,"column":19},"end":{"line":11,"column":53}},"9":{"start":{"line":13,"column":4},"end":{"line":15,"column":5}},"10":{"start":{"line":14,"column":6},"end":{"line":14,"column":67}},"11":{"start":{"line":17,"column":4},"end":{"line":21,"column":5}},"12":{"start":{"line":18,"column":6},"end":{"line":20,"column":74}},"13":{"start":{"line":23,"column":4},"end":{"line":23,"column":31}},"14":{"start":{"line":24,"column":4},"end":{"line":24,"column":11}},"15":{"start":{"line":26,"column":4},"end":{"line":26,"column":62}},"16":{"start":{"line":30,"column":0},"end":{"line":32,"column":2}}},"fnMap":{"0":{"name":"tokenChecker","decl":{"start":{"line":4,"column":15},"end":{"line":4,"column":27}},"loc":{"start":{"line":4,"column":44},"end":{"line":28,"column":1}},"line":4}},"branchMap":{"0":{"loc":{"start":{"line":7,"column":2},"end":{"line":7,"column":76}},"type":"if","locations":[{"start":{"line":7,"column":2},"end":{"line":7,"column":76}},{"start":{},"end":{}}],"line":7},"1":{"loc":{"start":{"line":13,"column":4},"end":{"line":15,"column":5}},"type":"if","locations":[{"start":{"line":13,"column":4},"end":{"line":15,"column":5}},{"start":{},"end":{}}],"line":13},"2":{"loc":{"start":{"line":17,"column":4},"end":{"line":21,"column":5}},"type":"if","locations":[{"start":{"line":17,"column":4},"end":{"line":21,"column":5}},{"start":{},"end":{}}],"line":17}},"s":{"0":3,"1":3,"2":7,"3":7,"4":7,"5":2,"6":5,"7":5,"8":4,"9":4,"10":1,"11":3,"12":1,"13":2,"14":2,"15":1,"16":3},"f":{"0":7},"b":{"0":[2,5],"1":[1,3],"2":[1,2]},"_coverageSchema":"1a1c01bbd47fc00a2c39e90264f33305004495a9","hash":"c6d6ebab6a82847ecc1dd62cc23bd927b328c6c6"}
,"/Users/chardi/Documents/Projects/javascript/LooBreak/api/models/icebreaker.js": {"path":"/Users/chardi/Documents/Projects/javascript/LooBreak/api/models/icebreaker.js","statementMap":{"0":{"start":{"line":1,"column":17},"end":{"line":1,"column":36}},"1":{"start":{"line":5,"column":25},"end":{"line":10,"column":2}},"2":{"start":{"line":14,"column":19},"end":{"line":14,"column":65}},"3":{"start":{"line":16,"column":0},"end":{"line":16,"column":28}}},"fnMap":{},"branchMap":{},"s":{"0":4,"1":4,"2":4,"3":4},"f":{},"b":{},"_coverageSchema":"1a1c01bbd47fc00a2c39e90264f33305004495a9","hash":"2c9aaa0e27eeb369d4b26a3f83e0ba50a515d823"}
,"/Users/chardi/Documents/Projects/javascript/LooBreak/api/models/lootips.js": {"path":"/Users/chardi/Documents/Projects/javascript/LooBreak/api/models/lootips.js","statementMap":{"0":{"start":{"line":1,"column":17},"end":{"line":1,"column":36}},"1":{"start":{"line":5,"column":21},"end":{"line":7,"column":2}},"2":{"start":{"line":11,"column":15},"end":{"line":11,"column":53}},"3":{"start":{"line":13,"column":0},"end":{"line":13,"column":24}}},"fnMap":{},"branchMap":{},"s":{"0":2,"1":2,"2":2,"3":2},"f":{},"b":{},"_coverageSchema":"1a1c01bbd47fc00a2c39e90264f33305004495a9","hash":"4b3ca2bfc26dd849c6787fc770fcf03fe596853c"}
,"/Users/chardi/Documents/Projects/javascript/LooBreak/api/models/player.js": {"path":"/Users/chardi/Documents/Projects/javascript/LooBreak/api/models/player.js","statementMap":{"0":{"start":{"line":1,"column":17},"end":{"line":1,"column":36}},"1":{"start":{"line":3,"column":21},"end":{"line":7,"column":2}},"2":{"start":{"line":9,"column":15},"end":{"line":9,"column":53}},"3":{"start":{"line":11,"column":0},"end":{"line":11,"column":24}}},"fnMap":{},"branchMap":{},"s":{"0":5,"1":5,"2":5,"3":5},"f":{},"b":{},"_coverageSchema":"1a1c01bbd47fc00a2c39e90264f33305004495a9","hash":"b33efcade81e23ea80ba8e055a49878df36ad3d4"}
,"/Users/chardi/Documents/Projects/javascript/LooBreak/api/models/quiz.js": {"path":"/Users/chardi/Documents/Projects/javascript/LooBreak/api/models/quiz.js","statementMap":{"0":{"start":{"line":1,"column":17},"end":{"line":1,"column":36}},"1":{"start":{"line":5,"column":19},"end":{"line":9,"column":2}},"2":{"start":{"line":13,"column":13},"end":{"line":13,"column":47}},"3":{"start":{"line":15,"column":0},"end":{"line":15,"column":22}}},"fnMap":{},"branchMap":{},"s":{"0":4,"1":4,"2":4,"3":4},"f":{},"b":{},"_coverageSchema":"1a1c01bbd47fc00a2c39e90264f33305004495a9","hash":"c364ceb0e020ecf9a88fff6ae65df49d73321a21"}
,"/Users/chardi/Documents/Projects/javascript/LooBreak/api/routes/icebreaker.js": {"path":"/Users/chardi/Documents/Projects/javascript/LooBreak/api/routes/icebreaker.js","statementMap":{"0":{"start":{"line":1,"column":16},"end":{"line":1,"column":34}},"1":{"start":{"line":2,"column":15},"end":{"line":2,"column":31}},"2":{"start":{"line":4,"column":29},"end":{"line":4,"column":65}},"3":{"start":{"line":6,"column":0},"end":{"line":6,"column":67}},"4":{"start":{"line":7,"column":0},"end":{"line":7,"column":64}},"5":{"start":{"line":9,"column":0},"end":{"line":9,"column":24}}},"fnMap":{},"branchMap":{},"s":{"0":2,"1":2,"2":2,"3":2,"4":2,"5":2},"f":{},"b":{},"_coverageSchema":"1a1c01bbd47fc00a2c39e90264f33305004495a9","hash":"773792fa9a594292f3dc19baf79f1824c41cfd6a"}
,"/Users/chardi/Documents/Projects/javascript/LooBreak/api/routes/lootips.js": {"path":"/Users/chardi/Documents/Projects/javascript/LooBreak/api/routes/lootips.js","statementMap":{"0":{"start":{"line":1,"column":16},"end":{"line":1,"column":34}},"1":{"start":{"line":2,"column":15},"end":{"line":2,"column":31}},"2":{"start":{"line":4,"column":25},"end":{"line":4,"column":58}},"3":{"start":{"line":6,"column":0},"end":{"line":6,"column":53}},"4":{"start":{"line":8,"column":0},"end":{"line":8,"column":24}}},"fnMap":{},"branchMap":{},"s":{"0":2,"1":2,"2":2,"3":2,"4":2},"f":{},"b":{},"_coverageSchema":"1a1c01bbd47fc00a2c39e90264f33305004495a9","hash":"ef8b39107e246168c1fa6f554e4801d18a54f0f0"}
,"/Users/chardi/Documents/Projects/javascript/LooBreak/api/routes/players.js": {"path":"/Users/chardi/Documents/Projects/javascript/LooBreak/api/routes/players.js","statementMap":{"0":{"start":{"line":1,"column":16},"end":{"line":1,"column":34}},"1":{"start":{"line":2,"column":26},"end":{"line":2,"column":59}},"2":{"start":{"line":3,"column":15},"end":{"line":3,"column":31}},"3":{"start":{"line":4,"column":25},"end":{"line":4,"column":62}},"4":{"start":{"line":6,"column":0},"end":{"line":6,"column":49}},"5":{"start":{"line":7,"column":0},"end":{"line":7,"column":49}},"6":{"start":{"line":8,"column":0},"end":{"line":8,"column":61}},"7":{"start":{"line":10,"column":0},"end":{"line":10,"column":24}}},"fnMap":{},"branchMap":{},"s":{"0":2,"1":2,"2":2,"3":2,"4":2,"5":2,"6":2,"7":2},"f":{},"b":{},"_coverageSchema":"1a1c01bbd47fc00a2c39e90264f33305004495a9","hash":"8c8c88fb87a3ed4568224d15a6445c7b84bbaf01"}
,"/Users/chardi/Documents/Projects/javascript/LooBreak/api/routes/quiz.js": {"path":"/Users/chardi/Documents/Projects/javascript/LooBreak/api/routes/quiz.js","statementMap":{"0":{"start":{"line":1,"column":16},"end":{"line":1,"column":34}},"1":{"start":{"line":2,"column":15},"end":{"line":2,"column":31}},"2":{"start":{"line":4,"column":23},"end":{"line":4,"column":53}},"3":{"start":{"line":6,"column":0},"end":{"line":6,"column":40}},"4":{"start":{"line":8,"column":0},"end":{"line":8,"column":24}}},"fnMap":{},"branchMap":{},"s":{"0":2,"1":2,"2":2,"3":2,"4":2},"f":{},"b":{},"_coverageSchema":"1a1c01bbd47fc00a2c39e90264f33305004495a9","hash":"fd728f9659c30c72e68e490b65fec80b76c78e99"}
,"/Users/chardi/Documents/Projects/javascript/LooBreak/api/services/dailyLeaderboardService.js": {"path":"/Users/chardi/Documents/Projects/javascript/LooBreak/api/services/dailyLeaderboardService.js","statementMap":{"0":{"start":{"line":1,"column":15},"end":{"line":1,"column":42}},"1":{"start":{"line":5,"column":2},"end":{"line":5,"column":30}},"2":{"start":{"line":8,"column":0},"end":{"line":8,"column":44}}},"fnMap":{"0":{"name":"resetTodaysLeaderboard","decl":{"start":{"line":3,"column":15},"end":{"line":3,"column":37}},"loc":{"start":{"line":3,"column":40},"end":{"line":6,"column":1}},"line":3}},"branchMap":{},"s":{"0":1,"1":3,"2":1},"f":{"0":3},"b":{},"_coverageSchema":"1a1c01bbd47fc00a2c39e90264f33305004495a9","hash":"28d9e15775786c1553e096bec1d4943a9d8fb51c"}
,"/Users/chardi/Documents/Projects/javascript/LooBreak/api/services/dailyQuizService.js": {"path":"/Users/chardi/Documents/Projects/javascript/LooBreak/api/services/dailyQuizService.js","statementMap":{"0":{"start":{"line":1,"column":13},"end":{"line":1,"column":38}},"1":{"start":{"line":2,"column":47},"end":{"line":2,"column":75}},"2":{"start":{"line":9,"column":15},"end":{"line":9,"column":57}},"3":{"start":{"line":12,"column":15},"end":{"line":12,"column":17}},"4":{"start":{"line":13,"column":2},"end":{"line":20,"column":3}},"5":{"start":{"line":13,"column":15},"end":{"line":13,"column":16}},"6":{"start":{"line":14,"column":14},"end":{"line":14,"column":29}},"7":{"start":{"line":15,"column":4},"end":{"line":19,"column":7}},"8":{"start":{"line":23,"column":2},"end":{"line":23,"column":28}},"9":{"start":{"line":24,"column":2},"end":{"line":24,"column":30}},"10":{"start":{"line":27,"column":0},"end":{"line":27,"column":40}}},"fnMap":{"0":{"name":"populateTodaysQuiz","decl":{"start":{"line":4,"column":15},"end":{"line":4,"column":33}},"loc":{"start":{"line":4,"column":36},"end":{"line":25,"column":1}},"line":4}},"branchMap":{},"s":{"0":1,"1":1,"2":5,"3":3,"4":3,"5":3,"6":6,"7":6,"8":3,"9":3,"10":1},"f":{"0":5},"b":{},"_coverageSchema":"1a1c01bbd47fc00a2c39e90264f33305004495a9","hash":"ef26f55f2e859eb2fbc874ddf3cc5b3d137c51a7"}
,"/Users/chardi/Documents/Projects/javascript/LooBreak/api/services/externalQuizApi.js": {"path":"/Users/chardi/Documents/Projects/javascript/LooBreak/api/services/externalQuizApi.js","statementMap":{"0":{"start":{"line":2,"column":14},"end":{"line":4,"column":3}},"1":{"start":{"line":5,"column":2},"end":{"line":5,"column":65}},"2":{"start":{"line":5,"column":15},"end":{"line":5,"column":65}},"3":{"start":{"line":6,"column":2},"end":{"line":6,"column":20}},"4":{"start":{"line":14,"column":27},"end":{"line":14,"column":54}},"5":{"start":{"line":17,"column":2},"end":{"line":19,"column":3}},"6":{"start":{"line":18,"column":4},"end":{"line":18,"column":17}},"7":{"start":{"line":23,"column":22},"end":{"line":23,"column":47}},"8":{"start":{"line":25,"column":2},"end":{"line":31,"column":3}},"9":{"start":{"line":26,"column":24},"end":{"line":26,"column":52}},"10":{"start":{"line":27,"column":4},"end":{"line":29,"column":5}},"11":{"start":{"line":28,"column":6},"end":{"line":28,"column":18}},"12":{"start":{"line":30,"column":4},"end":{"line":30,"column":29}},"13":{"start":{"line":34,"column":2},"end":{"line":34,"column":15}},"14":{"start":{"line":40,"column":18},"end":{"line":40,"column":31}},"15":{"start":{"line":41,"column":2},"end":{"line":41,"column":41}},"16":{"start":{"line":41,"column":31},"end":{"line":41,"column":41}},"17":{"start":{"line":42,"column":2},"end":{"line":42,"column":54}},"18":{"start":{"line":47,"column":22},"end":{"line":47,"column":26}},"19":{"start":{"line":50,"column":2},"end":{"line":50,"column":59}},"20":{"start":{"line":50,"column":34},"end":{"line":50,"column":57}},"21":{"start":{"line":65,"column":2},"end":{"line":84,"column":3}},"22":{"start":{"line":65,"column":21},"end":{"line":65,"column":22}},"23":{"start":{"line":68,"column":4},"end":{"line":70,"column":5}},"24":{"start":{"line":69,"column":6},"end":{"line":69,"column":27}},"25":{"start":{"line":72,"column":4},"end":{"line":83,"column":5}},"26":{"start":{"line":73,"column":19},"end":{"line":73,"column":44}},"27":{"start":{"line":74,"column":27},"end":{"line":74,"column":75}},"28":{"start":{"line":76,"column":6},"end":{"line":78,"column":7}},"29":{"start":{"line":77,"column":8},"end":{"line":77,"column":20}},"30":{"start":{"line":80,"column":6},"end":{"line":80,"column":68}},"31":{"start":{"line":82,"column":6},"end":{"line":82,"column":22}},"32":{"start":{"line":86,"column":2},"end":{"line":88,"column":4}},"33":{"start":{"line":91,"column":0},"end":{"line":96,"column":2}}},"fnMap":{"0":{"name":"fetchExternalQuiz","decl":{"start":{"line":1,"column":15},"end":{"line":1,"column":32}},"loc":{"start":{"line":1,"column":35},"end":{"line":7,"column":1}},"line":1},"1":{"name":"hasDuplicateIncorrectAnswers","decl":{"start":{"line":13,"column":9},"end":{"line":13,"column":37}},"loc":{"start":{"line":13,"column":48},"end":{"line":35,"column":1}},"line":13},"2":{"name":"findQuestionsWithDuplicateIncorrectAnswers","decl":{"start":{"line":39,"column":9},"end":{"line":39,"column":51}},"loc":{"start":{"line":39,"column":58},"end":{"line":43,"column":1}},"line":39},"3":{"name":"delay","decl":{"start":{"line":49,"column":9},"end":{"line":49,"column":14}},"loc":{"start":{"line":49,"column":19},"end":{"line":51,"column":1}},"line":49},"4":{"name":"(anonymous_4)","decl":{"start":{"line":50,"column":21},"end":{"line":50,"column":22}},"loc":{"start":{"line":50,"column":34},"end":{"line":50,"column":57}},"line":50},"5":{"name":"fetchExternalQuizWithoutDuplicates","decl":{"start":{"line":59,"column":15},"end":{"line":59,"column":49}},"loc":{"start":{"line":62,"column":2},"end":{"line":89,"column":1}},"line":62}},"branchMap":{"0":{"loc":{"start":{"line":5,"column":2},"end":{"line":5,"column":65}},"type":"if","locations":[{"start":{"line":5,"column":2},"end":{"line":5,"column":65}},{"start":{},"end":{}}],"line":5},"1":{"loc":{"start":{"line":17,"column":2},"end":{"line":19,"column":3}},"type":"if","locations":[{"start":{"line":17,"column":2},"end":{"line":19,"column":3}},{"start":{},"end":{}}],"line":17},"2":{"loc":{"start":{"line":27,"column":4},"end":{"line":29,"column":5}},"type":"if","locations":[{"start":{"line":27,"column":4},"end":{"line":29,"column":5}},{"start":{},"end":{}}],"line":27},"3":{"loc":{"start":{"line":41,"column":2},"end":{"line":41,"column":41}},"type":"if","locations":[{"start":{"line":41,"column":2},"end":{"line":41,"column":41}},{"start":{},"end":{}}],"line":41},"4":{"loc":{"start":{"line":60,"column":2},"end":{"line":60,"column":17}},"type":"default-arg","locations":[{"start":{"line":60,"column":16},"end":{"line":60,"column":17}}],"line":60},"5":{"loc":{"start":{"line":61,"column":2},"end":{"line":61,"column":25}},"type":"default-arg","locations":[{"start":{"line":61,"column":12},"end":{"line":61,"column":25}}],"line":61},"6":{"loc":{"start":{"line":68,"column":4},"end":{"line":70,"column":5}},"type":"if","locations":[{"start":{"line":68,"column":4},"end":{"line":70,"column":5}},{"start":{},"end":{}}],"line":68},"7":{"loc":{"start":{"line":76,"column":6},"end":{"line":78,"column":7}},"type":"if","locations":[{"start":{"line":76,"column":6},"end":{"line":78,"column":7}},{"start":{},"end":{}}],"line":76}},"s":{"0":16,"1":13,"2":2,"3":11,"4":20,"5":20,"6":3,"7":17,"8":17,"9":41,"10":41,"11":9,"12":32,"13":8,"14":14,"15":14,"16":2,"17":12,"18":2,"19":7,"20":7,"21":7,"22":7,"23":14,"24":7,"25":14,"26":14,"27":10,"28":10,"29":5,"30":5,"31":4,"32":2,"33":2},"f":{"0":16,"1":20,"2":14,"3":7,"4":7,"5":7},"b":{"0":[2,11],"1":[3,17],"2":[9,32],"3":[2,12],"4":[1],"5":[1],"6":[7,7],"7":[5,5]},"_coverageSchema":"1a1c01bbd47fc00a2c39e90264f33305004495a9","hash":"19a218a3265d2d175c9354dd661b5dcf3b7cd100"}
,"/Users/chardi/Documents/Projects/javascript/LooBreak/api/tests/mongodb_helper.js": {"path":"/Users/chardi/Documents/Projects/javascript/LooBreak/api/tests/mongodb_helper.js","statementMap":{"0":{"start":{"line":1,"column":17},"end":{"line":1,"column":36}},"1":{"start":{"line":2,"column":30},"end":{"line":2,"column":49}},"2":{"start":{"line":4,"column":0},"end":{"line":6,"column":3}},"3":{"start":{"line":5,"column":2},"end":{"line":5,"column":28}},"4":{"start":{"line":8,"column":0},"end":{"line":10,"column":3}},"5":{"start":{"line":9,"column":2},"end":{"line":9,"column":40}}},"fnMap":{"0":{"name":"(anonymous_0)","decl":{"start":{"line":4,"column":10},"end":{"line":4,"column":11}},"loc":{"start":{"line":4,"column":22},"end":{"line":6,"column":1}},"line":4},"1":{"name":"(anonymous_1)","decl":{"start":{"line":8,"column":9},"end":{"line":8,"column":10}},"loc":{"start":{"line":8,"column":21},"end":{"line":10,"column":1}},"line":8}},"branchMap":{},"s":{"0":4,"1":4,"2":4,"3":4,"4":4,"5":4},"f":{"0":4,"1":4},"b":{},"_coverageSchema":"1a1c01bbd47fc00a2c39e90264f33305004495a9","hash":"7ed0a6447f0ed2a56b5fa81ec085c83cd19cbdf7"}
}
