{
  "/Users/christophercross/Desktop/MAKERS ACADEMY/Modules/JavaScript/Project3-week-12/LooBreak/api/app.js": {
    "path": "/Users/christophercross/Desktop/MAKERS ACADEMY/Modules/JavaScript/Project3-week-12/LooBreak/api/app.js",
    "statementMap": {
      "0": {
        "start": { "line": 1, "column": 16 },
        "end": { "line": 1, "column": 34 }
      },
      "1": {
        "start": { "line": 2, "column": 19 },
        "end": { "line": 2, "column": 41 }
      },
      "2": {
        "start": { "line": 3, "column": 13 },
        "end": { "line": 3, "column": 28 }
      },
      "3": {
        "start": { "line": 5, "column": 22 },
        "end": { "line": 5, "column": 49 }
      },
      "4": {
        "start": { "line": 6, "column": 19 },
        "end": { "line": 6, "column": 43 }
      },
      "5": {
        "start": { "line": 7, "column": 25 },
        "end": { "line": 7, "column": 55 }
      },
      "6": {
        "start": { "line": 8, "column": 21 },
        "end": { "line": 8, "column": 48 }
      },
      "7": {
        "start": { "line": 10, "column": 12 },
        "end": { "line": 10, "column": 21 }
      },
      "8": {
        "start": { "line": 15, "column": 0 },
        "end": { "line": 15, "column": 16 }
      },
      "9": {
        "start": { "line": 18, "column": 0 },
        "end": { "line": 18, "column": 27 }
      },
      "10": {
        "start": { "line": 21, "column": 0 },
        "end": { "line": 21, "column": 35 }
      },
      "11": {
        "start": { "line": 22, "column": 0 },
        "end": { "line": 22, "column": 29 }
      },
      "12": {
        "start": { "line": 23, "column": 0 },
        "end": { "line": 23, "column": 41 }
      },
      "13": {
        "start": { "line": 24, "column": 0 },
        "end": { "line": 24, "column": 34 }
      },
      "14": {
        "start": { "line": 27, "column": 0 },
        "end": { "line": 29, "column": 3 }
      },
      "15": {
        "start": { "line": 28, "column": 2 },
        "end": { "line": 28, "column": 56 }
      },
      "16": {
        "start": { "line": 32, "column": 0 },
        "end": { "line": 39, "column": 3 }
      },
      "17": {
        "start": { "line": 33, "column": 2 },
        "end": { "line": 33, "column": 21 }
      },
      "18": {
        "start": { "line": 34, "column": 2 },
        "end": { "line": 38, "column": 3 }
      },
      "19": {
        "start": { "line": 35, "column": 4 },
        "end": { "line": 35, "column": 38 }
      },
      "20": {
        "start": { "line": 37, "column": 4 },
        "end": { "line": 37, "column": 58 }
      },
      "21": {
        "start": { "line": 41, "column": 0 },
        "end": { "line": 41, "column": 21 }
      }
    },
    "fnMap": {
      "0": {
        "name": "(anonymous_0)",
        "decl": {
          "start": { "line": 27, "column": 8 },
          "end": { "line": 27, "column": 9 }
        },
        "loc": {
          "start": { "line": 27, "column": 23 },
          "end": { "line": 29, "column": 1 }
        },
        "line": 27
      },
      "1": {
        "name": "(anonymous_1)",
        "decl": {
          "start": { "line": 32, "column": 8 },
          "end": { "line": 32, "column": 9 }
        },
        "loc": {
          "start": { "line": 32, "column": 35 },
          "end": { "line": 39, "column": 1 }
        },
        "line": 32
      }
    },
    "branchMap": {
      "0": {
        "loc": {
          "start": { "line": 34, "column": 2 },
          "end": { "line": 38, "column": 3 }
        },
        "type": "if",
        "locations": [
          {
            "start": { "line": 34, "column": 2 },
            "end": { "line": 38, "column": 3 }
          },
          {
            "start": { "line": 36, "column": 9 },
            "end": { "line": 38, "column": 3 }
          }
        ],
        "line": 34
      }
    },
    "s": {
      "0": 4,
      "1": 4,
      "2": 4,
      "3": 4,
      "4": 4,
      "5": 4,
      "6": 4,
      "7": 4,
      "8": 4,
      "9": 4,
      "10": 4,
      "11": 4,
      "12": 4,
      "13": 4,
      "14": 4,
      "15": 0,
      "16": 4,
      "17": 0,
      "18": 0,
      "19": 0,
      "20": 0,
      "21": 4
    },
    "f": { "0": 0, "1": 0 },
    "b": { "0": [0, 0] },
    "_coverageSchema": "1a1c01bbd47fc00a2c39e90264f33305004495a9",
    "hash": "5077f99f80508498464c9d53c3bd17a4a4d89035"
  },
  "/Users/christophercross/Desktop/MAKERS ACADEMY/Modules/JavaScript/Project3-week-12/LooBreak/api/controllers/icebreaker.js": {
    "path": "/Users/christophercross/Desktop/MAKERS ACADEMY/Modules/JavaScript/Project3-week-12/LooBreak/api/controllers/icebreaker.js",
    "statementMap": {
      "0": {
        "start": { "line": 1, "column": 19 },
        "end": { "line": 1, "column": 50 }
      },
      "1": {
        "start": { "line": 4, "column": 2 },
        "end": { "line": 11, "column": 3 }
      },
      "2": {
        "start": { "line": 5, "column": 24 },
        "end": { "line": 5, "column": 49 }
      },
      "3": {
        "start": { "line": 6, "column": 4 },
        "end": { "line": 7, "column": 69 }
      },
      "4": {
        "start": { "line": 7, "column": 6 },
        "end": { "line": 7, "column": 69 }
      },
      "5": {
        "start": { "line": 8, "column": 4 },
        "end": { "line": 8, "column": 55 }
      },
      "6": {
        "start": { "line": 10, "column": 4 },
        "end": { "line": 10, "column": 67 }
      },
      "7": {
        "start": { "line": 15, "column": 2 },
        "end": { "line": 22, "column": 3 }
      },
      "8": {
        "start": { "line": 16, "column": 19 },
        "end": { "line": 16, "column": 73 }
      },
      "9": {
        "start": { "line": 17, "column": 4 },
        "end": { "line": 18, "column": 69 }
      },
      "10": {
        "start": { "line": 18, "column": 6 },
        "end": { "line": 18, "column": 69 }
      },
      "11": {
        "start": { "line": 19, "column": 4 },
        "end": { "line": 19, "column": 52 }
      },
      "12": {
        "start": { "line": 21, "column": 4 },
        "end": { "line": 21, "column": 75 }
      },
      "13": {
        "start": { "line": 26, "column": 2 },
        "end": { "line": 33, "column": 3 }
      },
      "14": {
        "start": { "line": 27, "column": 19 },
        "end": { "line": 27, "column": 73 }
      },
      "15": {
        "start": { "line": 28, "column": 4 },
        "end": { "line": 29, "column": 69 }
      },
      "16": {
        "start": { "line": 29, "column": 6 },
        "end": { "line": 29, "column": 69 }
      },
      "17": {
        "start": { "line": 30, "column": 4 },
        "end": { "line": 30, "column": 50 }
      },
      "18": {
        "start": { "line": 32, "column": 4 },
        "end": { "line": 32, "column": 74 }
      },
      "19": {
        "start": { "line": 36, "column": 29 },
        "end": { "line": 40, "column": 1 }
      },
      "20": {
        "start": { "line": 42, "column": 0 },
        "end": { "line": 42, "column": 38 }
      }
    },
    "fnMap": {
      "0": {
        "name": "getAllIcebreaker",
        "decl": {
          "start": { "line": 3, "column": 15 },
          "end": { "line": 3, "column": 31 }
        },
        "loc": {
          "start": { "line": 3, "column": 42 },
          "end": { "line": 12, "column": 1 }
        },
        "line": 3
      },
      "1": {
        "name": "getOneRandomIcebreaker",
        "decl": {
          "start": { "line": 14, "column": 15 },
          "end": { "line": 14, "column": 37 }
        },
        "loc": {
          "start": { "line": 14, "column": 48 },
          "end": { "line": 23, "column": 1 }
        },
        "line": 14
      },
      "2": {
        "name": "getRandomIcebreakers",
        "decl": {
          "start": { "line": 25, "column": 15 },
          "end": { "line": 25, "column": 35 }
        },
        "loc": {
          "start": { "line": 25, "column": 46 },
          "end": { "line": 34, "column": 1 }
        },
        "line": 25
      }
    },
    "branchMap": {
      "0": {
        "loc": {
          "start": { "line": 6, "column": 4 },
          "end": { "line": 7, "column": 69 }
        },
        "type": "if",
        "locations": [
          {
            "start": { "line": 6, "column": 4 },
            "end": { "line": 7, "column": 69 }
          },
          { "start": {}, "end": {} }
        ],
        "line": 6
      },
      "1": {
        "loc": {
          "start": { "line": 17, "column": 4 },
          "end": { "line": 18, "column": 69 }
        },
        "type": "if",
        "locations": [
          {
            "start": { "line": 17, "column": 4 },
            "end": { "line": 18, "column": 69 }
          },
          { "start": {}, "end": {} }
        ],
        "line": 17
      },
      "2": {
        "loc": {
          "start": { "line": 28, "column": 4 },
          "end": { "line": 29, "column": 69 }
        },
        "type": "if",
        "locations": [
          {
            "start": { "line": 28, "column": 4 },
            "end": { "line": 29, "column": 69 }
          },
          { "start": {}, "end": {} }
        ],
        "line": 28
      }
    },
    "s": {
      "0": 5,
      "1": 0,
      "2": 0,
      "3": 0,
      "4": 0,
      "5": 0,
      "6": 0,
      "7": 0,
      "8": 0,
      "9": 0,
      "10": 0,
      "11": 0,
      "12": 0,
      "13": 3,
      "14": 3,
      "15": 2,
      "16": 0,
      "17": 2,
      "18": 1,
      "19": 5,
      "20": 5
    },
    "f": { "0": 0, "1": 0, "2": 3 },
    "b": { "0": [0, 0], "1": [0, 0], "2": [0, 2] },
    "_coverageSchema": "1a1c01bbd47fc00a2c39e90264f33305004495a9",
    "hash": "3f9f735d319353f6544c97f81f615204fedb359b"
  },
  "/Users/christophercross/Desktop/MAKERS ACADEMY/Modules/JavaScript/Project3-week-12/LooBreak/api/controllers/lootips.js": {
    "path": "/Users/christophercross/Desktop/MAKERS ACADEMY/Modules/JavaScript/Project3-week-12/LooBreak/api/controllers/lootips.js",
    "statementMap": {
      "0": {
        "start": { "line": 1, "column": 15 },
        "end": { "line": 1, "column": 43 }
      },
      "1": {
        "start": { "line": 4, "column": 17 },
        "end": { "line": 4, "column": 38 }
      },
      "2": {
        "start": { "line": 5, "column": 2 },
        "end": { "line": 5, "column": 43 }
      },
      "3": {
        "start": { "line": 9, "column": 17 },
        "end": { "line": 9, "column": 67 }
      },
      "4": {
        "start": { "line": 10, "column": 2 },
        "end": { "line": 10, "column": 46 }
      },
      "5": {
        "start": { "line": 13, "column": 25 },
        "end": { "line": 16, "column": 1 }
      },
      "6": {
        "start": { "line": 18, "column": 0 },
        "end": { "line": 18, "column": 34 }
      }
    },
    "fnMap": {
      "0": {
        "name": "getAllLootips",
        "decl": {
          "start": { "line": 3, "column": 15 },
          "end": { "line": 3, "column": 28 }
        },
        "loc": {
          "start": { "line": 3, "column": 39 },
          "end": { "line": 6, "column": 1 }
        },
        "line": 3
      },
      "1": {
        "name": "getOneRandomLootip",
        "decl": {
          "start": { "line": 8, "column": 15 },
          "end": { "line": 8, "column": 33 }
        },
        "loc": {
          "start": { "line": 8, "column": 44 },
          "end": { "line": 11, "column": 1 }
        },
        "line": 8
      }
    },
    "branchMap": {},
    "s": { "0": 4, "1": 0, "2": 0, "3": 1, "4": 1, "5": 4, "6": 4 },
    "f": { "0": 0, "1": 1 },
    "b": {},
    "_coverageSchema": "1a1c01bbd47fc00a2c39e90264f33305004495a9",
    "hash": "62e435399c9835757f8d0fe011ff36f293205eed"
  },
  "/Users/christophercross/Desktop/MAKERS ACADEMY/Modules/JavaScript/Project3-week-12/LooBreak/api/controllers/players.js": {
    "path": "/Users/christophercross/Desktop/MAKERS ACADEMY/Modules/JavaScript/Project3-week-12/LooBreak/api/controllers/players.js",
    "statementMap": {
      "0": {
        "start": { "line": 1, "column": 10 },
        "end": { "line": 1, "column": 28 }
      },
      "1": {
        "start": { "line": 2, "column": 15 },
        "end": { "line": 2, "column": 42 }
      },
      "2": {
        "start": { "line": 3, "column": 12 },
        "end": { "line": 3, "column": 35 }
      },
      "3": {
        "start": { "line": 6, "column": 2 },
        "end": { "line": 35, "column": 3 }
      },
      "4": {
        "start": { "line": 7, "column": 23 },
        "end": { "line": 7, "column": 50 }
      },
      "5": {
        "start": { "line": 8, "column": 18 },
        "end": { "line": 8, "column": 32 }
      },
      "6": {
        "start": { "line": 10, "column": 4 },
        "end": { "line": 12, "column": 5 }
      },
      "7": {
        "start": { "line": 11, "column": 6 },
        "end": { "line": 11, "column": 73 }
      },
      "8": {
        "start": { "line": 14, "column": 27 },
        "end": { "line": 14, "column": 63 }
      },
      "9": {
        "start": { "line": 15, "column": 4 },
        "end": { "line": 21, "column": 5 }
      },
      "10": {
        "start": { "line": 16, "column": 6 },
        "end": { "line": 20, "column": 11 }
      },
      "11": {
        "start": { "line": 23, "column": 19 },
        "end": { "line": 23, "column": 52 }
      },
      "12": {
        "start": { "line": 24, "column": 24 },
        "end": { "line": 24, "column": 43 }
      },
      "13": {
        "start": { "line": 26, "column": 18 },
        "end": { "line": 30, "column": 5 }
      },
      "14": {
        "start": { "line": 31, "column": 4 },
        "end": { "line": 31, "column": 72 }
      },
      "15": {
        "start": { "line": 33, "column": 4 },
        "end": { "line": 33, "column": 23 }
      },
      "16": {
        "start": { "line": 34, "column": 4 },
        "end": { "line": 34, "column": 62 }
      },
      "17": {
        "start": { "line": 39, "column": 2 },
        "end": { "line": 50, "column": 3 }
      },
      "18": {
        "start": { "line": 40, "column": 19 },
        "end": { "line": 40, "column": 55 }
      },
      "19": {
        "start": { "line": 41, "column": 4 },
        "end": { "line": 43, "column": 5 }
      },
      "20": {
        "start": { "line": 42, "column": 6 },
        "end": { "line": 42, "column": 67 }
      },
      "21": {
        "start": { "line": 44, "column": 4 },
        "end": { "line": 46, "column": 68 }
      },
      "22": {
        "start": { "line": 48, "column": 4 },
        "end": { "line": 48, "column": 21 }
      },
      "23": {
        "start": { "line": 49, "column": 4 },
        "end": { "line": 49, "column": 62 }
      },
      "24": {
        "start": { "line": 54, "column": 2 },
        "end": { "line": 65, "column": 3 }
      },
      "25": {
        "start": { "line": 55, "column": 20 },
        "end": { "line": 55, "column": 39 }
      },
      "26": {
        "start": { "line": 56, "column": 4 },
        "end": { "line": 58, "column": 5 }
      },
      "27": {
        "start": { "line": 57, "column": 6 },
        "end": { "line": 57, "column": 68 }
      },
      "28": {
        "start": { "line": 59, "column": 4 },
        "end": { "line": 61, "column": 68 }
      },
      "29": {
        "start": { "line": 61, "column": 46 },
        "end": { "line": 61, "column": 63 }
      },
      "30": {
        "start": { "line": 63, "column": 4 },
        "end": { "line": 63, "column": 23 }
      },
      "31": {
        "start": { "line": 64, "column": 4 },
        "end": { "line": 64, "column": 62 }
      },
      "32": {
        "start": { "line": 68, "column": 26 },
        "end": { "line": 72, "column": 1 }
      },
      "33": {
        "start": { "line": 74, "column": 0 },
        "end": { "line": 74, "column": 35 }
      }
    },
    "fnMap": {
      "0": {
        "name": "createPlayer",
        "decl": {
          "start": { "line": 5, "column": 15 },
          "end": { "line": 5, "column": 27 }
        },
        "loc": {
          "start": { "line": 5, "column": 38 },
          "end": { "line": 36, "column": 1 }
        },
        "line": 5
      },
      "1": {
        "name": "getPlayer",
        "decl": {
          "start": { "line": 38, "column": 15 },
          "end": { "line": 38, "column": 24 }
        },
        "loc": {
          "start": { "line": 38, "column": 35 },
          "end": { "line": 51, "column": 1 }
        },
        "line": 38
      },
      "2": {
        "name": "getAllPlayers",
        "decl": {
          "start": { "line": 53, "column": 15 },
          "end": { "line": 53, "column": 28 }
        },
        "loc": {
          "start": { "line": 53, "column": 39 },
          "end": { "line": 66, "column": 1 }
        },
        "line": 53
      },
      "3": {
        "name": "(anonymous_3)",
        "decl": {
          "start": { "line": 61, "column": 36 },
          "end": { "line": 61, "column": 37 }
        },
        "loc": {
          "start": { "line": 61, "column": 46 },
          "end": { "line": 61, "column": 63 }
        },
        "line": 61
      }
    },
    "branchMap": {
      "0": {
        "loc": {
          "start": { "line": 10, "column": 4 },
          "end": { "line": 12, "column": 5 }
        },
        "type": "if",
        "locations": [
          {
            "start": { "line": 10, "column": 4 },
            "end": { "line": 12, "column": 5 }
          },
          { "start": {}, "end": {} }
        ],
        "line": 10
      },
      "1": {
        "loc": {
          "start": { "line": 15, "column": 4 },
          "end": { "line": 21, "column": 5 }
        },
        "type": "if",
        "locations": [
          {
            "start": { "line": 15, "column": 4 },
            "end": { "line": 21, "column": 5 }
          },
          { "start": {}, "end": {} }
        ],
        "line": 15
      },
      "2": {
        "loc": {
          "start": { "line": 41, "column": 4 },
          "end": { "line": 43, "column": 5 }
        },
        "type": "if",
        "locations": [
          {
            "start": { "line": 41, "column": 4 },
            "end": { "line": 43, "column": 5 }
          },
          { "start": {}, "end": {} }
        ],
        "line": 41
      },
      "3": {
        "loc": {
          "start": { "line": 56, "column": 4 },
          "end": { "line": 58, "column": 5 }
        },
        "type": "if",
        "locations": [
          {
            "start": { "line": 56, "column": 4 },
            "end": { "line": 58, "column": 5 }
          },
          { "start": {}, "end": {} }
        ],
        "line": 56
      }
    },
    "s": {
      "0": 4,
      "1": 4,
      "2": 4,
      "3": 6,
      "4": 6,
      "5": 6,
      "6": 6,
      "7": 2,
      "8": 4,
      "9": 4,
      "10": 1,
      "11": 3,
      "12": 3,
      "13": 3,
      "14": 3,
      "15": 0,
      "16": 0,
      "17": 1,
      "18": 1,
      "19": 1,
      "20": 0,
      "21": 1,
      "22": 0,
      "23": 0,
      "24": 2,
      "25": 2,
      "26": 2,
      "27": 1,
      "28": 1,
      "29": 3,
      "30": 0,
      "31": 0,
      "32": 4,
      "33": 4
    },
    "f": { "0": 6, "1": 1, "2": 2, "3": 3 },
    "b": { "0": [2, 4], "1": [1, 3], "2": [0, 1], "3": [1, 1] },
    "_coverageSchema": "1a1c01bbd47fc00a2c39e90264f33305004495a9",
    "hash": "8b317af4ceaccdadbd839df27e0fa00b38031a07"
  },
  "/Users/christophercross/Desktop/MAKERS ACADEMY/Modules/JavaScript/Project3-week-12/LooBreak/api/controllers/quiz.js": {
    "path": "/Users/christophercross/Desktop/MAKERS ACADEMY/Modules/JavaScript/Project3-week-12/LooBreak/api/controllers/quiz.js",
    "statementMap": {
      "0": {
        "start": { "line": 1, "column": 13 },
        "end": { "line": 1, "column": 38 }
      },
      "1": {
        "start": { "line": 4, "column": 15 },
        "end": { "line": 4, "column": 32 }
      },
      "2": {
        "start": { "line": 5, "column": 2 },
        "end": { "line": 5, "column": 39 }
      },
      "3": {
        "start": { "line": 8, "column": 23 },
        "end": { "line": 10, "column": 1 }
      },
      "4": {
        "start": { "line": 12, "column": 0 },
        "end": { "line": 12, "column": 32 }
      }
    },
    "fnMap": {
      "0": {
        "name": "getQuiz",
        "decl": {
          "start": { "line": 3, "column": 15 },
          "end": { "line": 3, "column": 22 }
        },
        "loc": {
          "start": { "line": 3, "column": 33 },
          "end": { "line": 6, "column": 1 }
        },
        "line": 3
      }
    },
    "branchMap": {},
    "s": { "0": 4, "1": 1, "2": 1, "3": 4, "4": 4 },
    "f": { "0": 1 },
    "b": {},
    "_coverageSchema": "1a1c01bbd47fc00a2c39e90264f33305004495a9",
    "hash": "ac26a2671b392141e97ae03b8234a4f14716b1b3"
  },
  "/Users/christophercross/Desktop/MAKERS ACADEMY/Modules/JavaScript/Project3-week-12/LooBreak/api/db/db.js": {
    "path": "/Users/christophercross/Desktop/MAKERS ACADEMY/Modules/JavaScript/Project3-week-12/LooBreak/api/db/db.js",
    "statementMap": {
      "0": {
        "start": { "line": 1, "column": 17 },
        "end": { "line": 1, "column": 36 }
      },
      "1": {
        "start": { "line": 4, "column": 21 },
        "end": { "line": 4, "column": 44 }
      },
      "2": {
        "start": { "line": 6, "column": 2 },
        "end": { "line": 11, "column": 3 }
      },
      "3": {
        "start": { "line": 7, "column": 4 },
        "end": { "line": 9, "column": 6 }
      },
      "4": {
        "start": { "line": 10, "column": 4 },
        "end": { "line": 10, "column": 53 }
      },
      "5": {
        "start": { "line": 13, "column": 2 },
        "end": { "line": 18, "column": 5 }
      },
      "6": {
        "start": { "line": 20, "column": 2 },
        "end": { "line": 22, "column": 3 }
      },
      "7": {
        "start": { "line": 21, "column": 4 },
        "end": { "line": 21, "column": 53 }
      },
      "8": {
        "start": { "line": 25, "column": 0 },
        "end": { "line": 25, "column": 39 }
      }
    },
    "fnMap": {
      "0": {
        "name": "connectToDatabase",
        "decl": {
          "start": { "line": 3, "column": 15 },
          "end": { "line": 3, "column": 32 }
        },
        "loc": {
          "start": { "line": 3, "column": 35 },
          "end": { "line": 23, "column": 1 }
        },
        "line": 3
      }
    },
    "branchMap": {
      "0": {
        "loc": {
          "start": { "line": 6, "column": 2 },
          "end": { "line": 11, "column": 3 }
        },
        "type": "if",
        "locations": [
          {
            "start": { "line": 6, "column": 2 },
            "end": { "line": 11, "column": 3 }
          },
          { "start": {}, "end": {} }
        ],
        "line": 6
      },
      "1": {
        "loc": {
          "start": { "line": 20, "column": 2 },
          "end": { "line": 22, "column": 3 }
        },
        "type": "if",
        "locations": [
          {
            "start": { "line": 20, "column": 2 },
            "end": { "line": 22, "column": 3 }
          },
          { "start": {}, "end": {} }
        ],
        "line": 20
      }
    },
    "s": {
      "0": 6,
      "1": 6,
      "2": 6,
      "3": 0,
      "4": 0,
      "5": 6,
      "6": 6,
      "7": 0,
      "8": 6
    },
    "f": { "0": 6 },
    "b": { "0": [0, 6], "1": [0, 6] },
    "_coverageSchema": "1a1c01bbd47fc00a2c39e90264f33305004495a9",
    "hash": "aec28c088ef2686443e98b30402d9636de1f7546"
  },
  "/Users/christophercross/Desktop/MAKERS ACADEMY/Modules/JavaScript/Project3-week-12/LooBreak/api/jobs/startDailyJobs.js": {
    "path": "/Users/christophercross/Desktop/MAKERS ACADEMY/Modules/JavaScript/Project3-week-12/LooBreak/api/jobs/startDailyJobs.js",
    "statementMap": {
      "0": {
        "start": { "line": 1, "column": 13 },
        "end": { "line": 1, "column": 33 }
      },
      "1": {
        "start": { "line": 3, "column": 31 },
        "end": { "line": 3, "column": 70 }
      },
      "2": {
        "start": { "line": 4, "column": 35 },
        "end": { "line": 4, "column": 81 }
      },
      "3": {
        "start": { "line": 11, "column": 2 },
        "end": { "line": 16, "column": 4 }
      },
      "4": {
        "start": { "line": 12, "column": 4 },
        "end": { "line": 12, "column": 51 }
      },
      "5": {
        "start": { "line": 14, "column": 6 },
        "end": { "line": 14, "column": 67 }
      },
      "6": {
        "start": { "line": 17, "column": 2 },
        "end": { "line": 33, "column": 4 }
      },
      "7": {
        "start": { "line": 20, "column": 6 },
        "end": { "line": 30, "column": 7 }
      },
      "8": {
        "start": { "line": 21, "column": 8 },
        "end": { "line": 26, "column": 11 }
      },
      "9": {
        "start": { "line": 27, "column": 8 },
        "end": { "line": 27, "column": 44 }
      },
      "10": {
        "start": { "line": 29, "column": 8 },
        "end": { "line": 29, "column": 57 }
      },
      "11": {
        "start": { "line": 35, "column": 0 },
        "end": { "line": 35, "column": 36 }
      }
    },
    "fnMap": {
      "0": {
        "name": "startDailyJobs",
        "decl": {
          "start": { "line": 10, "column": 9 },
          "end": { "line": 10, "column": 23 }
        },
        "loc": {
          "start": { "line": 10, "column": 26 },
          "end": { "line": 34, "column": 1 }
        },
        "line": 10
      },
      "1": {
        "name": "(anonymous_1)",
        "decl": {
          "start": { "line": 11, "column": 29 },
          "end": { "line": 11, "column": 30 }
        },
        "loc": {
          "start": { "line": 12, "column": 4 },
          "end": { "line": 12, "column": 51 }
        },
        "line": 12
      },
      "2": {
        "name": "(anonymous_2)",
        "decl": {
          "start": { "line": 13, "column": 33 },
          "end": { "line": 13, "column": 34 }
        },
        "loc": {
          "start": { "line": 14, "column": 6 },
          "end": { "line": 14, "column": 67 }
        },
        "line": 14
      },
      "3": {
        "name": "(anonymous_3)",
        "decl": {
          "start": { "line": 19, "column": 4 },
          "end": { "line": 19, "column": 5 }
        },
        "loc": {
          "start": { "line": 19, "column": 16 },
          "end": { "line": 31, "column": 5 }
        },
        "line": 19
      }
    },
    "branchMap": {},
    "s": {
      "0": 1,
      "1": 1,
      "2": 1,
      "3": 4,
      "4": 0,
      "5": 0,
      "6": 4,
      "7": 3,
      "8": 3,
      "9": 1,
      "10": 2,
      "11": 1
    },
    "f": { "0": 4, "1": 0, "2": 0, "3": 3 },
    "b": {},
    "_coverageSchema": "1a1c01bbd47fc00a2c39e90264f33305004495a9",
    "hash": "d5fc4d09926afd011e70423fe1d90f5cc34679d2"
  },
  "/Users/christophercross/Desktop/MAKERS ACADEMY/Modules/JavaScript/Project3-week-12/LooBreak/api/middleware/tokenChecker.js": {
    "path": "/Users/christophercross/Desktop/MAKERS ACADEMY/Modules/JavaScript/Project3-week-12/LooBreak/api/middleware/tokenChecker.js",
    "statementMap": {
      "0": {
        "start": { "line": 1, "column": 12 },
        "end": { "line": 1, "column": 35 }
      },
      "1": {
        "start": { "line": 4, "column": 21 },
        "end": { "line": 4, "column": 46 }
      },
      "2": {
        "start": { "line": 5, "column": 2 },
        "end": { "line": 6, "column": 66 }
      },
      "3": {
        "start": { "line": 6, "column": 4 },
        "end": { "line": 6, "column": 66 }
      },
      "4": {
        "start": { "line": 8, "column": 16 },
        "end": { "line": 8, "column": 40 }
      },
      "5": {
        "start": { "line": 9, "column": 2 },
        "end": { "line": 15, "column": 3 }
      },
      "6": {
        "start": { "line": 10, "column": 20 },
        "end": { "line": 10, "column": 61 }
      },
      "7": {
        "start": { "line": 11, "column": 4 },
        "end": { "line": 11, "column": 32 }
      },
      "8": {
        "start": { "line": 12, "column": 4 },
        "end": { "line": 12, "column": 11 }
      },
      "9": {
        "start": { "line": 14, "column": 4 },
        "end": { "line": 14, "column": 55 }
      },
      "10": {
        "start": { "line": 18, "column": 0 },
        "end": { "line": 20, "column": 2 }
      }
    },
    "fnMap": {
      "0": {
        "name": "tokenChecker",
        "decl": {
          "start": { "line": 3, "column": 9 },
          "end": { "line": 3, "column": 21 }
        },
        "loc": {
          "start": { "line": 3, "column": 38 },
          "end": { "line": 16, "column": 1 }
        },
        "line": 3
      }
    },
    "branchMap": {
      "0": {
        "loc": {
          "start": { "line": 5, "column": 2 },
          "end": { "line": 6, "column": 66 }
        },
        "type": "if",
        "locations": [
          {
            "start": { "line": 5, "column": 2 },
            "end": { "line": 6, "column": 66 }
          },
          { "start": {}, "end": {} }
        ],
        "line": 5
      }
    },
    "s": {
      "0": 4,
      "1": 2,
      "2": 2,
      "3": 1,
      "4": 1,
      "5": 1,
      "6": 1,
      "7": 1,
      "8": 1,
      "9": 0,
      "10": 4
    },
    "f": { "0": 2 },
    "b": { "0": [1, 1] },
    "_coverageSchema": "1a1c01bbd47fc00a2c39e90264f33305004495a9",
    "hash": "22049925de705ce02930afe43809a662c25becfc"
  },
  "/Users/christophercross/Desktop/MAKERS ACADEMY/Modules/JavaScript/Project3-week-12/LooBreak/api/models/icebreaker.js": {
    "path": "/Users/christophercross/Desktop/MAKERS ACADEMY/Modules/JavaScript/Project3-week-12/LooBreak/api/models/icebreaker.js",
    "statementMap": {
      "0": {
        "start": { "line": 1, "column": 17 },
        "end": { "line": 1, "column": 36 }
      },
      "1": {
        "start": { "line": 5, "column": 25 },
        "end": { "line": 10, "column": 2 }
      },
      "2": {
        "start": { "line": 14, "column": 19 },
        "end": { "line": 14, "column": 65 }
      },
      "3": {
        "start": { "line": 16, "column": 0 },
        "end": { "line": 16, "column": 28 }
      }
    },
    "fnMap": {},
    "branchMap": {},
    "s": { "0": 6, "1": 6, "2": 6, "3": 6 },
    "f": {},
    "b": {},
    "_coverageSchema": "1a1c01bbd47fc00a2c39e90264f33305004495a9",
    "hash": "a43dbde1f8c1b084132697dc7f9cf2f8da4e4903"
  },
  "/Users/christophercross/Desktop/MAKERS ACADEMY/Modules/JavaScript/Project3-week-12/LooBreak/api/models/lootips.js": {
    "path": "/Users/christophercross/Desktop/MAKERS ACADEMY/Modules/JavaScript/Project3-week-12/LooBreak/api/models/lootips.js",
    "statementMap": {
      "0": {
        "start": { "line": 1, "column": 17 },
        "end": { "line": 1, "column": 36 }
      },
      "1": {
        "start": { "line": 5, "column": 21 },
        "end": { "line": 7, "column": 2 }
      },
      "2": {
        "start": { "line": 11, "column": 15 },
        "end": { "line": 11, "column": 53 }
      },
      "3": {
        "start": { "line": 13, "column": 0 },
        "end": { "line": 13, "column": 24 }
      }
    },
    "fnMap": {},
    "branchMap": {},
    "s": { "0": 4, "1": 4, "2": 4, "3": 4 },
    "f": {},
    "b": {},
    "_coverageSchema": "1a1c01bbd47fc00a2c39e90264f33305004495a9",
    "hash": "395040cfd2573cc85c923a3b25a4249bfa3a042b"
  },
  "/Users/christophercross/Desktop/MAKERS ACADEMY/Modules/JavaScript/Project3-week-12/LooBreak/api/models/player.js": {
    "path": "/Users/christophercross/Desktop/MAKERS ACADEMY/Modules/JavaScript/Project3-week-12/LooBreak/api/models/player.js",
    "statementMap": {
      "0": {
        "start": { "line": 1, "column": 17 },
        "end": { "line": 1, "column": 36 }
      },
      "1": {
        "start": { "line": 3, "column": 21 },
        "end": { "line": 6, "column": 2 }
      },
      "2": {
        "start": { "line": 8, "column": 15 },
        "end": { "line": 8, "column": 53 }
      },
      "3": {
        "start": { "line": 10, "column": 0 },
        "end": { "line": 10, "column": 24 }
      }
    },
    "fnMap": {},
    "branchMap": {},
    "s": { "0": 6, "1": 6, "2": 6, "3": 6 },
    "f": {},
    "b": {},
    "_coverageSchema": "1a1c01bbd47fc00a2c39e90264f33305004495a9",
    "hash": "ccb95e4c8d023d20255fbaec6a53481e3f03fb29"
  },
  "/Users/christophercross/Desktop/MAKERS ACADEMY/Modules/JavaScript/Project3-week-12/LooBreak/api/models/quiz.js": {
    "path": "/Users/christophercross/Desktop/MAKERS ACADEMY/Modules/JavaScript/Project3-week-12/LooBreak/api/models/quiz.js",
    "statementMap": {
      "0": {
        "start": { "line": 1, "column": 17 },
        "end": { "line": 1, "column": 36 }
      },
      "1": {
        "start": { "line": 5, "column": 19 },
        "end": { "line": 9, "column": 2 }
      },
      "2": {
        "start": { "line": 13, "column": 13 },
        "end": { "line": 13, "column": 47 }
      },
      "3": {
        "start": { "line": 15, "column": 0 },
        "end": { "line": 15, "column": 22 }
      }
    },
    "fnMap": {},
    "branchMap": {},
    "s": { "0": 6, "1": 6, "2": 6, "3": 6 },
    "f": {},
    "b": {},
    "_coverageSchema": "1a1c01bbd47fc00a2c39e90264f33305004495a9",
    "hash": "570d62839cbc32ae15b461c02385e231c4f56177"
  },
  "/Users/christophercross/Desktop/MAKERS ACADEMY/Modules/JavaScript/Project3-week-12/LooBreak/api/routes/icebreaker.js": {
    "path": "/Users/christophercross/Desktop/MAKERS ACADEMY/Modules/JavaScript/Project3-week-12/LooBreak/api/routes/icebreaker.js",
    "statementMap": {
      "0": {
        "start": { "line": 1, "column": 16 },
        "end": { "line": 1, "column": 34 }
      },
      "1": {
        "start": { "line": 2, "column": 15 },
        "end": { "line": 2, "column": 31 }
      },
      "2": {
        "start": { "line": 4, "column": 29 },
        "end": { "line": 4, "column": 65 }
      },
      "3": {
        "start": { "line": 6, "column": 0 },
        "end": { "line": 6, "column": 67 }
      },
      "4": {
        "start": { "line": 7, "column": 0 },
        "end": { "line": 7, "column": 64 }
      },
      "5": {
        "start": { "line": 9, "column": 0 },
        "end": { "line": 9, "column": 24 }
      }
    },
    "fnMap": {},
    "branchMap": {},
    "s": { "0": 4, "1": 4, "2": 4, "3": 4, "4": 4, "5": 4 },
    "f": {},
    "b": {},
    "_coverageSchema": "1a1c01bbd47fc00a2c39e90264f33305004495a9",
    "hash": "14e8698ac2d2fec796f2f102556d2385e82ff529"
  },
  "/Users/christophercross/Desktop/MAKERS ACADEMY/Modules/JavaScript/Project3-week-12/LooBreak/api/routes/lootips.js": {
    "path": "/Users/christophercross/Desktop/MAKERS ACADEMY/Modules/JavaScript/Project3-week-12/LooBreak/api/routes/lootips.js",
    "statementMap": {
      "0": {
        "start": { "line": 1, "column": 16 },
        "end": { "line": 1, "column": 34 }
      },
      "1": {
        "start": { "line": 2, "column": 15 },
        "end": { "line": 2, "column": 31 }
      },
      "2": {
        "start": { "line": 4, "column": 25 },
        "end": { "line": 4, "column": 58 }
      },
      "3": {
        "start": { "line": 6, "column": 0 },
        "end": { "line": 6, "column": 53 }
      },
      "4": {
        "start": { "line": 8, "column": 0 },
        "end": { "line": 8, "column": 24 }
      }
    },
    "fnMap": {},
    "branchMap": {},
    "s": { "0": 4, "1": 4, "2": 4, "3": 4, "4": 4 },
    "f": {},
    "b": {},
    "_coverageSchema": "1a1c01bbd47fc00a2c39e90264f33305004495a9",
    "hash": "4c3a90931a01587776a40bf5e863b4172bc735a2"
  },
  "/Users/christophercross/Desktop/MAKERS ACADEMY/Modules/JavaScript/Project3-week-12/LooBreak/api/routes/players.js": {
    "path": "/Users/christophercross/Desktop/MAKERS ACADEMY/Modules/JavaScript/Project3-week-12/LooBreak/api/routes/players.js",
    "statementMap": {
      "0": {
        "start": { "line": 1, "column": 16 },
        "end": { "line": 1, "column": 34 }
      },
      "1": {
        "start": { "line": 2, "column": 26 },
        "end": { "line": 2, "column": 59 }
      },
      "2": {
        "start": { "line": 3, "column": 15 },
        "end": { "line": 3, "column": 31 }
      },
      "3": {
        "start": { "line": 4, "column": 25 },
        "end": { "line": 4, "column": 62 }
      },
      "4": {
        "start": { "line": 6, "column": 0 },
        "end": { "line": 6, "column": 49 }
      },
      "5": {
        "start": { "line": 7, "column": 0 },
        "end": { "line": 7, "column": 49 }
      },
      "6": {
        "start": { "line": 8, "column": 0 },
        "end": { "line": 8, "column": 61 }
      },
      "7": {
        "start": { "line": 10, "column": 0 },
        "end": { "line": 10, "column": 24 }
      }
    },
    "fnMap": {},
    "branchMap": {},
    "s": { "0": 4, "1": 4, "2": 4, "3": 4, "4": 4, "5": 4, "6": 4, "7": 4 },
    "f": {},
    "b": {},
    "_coverageSchema": "1a1c01bbd47fc00a2c39e90264f33305004495a9",
    "hash": "60455b3cdc1d36d4886b5fe86f75e4bc36641749"
  },
  "/Users/christophercross/Desktop/MAKERS ACADEMY/Modules/JavaScript/Project3-week-12/LooBreak/api/routes/quiz.js": {
    "path": "/Users/christophercross/Desktop/MAKERS ACADEMY/Modules/JavaScript/Project3-week-12/LooBreak/api/routes/quiz.js",
    "statementMap": {
      "0": {
        "start": { "line": 1, "column": 16 },
        "end": { "line": 1, "column": 34 }
      },
      "1": {
        "start": { "line": 2, "column": 15 },
        "end": { "line": 2, "column": 31 }
      },
      "2": {
        "start": { "line": 4, "column": 23 },
        "end": { "line": 4, "column": 53 }
      },
      "3": {
        "start": { "line": 6, "column": 0 },
        "end": { "line": 6, "column": 40 }
      },
      "4": {
        "start": { "line": 8, "column": 0 },
        "end": { "line": 8, "column": 24 }
      }
    },
    "fnMap": {},
    "branchMap": {},
    "s": { "0": 4, "1": 4, "2": 4, "3": 4, "4": 4 },
    "f": {},
    "b": {},
    "_coverageSchema": "1a1c01bbd47fc00a2c39e90264f33305004495a9",
    "hash": "b3d846313228cb101c51a1fd46dfc4df07537390"
  },
  "/Users/christophercross/Desktop/MAKERS ACADEMY/Modules/JavaScript/Project3-week-12/LooBreak/api/services/dailyLeaderboardService.js": {
    "path": "/Users/christophercross/Desktop/MAKERS ACADEMY/Modules/JavaScript/Project3-week-12/LooBreak/api/services/dailyLeaderboardService.js",
    "statementMap": {
      "0": {
        "start": { "line": 1, "column": 15 },
        "end": { "line": 1, "column": 42 }
      },
      "1": {
        "start": { "line": 5, "column": 2 },
        "end": { "line": 5, "column": 30 }
      },
      "2": {
        "start": { "line": 8, "column": 0 },
        "end": { "line": 8, "column": 44 }
      }
    },
    "fnMap": {
      "0": {
        "name": "resetTodaysLeaderboard",
        "decl": {
          "start": { "line": 3, "column": 15 },
          "end": { "line": 3, "column": 37 }
        },
        "loc": {
          "start": { "line": 3, "column": 40 },
          "end": { "line": 6, "column": 1 }
        },
        "line": 3
      }
    },
    "branchMap": {},
    "s": { "0": 1, "1": 3, "2": 1 },
    "f": { "0": 3 },
    "b": {},
    "_coverageSchema": "1a1c01bbd47fc00a2c39e90264f33305004495a9",
    "hash": "3142e158b39364a74bd055c158370b98a7604e37"
  },
  "/Users/christophercross/Desktop/MAKERS ACADEMY/Modules/JavaScript/Project3-week-12/LooBreak/api/services/dailyQuizService.js": {
    "path": "/Users/christophercross/Desktop/MAKERS ACADEMY/Modules/JavaScript/Project3-week-12/LooBreak/api/services/dailyQuizService.js",
    "statementMap": {
      "0": {
        "start": { "line": 1, "column": 13 },
        "end": { "line": 1, "column": 38 }
      },
      "1": {
        "start": { "line": 2, "column": 47 },
        "end": { "line": 2, "column": 75 }
      },
      "2": {
        "start": { "line": 9, "column": 15 },
        "end": { "line": 9, "column": 57 }
      },
      "3": {
        "start": { "line": 12, "column": 15 },
        "end": { "line": 12, "column": 17 }
      },
      "4": {
        "start": { "line": 13, "column": 2 },
        "end": { "line": 20, "column": 3 }
      },
      "5": {
        "start": { "line": 13, "column": 15 },
        "end": { "line": 13, "column": 16 }
      },
      "6": {
        "start": { "line": 14, "column": 14 },
        "end": { "line": 14, "column": 29 }
      },
      "7": {
        "start": { "line": 15, "column": 4 },
        "end": { "line": 19, "column": 7 }
      },
      "8": {
        "start": { "line": 23, "column": 2 },
        "end": { "line": 23, "column": 28 }
      },
      "9": {
        "start": { "line": 24, "column": 2 },
        "end": { "line": 24, "column": 30 }
      },
      "10": {
        "start": { "line": 27, "column": 0 },
        "end": { "line": 27, "column": 40 }
      }
    },
    "fnMap": {
      "0": {
        "name": "populateTodaysQuiz",
        "decl": {
          "start": { "line": 4, "column": 15 },
          "end": { "line": 4, "column": 33 }
        },
        "loc": {
          "start": { "line": 4, "column": 36 },
          "end": { "line": 25, "column": 1 }
        },
        "line": 4
      }
    },
    "branchMap": {},
    "s": {
      "0": 1,
      "1": 1,
      "2": 5,
      "3": 3,
      "4": 3,
      "5": 3,
      "6": 6,
      "7": 6,
      "8": 3,
      "9": 3,
      "10": 1
    },
    "f": { "0": 5 },
    "b": {},
    "_coverageSchema": "1a1c01bbd47fc00a2c39e90264f33305004495a9",
    "hash": "c8e23e97356a661f1fd1818d58270acdc9425f1f"
  },
  "/Users/christophercross/Desktop/MAKERS ACADEMY/Modules/JavaScript/Project3-week-12/LooBreak/api/services/externalQuizApi.js": {
    "path": "/Users/christophercross/Desktop/MAKERS ACADEMY/Modules/JavaScript/Project3-week-12/LooBreak/api/services/externalQuizApi.js",
    "statementMap": {
      "0": {
        "start": { "line": 2, "column": 14 },
        "end": { "line": 4, "column": 3 }
      },
      "1": {
        "start": { "line": 5, "column": 2 },
        "end": { "line": 5, "column": 65 }
      },
      "2": {
        "start": { "line": 5, "column": 15 },
        "end": { "line": 5, "column": 65 }
      },
      "3": {
        "start": { "line": 6, "column": 2 },
        "end": { "line": 6, "column": 20 }
      },
      "4": {
        "start": { "line": 14, "column": 27 },
        "end": { "line": 14, "column": 54 }
      },
      "5": {
        "start": { "line": 17, "column": 2 },
        "end": { "line": 19, "column": 3 }
      },
      "6": {
        "start": { "line": 18, "column": 4 },
        "end": { "line": 18, "column": 17 }
      },
      "7": {
        "start": { "line": 23, "column": 22 },
        "end": { "line": 23, "column": 47 }
      },
      "8": {
        "start": { "line": 25, "column": 2 },
        "end": { "line": 31, "column": 3 }
      },
      "9": {
        "start": { "line": 26, "column": 24 },
        "end": { "line": 26, "column": 52 }
      },
      "10": {
        "start": { "line": 27, "column": 4 },
        "end": { "line": 29, "column": 5 }
      },
      "11": {
        "start": { "line": 28, "column": 6 },
        "end": { "line": 28, "column": 18 }
      },
      "12": {
        "start": { "line": 30, "column": 4 },
        "end": { "line": 30, "column": 29 }
      },
      "13": {
        "start": { "line": 34, "column": 2 },
        "end": { "line": 34, "column": 15 }
      },
      "14": {
        "start": { "line": 40, "column": 18 },
        "end": { "line": 40, "column": 31 }
      },
      "15": {
        "start": { "line": 41, "column": 2 },
        "end": { "line": 41, "column": 41 }
      },
      "16": {
        "start": { "line": 41, "column": 31 },
        "end": { "line": 41, "column": 41 }
      },
      "17": {
        "start": { "line": 42, "column": 2 },
        "end": { "line": 42, "column": 54 }
      },
      "18": {
        "start": { "line": 47, "column": 22 },
        "end": { "line": 47, "column": 26 }
      },
      "19": {
        "start": { "line": 50, "column": 2 },
        "end": { "line": 50, "column": 59 }
      },
      "20": {
        "start": { "line": 50, "column": 34 },
        "end": { "line": 50, "column": 57 }
      },
      "21": {
        "start": { "line": 65, "column": 2 },
        "end": { "line": 84, "column": 3 }
      },
      "22": {
        "start": { "line": 65, "column": 21 },
        "end": { "line": 65, "column": 22 }
      },
      "23": {
        "start": { "line": 68, "column": 4 },
        "end": { "line": 70, "column": 5 }
      },
      "24": {
        "start": { "line": 69, "column": 6 },
        "end": { "line": 69, "column": 27 }
      },
      "25": {
        "start": { "line": 72, "column": 4 },
        "end": { "line": 83, "column": 5 }
      },
      "26": {
        "start": { "line": 73, "column": 19 },
        "end": { "line": 73, "column": 44 }
      },
      "27": {
        "start": { "line": 74, "column": 27 },
        "end": { "line": 74, "column": 75 }
      },
      "28": {
        "start": { "line": 76, "column": 6 },
        "end": { "line": 78, "column": 7 }
      },
      "29": {
        "start": { "line": 77, "column": 8 },
        "end": { "line": 77, "column": 20 }
      },
      "30": {
        "start": { "line": 80, "column": 6 },
        "end": { "line": 80, "column": 68 }
      },
      "31": {
        "start": { "line": 82, "column": 6 },
        "end": { "line": 82, "column": 22 }
      },
      "32": {
        "start": { "line": 86, "column": 2 },
        "end": { "line": 88, "column": 4 }
      },
      "33": {
        "start": { "line": 91, "column": 0 },
        "end": { "line": 96, "column": 2 }
      }
    },
    "fnMap": {
      "0": {
        "name": "fetchExternalQuiz",
        "decl": {
          "start": { "line": 1, "column": 15 },
          "end": { "line": 1, "column": 32 }
        },
        "loc": {
          "start": { "line": 1, "column": 35 },
          "end": { "line": 7, "column": 1 }
        },
        "line": 1
      },
      "1": {
        "name": "hasDuplicateIncorrectAnswers",
        "decl": {
          "start": { "line": 13, "column": 9 },
          "end": { "line": 13, "column": 37 }
        },
        "loc": {
          "start": { "line": 13, "column": 48 },
          "end": { "line": 35, "column": 1 }
        },
        "line": 13
      },
      "2": {
        "name": "findQuestionsWithDuplicateIncorrectAnswers",
        "decl": {
          "start": { "line": 39, "column": 9 },
          "end": { "line": 39, "column": 51 }
        },
        "loc": {
          "start": { "line": 39, "column": 58 },
          "end": { "line": 43, "column": 1 }
        },
        "line": 39
      },
      "3": {
        "name": "delay",
        "decl": {
          "start": { "line": 49, "column": 9 },
          "end": { "line": 49, "column": 14 }
        },
        "loc": {
          "start": { "line": 49, "column": 19 },
          "end": { "line": 51, "column": 1 }
        },
        "line": 49
      },
      "4": {
        "name": "(anonymous_4)",
        "decl": {
          "start": { "line": 50, "column": 21 },
          "end": { "line": 50, "column": 22 }
        },
        "loc": {
          "start": { "line": 50, "column": 34 },
          "end": { "line": 50, "column": 57 }
        },
        "line": 50
      },
      "5": {
        "name": "fetchExternalQuizWithoutDuplicates",
        "decl": {
          "start": { "line": 59, "column": 15 },
          "end": { "line": 59, "column": 49 }
        },
        "loc": {
          "start": { "line": 62, "column": 2 },
          "end": { "line": 89, "column": 1 }
        },
        "line": 62
      }
    },
    "branchMap": {
      "0": {
        "loc": {
          "start": { "line": 5, "column": 2 },
          "end": { "line": 5, "column": 65 }
        },
        "type": "if",
        "locations": [
          {
            "start": { "line": 5, "column": 2 },
            "end": { "line": 5, "column": 65 }
          },
          { "start": {}, "end": {} }
        ],
        "line": 5
      },
      "1": {
        "loc": {
          "start": { "line": 17, "column": 2 },
          "end": { "line": 19, "column": 3 }
        },
        "type": "if",
        "locations": [
          {
            "start": { "line": 17, "column": 2 },
            "end": { "line": 19, "column": 3 }
          },
          { "start": {}, "end": {} }
        ],
        "line": 17
      },
      "2": {
        "loc": {
          "start": { "line": 27, "column": 4 },
          "end": { "line": 29, "column": 5 }
        },
        "type": "if",
        "locations": [
          {
            "start": { "line": 27, "column": 4 },
            "end": { "line": 29, "column": 5 }
          },
          { "start": {}, "end": {} }
        ],
        "line": 27
      },
      "3": {
        "loc": {
          "start": { "line": 41, "column": 2 },
          "end": { "line": 41, "column": 41 }
        },
        "type": "if",
        "locations": [
          {
            "start": { "line": 41, "column": 2 },
            "end": { "line": 41, "column": 41 }
          },
          { "start": {}, "end": {} }
        ],
        "line": 41
      },
      "4": {
        "loc": {
          "start": { "line": 60, "column": 2 },
          "end": { "line": 60, "column": 17 }
        },
        "type": "default-arg",
        "locations": [
          {
            "start": { "line": 60, "column": 16 },
            "end": { "line": 60, "column": 17 }
          }
        ],
        "line": 60
      },
      "5": {
        "loc": {
          "start": { "line": 61, "column": 2 },
          "end": { "line": 61, "column": 25 }
        },
        "type": "default-arg",
        "locations": [
          {
            "start": { "line": 61, "column": 12 },
            "end": { "line": 61, "column": 25 }
          }
        ],
        "line": 61
      },
      "6": {
        "loc": {
          "start": { "line": 68, "column": 4 },
          "end": { "line": 70, "column": 5 }
        },
        "type": "if",
        "locations": [
          {
            "start": { "line": 68, "column": 4 },
            "end": { "line": 70, "column": 5 }
          },
          { "start": {}, "end": {} }
        ],
        "line": 68
      },
      "7": {
        "loc": {
          "start": { "line": 76, "column": 6 },
          "end": { "line": 78, "column": 7 }
        },
        "type": "if",
        "locations": [
          {
            "start": { "line": 76, "column": 6 },
            "end": { "line": 78, "column": 7 }
          },
          { "start": {}, "end": {} }
        ],
        "line": 76
      }
    },
    "s": {
      "0": 17,
      "1": 14,
      "2": 2,
      "3": 12,
      "4": 20,
      "5": 20,
      "6": 3,
      "7": 17,
      "8": 17,
      "9": 41,
      "10": 41,
      "11": 9,
      "12": 32,
      "13": 8,
      "14": 14,
      "15": 14,
      "16": 2,
      "17": 12,
      "18": 3,
      "19": 7,
      "20": 7,
      "21": 7,
      "22": 7,
      "23": 14,
      "24": 7,
      "25": 14,
      "26": 14,
      "27": 10,
      "28": 10,
      "29": 5,
      "30": 5,
      "31": 4,
      "32": 2,
      "33": 3
    },
    "f": { "0": 17, "1": 20, "2": 14, "3": 7, "4": 7, "5": 7 },
    "b": {
      "0": [2, 12],
      "1": [3, 17],
      "2": [9, 32],
      "3": [2, 12],
      "4": [1],
      "5": [1],
      "6": [7, 7],
      "7": [5, 5]
    },
    "_coverageSchema": "1a1c01bbd47fc00a2c39e90264f33305004495a9",
    "hash": "6eef7f0cc4c81b8f5bdc36366d67be7cc39c9709"
  },
  "/Users/christophercross/Desktop/MAKERS ACADEMY/Modules/JavaScript/Project3-week-12/LooBreak/api/tests/mongodb_helper.js": {
    "path": "/Users/christophercross/Desktop/MAKERS ACADEMY/Modules/JavaScript/Project3-week-12/LooBreak/api/tests/mongodb_helper.js",
    "statementMap": {
      "0": {
        "start": { "line": 1, "column": 17 },
        "end": { "line": 1, "column": 36 }
      },
      "1": {
        "start": { "line": 2, "column": 30 },
        "end": { "line": 2, "column": 49 }
      },
      "2": {
        "start": { "line": 4, "column": 0 },
        "end": { "line": 6, "column": 3 }
      },
      "3": {
        "start": { "line": 5, "column": 2 },
        "end": { "line": 5, "column": 28 }
      },
      "4": {
        "start": { "line": 8, "column": 0 },
        "end": { "line": 10, "column": 3 }
      },
      "5": {
        "start": { "line": 9, "column": 2 },
        "end": { "line": 9, "column": 40 }
      }
    },
    "fnMap": {
      "0": {
        "name": "(anonymous_0)",
        "decl": {
          "start": { "line": 4, "column": 10 },
          "end": { "line": 4, "column": 11 }
        },
        "loc": {
          "start": { "line": 4, "column": 22 },
          "end": { "line": 6, "column": 1 }
        },
        "line": 4
      },
      "1": {
        "name": "(anonymous_1)",
        "decl": {
          "start": { "line": 8, "column": 9 },
          "end": { "line": 8, "column": 10 }
        },
        "loc": {
          "start": { "line": 8, "column": 21 },
          "end": { "line": 10, "column": 1 }
        },
        "line": 8
      }
    },
    "branchMap": {},
    "s": { "0": 4, "1": 4, "2": 4, "3": 4, "4": 4, "5": 4 },
    "f": { "0": 4, "1": 4 },
    "b": {},
    "_coverageSchema": "1a1c01bbd47fc00a2c39e90264f33305004495a9",
    "hash": "fdb77e804f934c49b1e0b5bacfc4f48a26c8f0ac"
  }
}
