TN:
SF:app.js
FN:27,(anonymous_0)
FN:32,(anonymous_1)
FNF:2
FNH:0
FNDA:0,(anonymous_0)
FNDA:0,(anonymous_1)
DA:1,4
DA:2,4
DA:3,4
DA:5,4
DA:6,4
DA:7,4
DA:8,4
DA:10,4
DA:15,4
DA:18,4
DA:21,4
DA:22,4
DA:23,4
DA:24,4
DA:27,4
DA:28,0
DA:32,4
DA:33,0
DA:34,0
DA:35,0
DA:37,0
DA:41,4
LF:22
LH:17
BRDA:34,0,0,0
BRDA:34,0,1,0
BRF:2
BRH:0
end_of_record
TN:
SF:controllers/icebreaker.js
FN:3,getAllIcebreaker
FN:14,getOneRandomIcebreaker
FN:25,getRandomIcebreakers
FNF:3
FNH:1
FNDA:0,getAllIcebreaker
FNDA:0,getOneRandomIcebreaker
FNDA:3,getRandomIcebreakers
DA:1,5
DA:4,0
DA:5,0
DA:6,0
DA:7,0
DA:8,0
DA:10,0
DA:15,0
DA:16,0
DA:17,0
DA:18,0
DA:19,0
DA:21,0
DA:26,3
DA:27,3
DA:28,2
DA:29,0
DA:30,2
DA:32,1
DA:36,5
DA:42,5
LF:21
LH:8
BRDA:6,0,0,0
BRDA:6,0,1,0
BRDA:17,1,0,0
BRDA:17,1,1,0
BRDA:28,2,0,0
BRDA:28,2,1,2
BRF:6
BRH:1
end_of_record
TN:
SF:controllers/lootips.js
FN:3,getAllLootips
FN:8,getOneRandomLootip
FNF:2
FNH:1
FNDA:0,getAllLootips
FNDA:1,getOneRandomLootip
DA:1,4
DA:4,0
DA:5,0
DA:9,1
DA:10,1
DA:13,4
DA:18,4
LF:7
LH:5
BRF:0
BRH:0
end_of_record
TN:
SF:controllers/players.js
FN:5,createPlayer
FN:38,getPlayer
FN:53,getAllPlayers
FN:61,(anonymous_3)
FNF:4
FNH:4
FNDA:6,createPlayer
FNDA:1,getPlayer
FNDA:2,getAllPlayers
FNDA:3,(anonymous_3)
DA:1,4
DA:2,4
DA:3,4
DA:6,6
DA:7,6
DA:8,6
DA:10,6
DA:11,2
DA:14,4
DA:15,4
DA:16,1
DA:23,3
DA:24,3
DA:26,3
DA:31,3
DA:33,0
DA:34,0
DA:39,1
DA:40,1
DA:41,1
DA:42,0
DA:44,1
DA:48,0
DA:49,0
DA:54,2
DA:55,2
DA:56,2
DA:57,1
DA:59,1
DA:61,3
DA:63,0
DA:64,0
DA:68,4
DA:74,4
LF:34
LH:27
BRDA:10,0,0,2
BRDA:10,0,1,4
BRDA:15,1,0,1
BRDA:15,1,1,3
BRDA:41,2,0,0
BRDA:41,2,1,1
BRDA:56,3,0,1
BRDA:56,3,1,1
BRF:8
BRH:7
end_of_record
TN:
SF:controllers/quiz.js
FN:3,getQuiz
FNF:1
FNH:1
FNDA:1,getQuiz
DA:1,4
DA:4,1
DA:5,1
DA:8,4
DA:12,4
LF:5
LH:5
BRF:0
BRH:0
end_of_record
TN:
SF:db/db.js
FN:3,connectToDatabase
FNF:1
FNH:1
FNDA:6,connectToDatabase
DA:1,6
DA:4,6
DA:6,6
DA:7,0
DA:10,0
DA:13,6
DA:20,6
DA:21,0
DA:25,6
LF:9
LH:6
BRDA:6,0,0,0
BRDA:6,0,1,6
BRDA:20,1,0,0
BRDA:20,1,1,6
BRF:4
BRH:2
end_of_record
TN:
SF:jobs/startDailyJobs.js
FN:10,startDailyJobs
FN:11,(anonymous_1)
FN:13,(anonymous_2)
FN:19,(anonymous_3)
FNF:4
FNH:2
FNDA:4,startDailyJobs
FNDA:0,(anonymous_1)
FNDA:0,(anonymous_2)
FNDA:3,(anonymous_3)
DA:1,1
DA:3,1
DA:4,1
DA:11,4
DA:12,0
DA:14,0
DA:17,4
DA:20,3
DA:21,3
DA:27,1
DA:29,2
DA:35,1
LF:12
LH:10
BRF:0
BRH:0
end_of_record
TN:
SF:middleware/tokenChecker.js
FN:3,tokenChecker
FNF:1
FNH:1
FNDA:2,tokenChecker
DA:1,4
DA:4,2
DA:5,2
DA:6,1
DA:8,1
DA:9,1
DA:10,1
DA:11,1
DA:12,1
DA:14,0
DA:18,4
LF:11
LH:10
BRDA:5,0,0,1
BRDA:5,0,1,1
BRF:2
BRH:2
end_of_record
TN:
SF:models/icebreaker.js
FNF:0
FNH:0
DA:1,6
DA:5,6
DA:14,6
DA:16,6
LF:4
LH:4
BRF:0
BRH:0
end_of_record
TN:
SF:models/lootips.js
FNF:0
FNH:0
DA:1,4
DA:5,4
DA:11,4
DA:13,4
LF:4
LH:4
BRF:0
BRH:0
end_of_record
TN:
SF:models/player.js
FNF:0
FNH:0
DA:1,6
DA:3,6
DA:8,6
DA:10,6
LF:4
LH:4
BRF:0
BRH:0
end_of_record
TN:
SF:models/quiz.js
FNF:0
FNH:0
DA:1,6
DA:5,6
DA:13,6
DA:15,6
LF:4
LH:4
BRF:0
BRH:0
end_of_record
TN:
SF:routes/icebreaker.js
FNF:0
FNH:0
DA:1,4
DA:2,4
DA:4,4
DA:6,4
DA:7,4
DA:9,4
LF:6
LH:6
BRF:0
BRH:0
end_of_record
TN:
SF:routes/lootips.js
FNF:0
FNH:0
DA:1,4
DA:2,4
DA:4,4
DA:6,4
DA:8,4
LF:5
LH:5
BRF:0
BRH:0
end_of_record
TN:
SF:routes/players.js
FNF:0
FNH:0
DA:1,4
DA:2,4
DA:3,4
DA:4,4
DA:6,4
DA:7,4
DA:8,4
DA:10,4
LF:8
LH:8
BRF:0
BRH:0
end_of_record
TN:
SF:routes/quiz.js
FNF:0
FNH:0
DA:1,4
DA:2,4
DA:4,4
DA:6,4
DA:8,4
LF:5
LH:5
BRF:0
BRH:0
end_of_record
TN:
SF:services/dailyLeaderboardService.js
FN:3,resetTodaysLeaderboard
FNF:1
FNH:1
FNDA:3,resetTodaysLeaderboard
DA:1,1
DA:5,3
DA:8,1
LF:3
LH:3
BRF:0
BRH:0
end_of_record
TN:
SF:services/dailyQuizService.js
FN:4,populateTodaysQuiz
FNF:1
FNH:1
FNDA:5,populateTodaysQuiz
DA:1,1
DA:2,1
DA:9,5
DA:12,3
DA:13,3
DA:14,6
DA:15,6
DA:23,3
DA:24,3
DA:27,1
LF:10
LH:10
BRF:0
BRH:0
end_of_record
TN:
SF:services/externalQuizApi.js
FN:1,fetchExternalQuiz
FN:13,hasDuplicateIncorrectAnswers
FN:39,findQuestionsWithDuplicateIncorrectAnswers
FN:49,delay
FN:50,(anonymous_4)
FN:59,fetchExternalQuizWithoutDuplicates
FNF:6
FNH:6
FNDA:17,fetchExternalQuiz
FNDA:20,hasDuplicateIncorrectAnswers
FNDA:14,findQuestionsWithDuplicateIncorrectAnswers
FNDA:7,delay
FNDA:7,(anonymous_4)
FNDA:7,fetchExternalQuizWithoutDuplicates
DA:2,17
DA:5,14
DA:6,12
DA:14,20
DA:17,20
DA:18,3
DA:23,17
DA:25,17
DA:26,41
DA:27,41
DA:28,9
DA:30,32
DA:34,8
DA:40,14
DA:41,14
DA:42,12
DA:47,3
DA:50,7
DA:65,7
DA:68,14
DA:69,7
DA:72,14
DA:73,14
DA:74,10
DA:76,10
DA:77,5
DA:80,5
DA:82,4
DA:86,2
DA:91,3
LF:30
LH:30
BRDA:5,0,0,2
BRDA:5,0,1,12
BRDA:17,1,0,3
BRDA:17,1,1,17
BRDA:27,2,0,9
BRDA:27,2,1,32
BRDA:41,3,0,2
BRDA:41,3,1,12
BRDA:60,4,0,1
BRDA:61,5,0,1
BRDA:68,6,0,7
BRDA:68,6,1,7
BRDA:76,7,0,5
BRDA:76,7,1,5
BRF:14
BRH:14
end_of_record
TN:
SF:tests/mongodb_helper.js
FN:4,(anonymous_0)
FN:8,(anonymous_1)
FNF:2
FNH:2
FNDA:4,(anonymous_0)
FNDA:4,(anonymous_1)
DA:1,4
DA:2,4
DA:4,4
DA:5,4
DA:8,4
DA:9,4
LF:6
LH:6
BRF:0
BRH:0
end_of_record
