TN:
SF:app.js
FN:27,(anonymous_0)
FN:32,(anonymous_1)
FNF:2
FNH:0
FNDA:0,(anonymous_0)
FNDA:0,(anonymous_1)
DA:1,2
DA:2,2
DA:3,2
DA:5,2
DA:6,2
DA:7,2
DA:8,2
DA:10,2
DA:15,2
DA:18,2
DA:21,2
DA:22,2
DA:23,2
DA:24,2
DA:27,2
DA:28,0
DA:32,2
DA:33,0
DA:34,0
DA:35,0
DA:37,0
DA:41,2
LF:22
LH:17
BRDA:34,0,0,0
BRDA:34,0,1,0
BRF:2
BRH:0
end_of_record
TN:
SF:controllers/icebreaker.js
FN:3,getAllIcebreaker
FN:14,getOneRandomIcebreaker
FN:25,getRandomIcebreakers
FNF:3
FNH:1
FNDA:0,getAllIcebreaker
FNDA:0,getOneRandomIcebreaker
FNDA:2,getRandomIcebreakers
DA:1,3
DA:4,0
DA:5,0
DA:6,0
DA:7,0
DA:8,0
DA:10,0
DA:15,0
DA:16,0
DA:17,0
DA:18,0
DA:19,0
DA:21,0
DA:26,2
DA:27,2
DA:28,1
DA:29,0
DA:30,1
DA:32,1
DA:36,3
DA:42,3
LF:21
LH:8
BRDA:6,0,0,0
BRDA:6,0,1,0
BRDA:17,1,0,0
BRDA:17,1,1,0
BRDA:28,2,0,0
BRDA:28,2,1,1
BRF:6
BRH:1
end_of_record
TN:
SF:controllers/lootips.js
FN:3,getAllLootips
FN:8,getOneRandomLootip
FNF:2
FNH:0
FNDA:0,getAllLootips
FNDA:0,getOneRandomLootip
DA:1,2
DA:4,0
DA:5,0
DA:9,0
DA:10,0
DA:13,2
DA:18,2
LF:7
LH:3
BRF:0
BRH:0
end_of_record
TN:
SF:controllers/players.js
FN:5,generateToken
FN:20,createPlayer
FN:82,getPlayer
FN:98,getAllPlayers
FN:106,(anonymous_4)
FNF:5
FNH:5
FNDA:7,generateToken
FNDA:15,createPlayer
FNDA:1,getPlayer
FNDA:2,getAllPlayers
FNDA:4,(anonymous_4)
DA:1,2
DA:2,2
DA:3,2
DA:6,7
DA:15,2
DA:16,2
DA:17,2
DA:18,2
DA:21,15
DA:22,15
DA:23,15
DA:25,15
DA:26,2
DA:29,13
DA:31,13
DA:32,1
DA:37,12
DA:38,0
DA:43,12
DA:44,1
DA:51,11
DA:52,7
DA:58,4
DA:64,7
DA:65,7
DA:66,1
DA:71,6
DA:72,6
DA:74,6
DA:75,6
DA:77,0
DA:78,0
DA:83,1
DA:84,1
DA:85,1
DA:86,0
DA:88,1
DA:89,1
DA:93,0
DA:94,0
DA:99,2
DA:100,2
DA:101,2
DA:102,1
DA:104,1
DA:106,4
DA:108,0
DA:109,0
DA:113,2
DA:119,2
LF:50
LH:42
BRDA:25,0,0,2
BRDA:25,0,1,13
BRDA:25,1,0,15
BRDA:25,1,1,15
BRDA:31,2,0,1
BRDA:31,2,1,12
BRDA:37,3,0,0
BRDA:37,3,1,12
BRDA:43,4,0,1
BRDA:43,4,1,11
BRDA:51,5,0,7
BRDA:51,5,1,4
BRDA:51,6,0,11
BRDA:51,6,1,7
BRDA:52,7,0,4
BRDA:52,7,1,3
BRDA:53,8,0,7
BRDA:53,8,1,6
BRDA:53,8,2,5
BRDA:53,8,3,4
BRDA:65,9,0,1
BRDA:65,9,1,6
BRDA:85,10,0,0
BRDA:85,10,1,1
BRDA:101,11,0,1
BRDA:101,11,1,1
BRF:26
BRH:24
end_of_record
TN:
SF:controllers/quiz.js
FN:3,getQuiz
FNF:1
FNH:1
FNDA:1,getQuiz
DA:1,2
DA:4,1
DA:5,1
DA:8,2
DA:12,2
LF:5
LH:5
BRF:0
BRH:0
end_of_record
TN:
SF:db/db.js
FN:3,connectToDatabase
FNF:1
FNH:1
FNDA:4,connectToDatabase
DA:1,4
DA:4,4
DA:6,4
DA:7,0
DA:10,0
DA:13,4
DA:20,4
DA:21,0
DA:25,4
LF:9
LH:6
BRDA:6,0,0,0
BRDA:6,0,1,4
BRDA:20,1,0,0
BRDA:20,1,1,4
BRF:4
BRH:2
end_of_record
TN:
SF:jobs/startDailyJobs.js
FN:8,resetAllTokens
FN:12,startDailyJobs
FN:14,(anonymous_2)
FN:15,(anonymous_3)
FN:22,(anonymous_4)
FN:29,(anonymous_5)
FNF:6
FNH:4
FNDA:5,resetAllTokens
FNDA:4,startDailyJobs
FNDA:0,(anonymous_2)
FNDA:0,(anonymous_3)
FNDA:3,(anonymous_4)
FNDA:9,(anonymous_5)
DA:1,1
DA:2,1
DA:3,1
DA:6,1
DA:9,5
DA:13,4
DA:14,0
DA:16,0
DA:20,4
DA:23,3
DA:29,3
DA:30,9
DA:35,9
DA:36,2
DA:40,3
DA:46,1
LF:16
LH:14
BRDA:35,0,0,2
BRDA:35,0,1,7
BRF:2
BRH:2
end_of_record
TN:
SF:middleware/tokenChecker.js
FN:4,tokenChecker
FNF:1
FNH:1
FNDA:7,tokenChecker
DA:1,3
DA:2,3
DA:5,7
DA:6,7
DA:7,7
DA:9,5
DA:10,5
DA:11,4
DA:13,4
DA:14,1
DA:17,3
DA:18,1
DA:23,2
DA:24,2
DA:26,1
DA:30,3
LF:16
LH:16
BRDA:7,0,0,2
BRDA:7,0,1,5
BRDA:13,1,0,1
BRDA:13,1,1,3
BRDA:17,2,0,1
BRDA:17,2,1,2
BRF:6
BRH:6
end_of_record
TN:
SF:models/icebreaker.js
FNF:0
FNH:0
DA:1,4
DA:5,4
DA:14,4
DA:16,4
LF:4
LH:4
BRF:0
BRH:0
end_of_record
TN:
SF:models/lootips.js
FNF:0
FNH:0
DA:1,2
DA:5,2
DA:11,2
DA:13,2
LF:4
LH:4
BRF:0
BRH:0
end_of_record
TN:
SF:models/player.js
FNF:0
FNH:0
DA:1,5
DA:3,5
DA:9,5
DA:11,5
LF:4
LH:4
BRF:0
BRH:0
end_of_record
TN:
SF:models/quiz.js
FNF:0
FNH:0
DA:1,4
DA:5,4
DA:13,4
DA:15,4
LF:4
LH:4
BRF:0
BRH:0
end_of_record
TN:
SF:routes/icebreaker.js
FNF:0
FNH:0
DA:1,2
DA:2,2
DA:4,2
DA:6,2
DA:7,2
DA:9,2
LF:6
LH:6
BRF:0
BRH:0
end_of_record
TN:
SF:routes/lootips.js
FNF:0
FNH:0
DA:1,2
DA:2,2
DA:4,2
DA:6,2
DA:8,2
LF:5
LH:5
BRF:0
BRH:0
end_of_record
TN:
SF:routes/players.js
FNF:0
FNH:0
DA:1,2
DA:2,2
DA:3,2
DA:4,2
DA:6,2
DA:7,2
DA:8,2
DA:10,2
LF:8
LH:8
BRF:0
BRH:0
end_of_record
TN:
SF:routes/quiz.js
FNF:0
FNH:0
DA:1,2
DA:2,2
DA:4,2
DA:6,2
DA:8,2
LF:5
LH:5
BRF:0
BRH:0
end_of_record
TN:
SF:services/dailyLeaderboardService.js
FN:3,resetTodaysLeaderboard
FNF:1
FNH:1
FNDA:3,resetTodaysLeaderboard
DA:1,1
DA:5,3
DA:8,1
LF:3
LH:3
BRF:0
BRH:0
end_of_record
TN:
SF:services/dailyQuizService.js
FN:4,populateTodaysQuiz
FNF:1
FNH:1
FNDA:5,populateTodaysQuiz
DA:1,1
DA:2,1
DA:9,5
DA:12,3
DA:13,3
DA:14,6
DA:15,6
DA:23,3
DA:24,3
DA:27,1
LF:10
LH:10
BRF:0
BRH:0
end_of_record
TN:
SF:services/externalQuizApi.js
FN:1,fetchExternalQuiz
FN:13,hasDuplicateIncorrectAnswers
FN:39,findQuestionsWithDuplicateIncorrectAnswers
FN:49,delay
FN:50,(anonymous_4)
FN:59,fetchExternalQuizWithoutDuplicates
FNF:6
FNH:6
FNDA:16,fetchExternalQuiz
FNDA:20,hasDuplicateIncorrectAnswers
FNDA:14,findQuestionsWithDuplicateIncorrectAnswers
FNDA:7,delay
FNDA:7,(anonymous_4)
FNDA:7,fetchExternalQuizWithoutDuplicates
DA:2,16
DA:5,13
DA:6,11
DA:14,20
DA:17,20
DA:18,3
DA:23,17
DA:25,17
DA:26,41
DA:27,41
DA:28,9
DA:30,32
DA:34,8
DA:40,14
DA:41,14
DA:42,12
DA:47,2
DA:50,7
DA:65,7
DA:68,14
DA:69,7
DA:72,14
DA:73,14
DA:74,10
DA:76,10
DA:77,5
DA:80,5
DA:82,4
DA:86,2
DA:91,2
LF:30
LH:30
BRDA:5,0,0,2
BRDA:5,0,1,11
BRDA:17,1,0,3
BRDA:17,1,1,17
BRDA:27,2,0,9
BRDA:27,2,1,32
BRDA:41,3,0,2
BRDA:41,3,1,12
BRDA:60,4,0,1
BRDA:61,5,0,1
BRDA:68,6,0,7
BRDA:68,6,1,7
BRDA:76,7,0,5
BRDA:76,7,1,5
BRF:14
BRH:14
end_of_record
TN:
SF:tests/mongodb_helper.js
FN:4,(anonymous_0)
FN:8,(anonymous_1)
FNF:2
FNH:2
FNDA:4,(anonymous_0)
FNDA:4,(anonymous_1)
DA:1,4
DA:2,4
DA:4,4
DA:5,4
DA:8,4
DA:9,4
LF:6
LH:6
BRF:0
BRH:0
end_of_record
